2011-08-17 07:32:42,434 INFO org.apache.hadoop.mapred.TaskTracker: STARTUP_MSG: 
/************************************************************
STARTUP_MSG: Starting TaskTracker
STARTUP_MSG:   host = nothing/172.20.10.2
STARTUP_MSG:   args = []
STARTUP_MSG:   version = 0.20.2-cdh3u1
STARTUP_MSG:   build = file:///var/lib/jenkins/workspace/CDH3u1-CentOS-Hadoop-Tarball/hadoop20/hadoop-0.20.2-cdh3u1 -r bdafb1dbffd0d5f2fbc6ee022e1c8df6500fd638; compiled by 'jenkins' on Mon Jul 18 12:08:54 PDT 2011
************************************************************/
2011-08-17 07:32:43,264 INFO org.mortbay.log: Logging to org.slf4j.impl.Log4jLoggerAdapter(org.mortbay.log) via org.mortbay.log.Slf4jLog
2011-08-17 07:32:43,323 INFO org.apache.hadoop.http.HttpServer: Added global filtersafety (class=org.apache.hadoop.http.HttpServer$QuotingInputFilter)
2011-08-17 07:32:43,345 INFO org.apache.hadoop.mapred.TaskLogsTruncater: Initializing logs' truncater with mapRetainSize=-1 and reduceRetainSize=-1
2011-08-17 07:32:43,350 INFO org.apache.hadoop.mapred.TaskTracker: Starting tasktracker with owner as madhatter
2011-08-17 07:32:43,488 WARN org.apache.hadoop.util.NativeCodeLoader: Unable to load native-hadoop library for your platform... using builtin-java classes where applicable
2011-08-17 07:32:43,585 INFO org.apache.hadoop.metrics.jvm.JvmMetrics: Initializing JVM Metrics with processName=TaskTracker, sessionId=
2011-08-17 07:32:43,611 INFO org.apache.hadoop.ipc.Server: Starting Socket Reader #1 for port 58674
2011-08-17 07:32:43,615 INFO org.apache.hadoop.ipc.metrics.RpcMetrics: Initializing RPC Metrics with hostName=TaskTracker, port=58674
2011-08-17 07:32:43,663 INFO org.apache.hadoop.ipc.metrics.RpcDetailedMetrics: Initializing RPC Metrics with hostName=TaskTracker, port=58674
2011-08-17 07:32:43,665 INFO org.apache.hadoop.ipc.Server: IPC Server Responder: starting
2011-08-17 07:32:43,665 INFO org.apache.hadoop.ipc.Server: IPC Server listener on 58674: starting
2011-08-17 07:32:43,666 INFO org.apache.hadoop.ipc.Server: IPC Server handler 0 on 58674: starting
2011-08-17 07:32:43,666 INFO org.apache.hadoop.ipc.Server: IPC Server handler 1 on 58674: starting
2011-08-17 07:32:43,666 INFO org.apache.hadoop.ipc.Server: IPC Server handler 2 on 58674: starting
2011-08-17 07:32:43,666 INFO org.apache.hadoop.ipc.Server: IPC Server handler 3 on 58674: starting
2011-08-17 07:32:43,666 INFO org.apache.hadoop.mapred.TaskTracker: TaskTracker up at: localhost/127.0.0.1:58674
2011-08-17 07:32:43,666 INFO org.apache.hadoop.mapred.TaskTracker: Starting tracker tracker_nothing:localhost/127.0.0.1:58674
2011-08-17 07:33:13,290 INFO org.apache.hadoop.mapred.TaskTracker:  Using MemoryCalculatorPlugin : null
2011-08-17 07:33:13,312 INFO org.apache.hadoop.mapred.TaskTracker: Starting thread: Map-events fetcher for all reduce tasks on tracker_nothing:localhost/127.0.0.1:58674
2011-08-17 07:33:13,312 WARN org.apache.hadoop.util.ProcessTree: setsid is not available on this machine. So not using it.
2011-08-17 07:33:13,313 INFO org.apache.hadoop.util.ProcessTree: setsid exited with exit code 0
2011-08-17 07:33:13,314 INFO org.apache.hadoop.util.ProcfsBasedProcessTree: ProcfsBasedProcessTree currently is supported only on Linux.
2011-08-17 07:33:13,314 INFO org.apache.hadoop.mapred.TaskTracker: ProcessTree implementation is missing on this system. TaskMemoryManager is disabled.
2011-08-17 07:33:13,322 INFO org.apache.hadoop.mapred.IndexCache: IndexCache created with max memory = 10485760
2011-08-17 07:33:13,368 INFO org.apache.hadoop.http.HttpServer: Port returned by webServer.getConnectors()[0].getLocalPort() before open() is -1. Opening the listener on 50060
2011-08-17 07:33:13,368 INFO org.apache.hadoop.http.HttpServer: listener.getLocalPort() returned 50060 webServer.getConnectors()[0].getLocalPort() returned 50060
2011-08-17 07:33:13,369 INFO org.apache.hadoop.http.HttpServer: Jetty bound to port 50060
2011-08-17 07:33:13,369 INFO org.mortbay.log: jetty-6.1.26
2011-08-17 07:33:13,814 INFO org.mortbay.log: Started SelectChannelConnector@0.0.0.0:50060
2011-08-17 07:33:13,816 INFO org.apache.hadoop.mapred.TaskTracker: FILE_CACHE_SIZE for mapOutputServlet set to : 2000
2011-08-17 07:33:13,824 INFO org.apache.hadoop.mapred.UserLogCleaner: Adding job_201108121808_0003 for user-log deletion with retainTimeStamp:1313645593315
2011-08-17 07:33:13,824 INFO org.apache.hadoop.mapred.UserLogCleaner: Adding job_201108121808_0005 for user-log deletion with retainTimeStamp:1313645593315
2011-08-17 07:33:13,824 INFO org.apache.hadoop.mapred.UserLogCleaner: Adding job_201108122319_0002 for user-log deletion with retainTimeStamp:1313645593315
2011-08-17 07:33:13,824 INFO org.apache.hadoop.mapred.UserLogCleaner: Adding job_201108150820_0001 for user-log deletion with retainTimeStamp:1313645593315
2011-08-17 07:33:13,824 INFO org.apache.hadoop.mapred.UserLogCleaner: Adding job_201108150837_0001 for user-log deletion with retainTimeStamp:1313645593315
2011-08-17 07:33:13,824 INFO org.apache.hadoop.mapred.UserLogCleaner: Adding job_201108150837_0003 for user-log deletion with retainTimeStamp:1313645593315
2011-08-17 07:33:13,824 INFO org.apache.hadoop.mapred.UserLogCleaner: Adding job_201108162110_0001 for user-log deletion with retainTimeStamp:1313645593315
2011-08-17 08:17:37,937 ERROR org.apache.hadoop.mapred.TaskTracker: Caught exception: java.io.IOException: Call to localhost/127.0.0.1:9001 failed on local exception: java.io.EOFException
	at org.apache.hadoop.ipc.Client.wrapException(Client.java:1142)
	at org.apache.hadoop.ipc.Client.call(Client.java:1110)
	at org.apache.hadoop.ipc.RPC$Invoker.invoke(RPC.java:226)
	at org.apache.hadoop.mapred.$Proxy4.heartbeat(Unknown Source)
	at org.apache.hadoop.mapred.TaskTracker.transmitHeartBeat(TaskTracker.java:1759)
	at org.apache.hadoop.mapred.TaskTracker.offerService(TaskTracker.java:1565)
	at org.apache.hadoop.mapred.TaskTracker.run(TaskTracker.java:2330)
	at org.apache.hadoop.mapred.TaskTracker.main(TaskTracker.java:3580)
Caused by: java.io.EOFException
	at java.io.DataInputStream.readInt(DataInputStream.java:375)
	at org.apache.hadoop.ipc.Client$Connection.receiveResponse(Client.java:815)
	at org.apache.hadoop.ipc.Client$Connection.run(Client.java:724)

2011-08-17 08:17:37,937 INFO org.apache.hadoop.mapred.TaskTracker: Resending 'status' to 'localhost' with reponseId '8833
2011-08-17 08:17:38,394 INFO org.apache.hadoop.mapred.TaskTracker: SHUTDOWN_MSG: 
/************************************************************
SHUTDOWN_MSG: Shutting down TaskTracker at nothing/172.20.10.2
************************************************************/
2011-08-17 08:20:06,915 INFO org.apache.hadoop.mapred.TaskTracker: STARTUP_MSG: 
/************************************************************
STARTUP_MSG: Starting TaskTracker
STARTUP_MSG:   host = nothing/172.20.10.2
STARTUP_MSG:   args = []
STARTUP_MSG:   version = 0.20.2-cdh3u1
STARTUP_MSG:   build = file:///var/lib/jenkins/workspace/CDH3u1-CentOS-Hadoop-Tarball/hadoop20/hadoop-0.20.2-cdh3u1 -r bdafb1dbffd0d5f2fbc6ee022e1c8df6500fd638; compiled by 'jenkins' on Mon Jul 18 12:08:54 PDT 2011
************************************************************/
2011-08-17 08:20:07,705 INFO org.mortbay.log: Logging to org.slf4j.impl.Log4jLoggerAdapter(org.mortbay.log) via org.mortbay.log.Slf4jLog
2011-08-17 08:20:07,762 INFO org.apache.hadoop.http.HttpServer: Added global filtersafety (class=org.apache.hadoop.http.HttpServer$QuotingInputFilter)
2011-08-17 08:20:07,785 INFO org.apache.hadoop.mapred.TaskLogsTruncater: Initializing logs' truncater with mapRetainSize=-1 and reduceRetainSize=-1
2011-08-17 08:20:07,789 INFO org.apache.hadoop.mapred.TaskTracker: Starting tasktracker with owner as madhatter
2011-08-17 08:20:07,876 WARN org.apache.hadoop.util.NativeCodeLoader: Unable to load native-hadoop library for your platform... using builtin-java classes where applicable
2011-08-17 08:20:07,980 INFO org.apache.hadoop.metrics.jvm.JvmMetrics: Initializing JVM Metrics with processName=TaskTracker, sessionId=
2011-08-17 08:20:08,006 INFO org.apache.hadoop.ipc.Server: Starting Socket Reader #1 for port 59125
2011-08-17 08:20:08,008 INFO org.apache.hadoop.ipc.metrics.RpcMetrics: Initializing RPC Metrics with hostName=TaskTracker, port=59125
2011-08-17 08:20:08,054 INFO org.apache.hadoop.ipc.metrics.RpcDetailedMetrics: Initializing RPC Metrics with hostName=TaskTracker, port=59125
2011-08-17 08:20:08,057 INFO org.apache.hadoop.ipc.Server: IPC Server Responder: starting
2011-08-17 08:20:08,057 INFO org.apache.hadoop.ipc.Server: IPC Server listener on 59125: starting
2011-08-17 08:20:08,058 INFO org.apache.hadoop.ipc.Server: IPC Server handler 0 on 59125: starting
2011-08-17 08:20:08,058 INFO org.apache.hadoop.ipc.Server: IPC Server handler 1 on 59125: starting
2011-08-17 08:20:08,058 INFO org.apache.hadoop.ipc.Server: IPC Server handler 2 on 59125: starting
2011-08-17 08:20:08,058 INFO org.apache.hadoop.ipc.Server: IPC Server handler 3 on 59125: starting
2011-08-17 08:20:08,058 INFO org.apache.hadoop.mapred.TaskTracker: TaskTracker up at: localhost/127.0.0.1:59125
2011-08-17 08:20:08,058 INFO org.apache.hadoop.mapred.TaskTracker: Starting tracker tracker_nothing:localhost/127.0.0.1:59125
2011-08-17 08:20:37,533 INFO org.apache.hadoop.mapred.TaskTracker:  Using MemoryCalculatorPlugin : null
2011-08-17 08:20:37,543 INFO org.apache.hadoop.mapred.TaskTracker: Starting thread: Map-events fetcher for all reduce tasks on tracker_nothing:localhost/127.0.0.1:59125
2011-08-17 08:20:37,555 WARN org.apache.hadoop.util.ProcessTree: setsid is not available on this machine. So not using it.
2011-08-17 08:20:37,555 INFO org.apache.hadoop.util.ProcessTree: setsid exited with exit code 0
2011-08-17 08:20:37,556 INFO org.apache.hadoop.util.ProcfsBasedProcessTree: ProcfsBasedProcessTree currently is supported only on Linux.
2011-08-17 08:20:37,556 INFO org.apache.hadoop.mapred.TaskTracker: ProcessTree implementation is missing on this system. TaskMemoryManager is disabled.
2011-08-17 08:20:37,560 INFO org.apache.hadoop.mapred.IndexCache: IndexCache created with max memory = 10485760
2011-08-17 08:20:37,590 INFO org.apache.hadoop.http.HttpServer: Port returned by webServer.getConnectors()[0].getLocalPort() before open() is -1. Opening the listener on 50060
2011-08-17 08:20:37,591 INFO org.apache.hadoop.http.HttpServer: listener.getLocalPort() returned 50060 webServer.getConnectors()[0].getLocalPort() returned 50060
2011-08-17 08:20:37,591 INFO org.apache.hadoop.http.HttpServer: Jetty bound to port 50060
2011-08-17 08:20:37,591 INFO org.mortbay.log: jetty-6.1.26
2011-08-17 08:20:38,150 INFO org.mortbay.log: Started SelectChannelConnector@0.0.0.0:50060
2011-08-17 08:20:38,151 INFO org.apache.hadoop.mapred.TaskTracker: FILE_CACHE_SIZE for mapOutputServlet set to : 2000
2011-08-17 08:20:38,156 INFO org.apache.hadoop.mapred.UserLogCleaner: Adding job_201108121808_0003 for user-log deletion with retainTimeStamp:1313648437556
2011-08-17 08:20:38,157 INFO org.apache.hadoop.mapred.UserLogCleaner: Adding job_201108121808_0005 for user-log deletion with retainTimeStamp:1313648437556
2011-08-17 08:20:38,157 INFO org.apache.hadoop.mapred.UserLogCleaner: Adding job_201108122319_0002 for user-log deletion with retainTimeStamp:1313648437556
2011-08-17 08:20:38,157 INFO org.apache.hadoop.mapred.UserLogCleaner: Adding job_201108150820_0001 for user-log deletion with retainTimeStamp:1313648437556
2011-08-17 08:20:38,157 INFO org.apache.hadoop.mapred.UserLogCleaner: Adding job_201108150837_0001 for user-log deletion with retainTimeStamp:1313648437556
2011-08-17 08:20:38,157 INFO org.apache.hadoop.mapred.UserLogCleaner: Adding job_201108150837_0003 for user-log deletion with retainTimeStamp:1313648437556
2011-08-17 08:20:38,157 INFO org.apache.hadoop.mapred.UserLogCleaner: Adding job_201108162110_0001 for user-log deletion with retainTimeStamp:1313648437556
2011-08-17 08:21:52,642 INFO org.apache.hadoop.mapred.TaskTracker: SHUTDOWN_MSG: 
/************************************************************
SHUTDOWN_MSG: Shutting down TaskTracker at nothing/172.20.10.2
************************************************************/
