2011-08-16 20:30:22,759 INFO org.apache.hadoop.hdfs.server.namenode.SecondaryNameNode: STARTUP_MSG: 
/************************************************************
STARTUP_MSG: Starting SecondaryNameNode
STARTUP_MSG:   host = MacBookPro.local/192.168.0.100
STARTUP_MSG:   args = []
STARTUP_MSG:   version = 0.20.2-cdh3u1
STARTUP_MSG:   build = file:///var/lib/jenkins/workspace/CDH3u1-CentOS-Hadoop-Tarball/hadoop20/hadoop-0.20.2-cdh3u1 -r bdafb1dbffd0d5f2fbc6ee022e1c8df6500fd638; compiled by 'jenkins' on Mon Jul 18 12:08:54 PDT 2011
************************************************************/
2011-08-16 20:30:23,558 INFO org.apache.hadoop.metrics.jvm.JvmMetrics: Initializing JVM Metrics with processName=SecondaryNameNode, sessionId=null
2011-08-16 20:30:23,878 INFO org.apache.hadoop.hdfs.server.namenode.SecondaryNameNode: Starting web server as: madhatter
2011-08-16 20:30:23,997 INFO org.mortbay.log: Logging to org.slf4j.impl.Log4jLoggerAdapter(org.mortbay.log) via org.mortbay.log.Slf4jLog
2011-08-16 20:30:24,066 INFO org.apache.hadoop.http.HttpServer: Added global filtersafety (class=org.apache.hadoop.http.HttpServer$QuotingInputFilter)
2011-08-16 20:30:24,070 INFO org.apache.hadoop.http.HttpServer: Port returned by webServer.getConnectors()[0].getLocalPort() before open() is -1. Opening the listener on 50090
2011-08-16 20:30:24,073 INFO org.apache.hadoop.http.HttpServer: listener.getLocalPort() returned 50090 webServer.getConnectors()[0].getLocalPort() returned 50090
2011-08-16 20:30:24,073 INFO org.apache.hadoop.http.HttpServer: Jetty bound to port 50090
2011-08-16 20:30:24,073 INFO org.mortbay.log: jetty-6.1.26
2011-08-16 20:30:24,572 INFO org.mortbay.log: Started SelectChannelConnector@0.0.0.0:50090
2011-08-16 20:30:24,573 INFO org.apache.hadoop.hdfs.server.namenode.SecondaryNameNode: Web server init done
2011-08-16 20:30:24,573 INFO org.apache.hadoop.hdfs.server.namenode.SecondaryNameNode: Secondary Web-server up at: 0.0.0.0:50090
2011-08-16 20:30:24,573 INFO org.apache.hadoop.hdfs.server.namenode.SecondaryNameNode: Secondary image servlet up at: 0.0.0.0:50090
2011-08-16 20:30:24,573 WARN org.apache.hadoop.hdfs.server.namenode.SecondaryNameNode: Checkpoint Period   :3600 secs (60 min)
2011-08-16 20:30:24,573 WARN org.apache.hadoop.hdfs.server.namenode.SecondaryNameNode: Log Size Trigger    :67108864 bytes (65536 KB)
2011-08-16 20:35:24,802 INFO org.apache.hadoop.hdfs.server.namenode.SecondaryNameNode: Downloaded file fsimage size 9319 bytes.
2011-08-16 20:35:24,804 INFO org.apache.hadoop.hdfs.server.namenode.SecondaryNameNode: Downloaded file edits size 561 bytes.
2011-08-16 20:35:24,806 INFO org.apache.hadoop.hdfs.util.GSet: VM type       = 64-bit
2011-08-16 20:35:24,806 INFO org.apache.hadoop.hdfs.util.GSet: 2% max memory = 19.9175 MB
2011-08-16 20:35:24,806 INFO org.apache.hadoop.hdfs.util.GSet: capacity      = 2^21 = 2097152 entries
2011-08-16 20:35:24,806 INFO org.apache.hadoop.hdfs.util.GSet: recommended=2097152, actual=2097152
2011-08-16 20:35:24,840 INFO org.apache.hadoop.hdfs.server.namenode.FSNamesystem: fsOwner=madhatter
2011-08-16 20:35:24,840 INFO org.apache.hadoop.hdfs.server.namenode.FSNamesystem: supergroup=supergroup
2011-08-16 20:35:24,840 INFO org.apache.hadoop.hdfs.server.namenode.FSNamesystem: isPermissionEnabled=true
2011-08-16 20:35:24,842 INFO org.apache.hadoop.hdfs.server.namenode.FSNamesystem: dfs.block.invalidate.limit=1000
2011-08-16 20:35:24,843 INFO org.apache.hadoop.hdfs.server.namenode.FSNamesystem: isAccessTokenEnabled=false accessKeyUpdateInterval=0 min(s), accessTokenLifetime=0 min(s)
2011-08-16 20:35:25,079 INFO org.apache.hadoop.hdfs.server.common.Storage: Number of files = 70
2011-08-16 20:35:25,091 INFO org.apache.hadoop.hdfs.server.common.Storage: Number of files under construction = 0
2011-08-16 20:35:25,097 INFO org.apache.hadoop.hdfs.server.common.Storage: Edits file /Users/madhatter/CDH3/hadoop-cache/dfs/namesecondary/current/edits of size 561 edits # 6 loaded in 0 seconds.
2011-08-16 20:35:25,098 INFO org.apache.hadoop.hdfs.server.namenode.FSNamesystem: Number of transactions: 0 Total time for transactions(ms): 0Number of transactions batched in Syncs: 0 Number of syncs: 0 SyncTimes(ms): 0 
2011-08-16 20:35:25,109 INFO org.apache.hadoop.hdfs.server.common.Storage: Image file of size 9319 saved in 0 seconds.
2011-08-16 20:35:25,146 INFO org.apache.hadoop.hdfs.server.common.Storage: Image file of size 9319 saved in 0 seconds.
2011-08-16 20:35:25,196 INFO org.apache.hadoop.hdfs.server.namenode.SecondaryNameNode: Posted URL localhost:50070putimage=1&port=50090&machine=192.168.0.100&token=-19:829856726:0:1313519724000:1313519420001
2011-08-16 20:35:25,298 WARN org.apache.hadoop.hdfs.server.namenode.SecondaryNameNode: Checkpoint done. New Image Size: 9319
2011-08-16 20:50:39,512 INFO org.apache.hadoop.hdfs.server.namenode.SecondaryNameNode: SHUTDOWN_MSG: 
/************************************************************
SHUTDOWN_MSG: Shutting down SecondaryNameNode at MacBookPro.local/192.168.0.100
************************************************************/
2011-08-16 21:10:17,787 INFO org.apache.hadoop.hdfs.server.namenode.SecondaryNameNode: STARTUP_MSG: 
/************************************************************
STARTUP_MSG: Starting SecondaryNameNode
STARTUP_MSG:   host = MacBookPro.local/192.168.0.100
STARTUP_MSG:   args = []
STARTUP_MSG:   version = 0.20.2-cdh3u1
STARTUP_MSG:   build = file:///var/lib/jenkins/workspace/CDH3u1-CentOS-Hadoop-Tarball/hadoop20/hadoop-0.20.2-cdh3u1 -r bdafb1dbffd0d5f2fbc6ee022e1c8df6500fd638; compiled by 'jenkins' on Mon Jul 18 12:08:54 PDT 2011
************************************************************/
2011-08-16 21:10:18,182 INFO org.apache.hadoop.metrics.jvm.JvmMetrics: Initializing JVM Metrics with processName=SecondaryNameNode, sessionId=null
2011-08-16 21:10:18,411 INFO org.apache.hadoop.hdfs.server.namenode.SecondaryNameNode: Starting web server as: madhatter
2011-08-16 21:10:18,524 INFO org.mortbay.log: Logging to org.slf4j.impl.Log4jLoggerAdapter(org.mortbay.log) via org.mortbay.log.Slf4jLog
2011-08-16 21:10:18,590 INFO org.apache.hadoop.http.HttpServer: Added global filtersafety (class=org.apache.hadoop.http.HttpServer$QuotingInputFilter)
2011-08-16 21:10:18,593 INFO org.apache.hadoop.http.HttpServer: Port returned by webServer.getConnectors()[0].getLocalPort() before open() is -1. Opening the listener on 50090
2011-08-16 21:10:18,596 INFO org.apache.hadoop.http.HttpServer: listener.getLocalPort() returned 50090 webServer.getConnectors()[0].getLocalPort() returned 50090
2011-08-16 21:10:18,597 INFO org.apache.hadoop.http.HttpServer: Jetty bound to port 50090
2011-08-16 21:10:18,597 INFO org.mortbay.log: jetty-6.1.26
2011-08-16 21:10:19,111 INFO org.mortbay.log: Started SelectChannelConnector@0.0.0.0:50090
2011-08-16 21:10:19,111 INFO org.apache.hadoop.hdfs.server.namenode.SecondaryNameNode: Web server init done
2011-08-16 21:10:19,112 INFO org.apache.hadoop.hdfs.server.namenode.SecondaryNameNode: Secondary Web-server up at: 0.0.0.0:50090
2011-08-16 21:10:19,112 INFO org.apache.hadoop.hdfs.server.namenode.SecondaryNameNode: Secondary image servlet up at: 0.0.0.0:50090
2011-08-16 21:10:19,113 WARN org.apache.hadoop.hdfs.server.namenode.SecondaryNameNode: Checkpoint Period   :3600 secs (60 min)
2011-08-16 21:10:19,113 WARN org.apache.hadoop.hdfs.server.namenode.SecondaryNameNode: Log Size Trigger    :67108864 bytes (65536 KB)
2011-08-16 21:15:19,368 INFO org.apache.hadoop.hdfs.server.namenode.SecondaryNameNode: Downloaded file fsimage size 9319 bytes.
2011-08-16 21:15:19,370 INFO org.apache.hadoop.hdfs.server.namenode.SecondaryNameNode: Downloaded file edits size 6107 bytes.
2011-08-16 21:15:19,372 INFO org.apache.hadoop.hdfs.util.GSet: VM type       = 64-bit
2011-08-16 21:15:19,372 INFO org.apache.hadoop.hdfs.util.GSet: 2% max memory = 19.9175 MB
2011-08-16 21:15:19,372 INFO org.apache.hadoop.hdfs.util.GSet: capacity      = 2^21 = 2097152 entries
2011-08-16 21:15:19,372 INFO org.apache.hadoop.hdfs.util.GSet: recommended=2097152, actual=2097152
2011-08-16 21:15:19,413 INFO org.apache.hadoop.hdfs.server.namenode.FSNamesystem: fsOwner=madhatter
2011-08-16 21:15:19,414 INFO org.apache.hadoop.hdfs.server.namenode.FSNamesystem: supergroup=supergroup
2011-08-16 21:15:19,414 INFO org.apache.hadoop.hdfs.server.namenode.FSNamesystem: isPermissionEnabled=true
2011-08-16 21:15:19,416 INFO org.apache.hadoop.hdfs.server.namenode.FSNamesystem: dfs.block.invalidate.limit=1000
2011-08-16 21:15:19,416 INFO org.apache.hadoop.hdfs.server.namenode.FSNamesystem: isAccessTokenEnabled=false accessKeyUpdateInterval=0 min(s), accessTokenLifetime=0 min(s)
2011-08-16 21:15:19,744 INFO org.apache.hadoop.hdfs.server.common.Storage: Number of files = 70
2011-08-16 21:15:19,755 INFO org.apache.hadoop.hdfs.server.common.Storage: Number of files under construction = 0
2011-08-16 21:15:19,771 INFO org.apache.hadoop.hdfs.server.common.Storage: Edits file /Users/madhatter/CDH3/hadoop-cache/dfs/namesecondary/current/edits of size 6107 edits # 53 loaded in 0 seconds.
2011-08-16 21:15:19,771 INFO org.apache.hadoop.hdfs.server.namenode.FSNamesystem: Number of transactions: 0 Total time for transactions(ms): 0Number of transactions batched in Syncs: 0 Number of syncs: 0 SyncTimes(ms): 0 
2011-08-16 21:15:19,783 INFO org.apache.hadoop.hdfs.server.common.Storage: Image file of size 10166 saved in 0 seconds.
2011-08-16 21:15:19,826 INFO org.apache.hadoop.hdfs.server.common.Storage: Image file of size 10166 saved in 0 seconds.
2011-08-16 21:15:19,841 INFO org.apache.hadoop.hdfs.server.namenode.SecondaryNameNode: Posted URL localhost:50070putimage=1&port=50090&machine=192.168.0.100&token=-19:829856726:0:1313522119000:1313521814612
2011-08-16 21:15:19,938 WARN org.apache.hadoop.hdfs.server.namenode.SecondaryNameNode: Checkpoint done. New Image Size: 10166
2011-08-16 22:12:17,286 INFO org.apache.hadoop.hdfs.server.namenode.SecondaryNameNode: SHUTDOWN_MSG: 
/************************************************************
SHUTDOWN_MSG: Shutting down SecondaryNameNode at MacBookPro.local/192.168.0.100
************************************************************/
2011-08-16 22:12:24,653 INFO org.apache.hadoop.hdfs.server.namenode.SecondaryNameNode: STARTUP_MSG: 
/************************************************************
STARTUP_MSG: Starting SecondaryNameNode
STARTUP_MSG:   host = MacBookPro.local/192.168.0.100
STARTUP_MSG:   args = []
STARTUP_MSG:   version = 0.20.2-cdh3u1
STARTUP_MSG:   build = file:///var/lib/jenkins/workspace/CDH3u1-CentOS-Hadoop-Tarball/hadoop20/hadoop-0.20.2-cdh3u1 -r bdafb1dbffd0d5f2fbc6ee022e1c8df6500fd638; compiled by 'jenkins' on Mon Jul 18 12:08:54 PDT 2011
************************************************************/
2011-08-16 22:12:25,087 INFO org.apache.hadoop.metrics.jvm.JvmMetrics: Initializing JVM Metrics with processName=SecondaryNameNode, sessionId=null
2011-08-16 22:12:25,336 INFO org.apache.hadoop.hdfs.server.namenode.SecondaryNameNode: Starting web server as: madhatter
2011-08-16 22:12:25,427 INFO org.mortbay.log: Logging to org.slf4j.impl.Log4jLoggerAdapter(org.mortbay.log) via org.mortbay.log.Slf4jLog
2011-08-16 22:12:25,506 INFO org.apache.hadoop.http.HttpServer: Added global filtersafety (class=org.apache.hadoop.http.HttpServer$QuotingInputFilter)
2011-08-16 22:12:25,510 INFO org.apache.hadoop.http.HttpServer: Port returned by webServer.getConnectors()[0].getLocalPort() before open() is -1. Opening the listener on 50090
2011-08-16 22:12:25,513 INFO org.apache.hadoop.http.HttpServer: listener.getLocalPort() returned 50090 webServer.getConnectors()[0].getLocalPort() returned 50090
2011-08-16 22:12:25,513 INFO org.apache.hadoop.http.HttpServer: Jetty bound to port 50090
2011-08-16 22:12:25,513 INFO org.mortbay.log: jetty-6.1.26
2011-08-16 22:12:25,989 INFO org.mortbay.log: Started SelectChannelConnector@0.0.0.0:50090
2011-08-16 22:12:25,990 INFO org.apache.hadoop.hdfs.server.namenode.SecondaryNameNode: Web server init done
2011-08-16 22:12:25,990 INFO org.apache.hadoop.hdfs.server.namenode.SecondaryNameNode: Secondary Web-server up at: 0.0.0.0:50090
2011-08-16 22:12:25,990 INFO org.apache.hadoop.hdfs.server.namenode.SecondaryNameNode: Secondary image servlet up at: 0.0.0.0:50090
2011-08-16 22:12:25,990 WARN org.apache.hadoop.hdfs.server.namenode.SecondaryNameNode: Checkpoint Period   :3600 secs (60 min)
2011-08-16 22:12:25,990 WARN org.apache.hadoop.hdfs.server.namenode.SecondaryNameNode: Log Size Trigger    :67108864 bytes (65536 KB)
2011-08-16 22:17:26,238 INFO org.apache.hadoop.hdfs.server.namenode.SecondaryNameNode: Downloaded file fsimage size 10258 bytes.
2011-08-16 22:17:26,240 INFO org.apache.hadoop.hdfs.server.namenode.SecondaryNameNode: Downloaded file edits size 6197 bytes.
2011-08-16 22:17:26,242 INFO org.apache.hadoop.hdfs.util.GSet: VM type       = 64-bit
2011-08-16 22:17:26,242 INFO org.apache.hadoop.hdfs.util.GSet: 2% max memory = 19.9175 MB
2011-08-16 22:17:26,242 INFO org.apache.hadoop.hdfs.util.GSet: capacity      = 2^21 = 2097152 entries
2011-08-16 22:17:26,242 INFO org.apache.hadoop.hdfs.util.GSet: recommended=2097152, actual=2097152
2011-08-16 22:17:26,281 INFO org.apache.hadoop.hdfs.server.namenode.FSNamesystem: fsOwner=madhatter
2011-08-16 22:17:26,282 INFO org.apache.hadoop.hdfs.server.namenode.FSNamesystem: supergroup=supergroup
2011-08-16 22:17:26,282 INFO org.apache.hadoop.hdfs.server.namenode.FSNamesystem: isPermissionEnabled=true
2011-08-16 22:17:26,284 INFO org.apache.hadoop.hdfs.server.namenode.FSNamesystem: dfs.block.invalidate.limit=1000
2011-08-16 22:17:26,284 INFO org.apache.hadoop.hdfs.server.namenode.FSNamesystem: isAccessTokenEnabled=false accessKeyUpdateInterval=0 min(s), accessTokenLifetime=0 min(s)
2011-08-16 22:17:26,509 INFO org.apache.hadoop.hdfs.server.common.Storage: Number of files = 78
2011-08-16 22:17:26,521 INFO org.apache.hadoop.hdfs.server.common.Storage: Number of files under construction = 0
2011-08-16 22:17:26,537 INFO org.apache.hadoop.hdfs.server.common.Storage: Edits file /Users/madhatter/CDH3/hadoop-cache/dfs/namesecondary/current/edits of size 6197 edits # 63 loaded in 0 seconds.
2011-08-16 22:17:26,537 INFO org.apache.hadoop.hdfs.server.namenode.FSNamesystem: Number of transactions: 0 Total time for transactions(ms): 0Number of transactions batched in Syncs: 0 Number of syncs: 0 SyncTimes(ms): 0 
2011-08-16 22:17:26,551 INFO org.apache.hadoop.hdfs.server.common.Storage: Image file of size 12331 saved in 0 seconds.
2011-08-16 22:17:26,601 INFO org.apache.hadoop.hdfs.server.common.Storage: Image file of size 12331 saved in 0 seconds.
2011-08-16 22:17:26,618 INFO org.apache.hadoop.hdfs.server.namenode.SecondaryNameNode: Posted URL localhost:50070putimage=1&port=50090&machine=192.168.0.100&token=-19:829856726:0:1313525845000:1313525541494
2011-08-16 22:17:26,705 WARN org.apache.hadoop.hdfs.server.namenode.SecondaryNameNode: Checkpoint done. New Image Size: 12331
2011-08-16 22:21:36,885 INFO org.apache.hadoop.hdfs.server.namenode.SecondaryNameNode: SHUTDOWN_MSG: 
/************************************************************
SHUTDOWN_MSG: Shutting down SecondaryNameNode at MacBookPro.local/192.168.0.100
************************************************************/
