2011-08-16 19:07:01,989 INFO org.apache.hadoop.mapred.JobTracker: STARTUP_MSG: 
/************************************************************
STARTUP_MSG: Starting JobTracker
STARTUP_MSG:   host = nothing/172.20.10.2
STARTUP_MSG:   args = []
STARTUP_MSG:   version = 0.20.2-cdh3u1
STARTUP_MSG:   build = file:///var/lib/jenkins/workspace/CDH3u1-CentOS-Hadoop-Tarball/hadoop20/hadoop-0.20.2-cdh3u1 -r bdafb1dbffd0d5f2fbc6ee022e1c8df6500fd638; compiled by 'jenkins' on Mon Jul 18 12:08:54 PDT 2011
************************************************************/
2011-08-16 19:07:02,620 INFO org.apache.hadoop.security.token.delegation.AbstractDelegationTokenSecretManager: Updating the current master key for generating delegation tokens
2011-08-16 19:07:02,622 INFO org.apache.hadoop.security.token.delegation.AbstractDelegationTokenSecretManager: Starting expired delegation token remover thread, tokenRemoverScanInterval=60 min(s)
2011-08-16 19:07:02,623 INFO org.apache.hadoop.security.token.delegation.AbstractDelegationTokenSecretManager: Updating the current master key for generating delegation tokens
2011-08-16 19:07:02,623 INFO org.apache.hadoop.mapred.JobTracker: Scheduler configured with (memSizeForMapSlotOnJT, memSizeForReduceSlotOnJT, limitMaxMemForMapTasks, limitMaxMemForReduceTasks) (-1, -1, -1, -1)
2011-08-16 19:07:02,625 INFO org.apache.hadoop.util.HostsFileReader: Refreshing hosts (include/exclude) list
2011-08-16 19:07:02,823 INFO org.apache.hadoop.mapred.JobTracker: Starting jobtracker with owner as madhatter
2011-08-16 19:07:02,889 INFO org.apache.hadoop.ipc.Server: Starting Socket Reader #1 for port 9001
2011-08-16 19:07:02,894 INFO org.apache.hadoop.ipc.metrics.RpcMetrics: Initializing RPC Metrics with hostName=JobTracker, port=9001
2011-08-16 19:07:02,897 INFO org.apache.hadoop.ipc.metrics.RpcDetailedMetrics: Initializing RPC Metrics with hostName=JobTracker, port=9001
2011-08-16 19:07:03,012 INFO org.mortbay.log: Logging to org.slf4j.impl.Log4jLoggerAdapter(org.mortbay.log) via org.mortbay.log.Slf4jLog
2011-08-16 19:07:03,086 INFO org.apache.hadoop.http.HttpServer: Added global filtersafety (class=org.apache.hadoop.http.HttpServer$QuotingInputFilter)
2011-08-16 19:07:03,114 INFO org.apache.hadoop.http.HttpServer: Port returned by webServer.getConnectors()[0].getLocalPort() before open() is -1. Opening the listener on 50030
2011-08-16 19:07:03,118 INFO org.apache.hadoop.http.HttpServer: listener.getLocalPort() returned 50030 webServer.getConnectors()[0].getLocalPort() returned 50030
2011-08-16 19:07:03,118 INFO org.apache.hadoop.http.HttpServer: Jetty bound to port 50030
2011-08-16 19:07:03,118 INFO org.mortbay.log: jetty-6.1.26
2011-08-16 19:07:03,749 INFO org.mortbay.log: Started SelectChannelConnector@0.0.0.0:50030
2011-08-16 19:07:03,751 INFO org.apache.hadoop.metrics.jvm.JvmMetrics: Initializing JVM Metrics with processName=JobTracker, sessionId=
2011-08-16 19:07:03,752 INFO org.apache.hadoop.mapred.JobTracker: JobTracker up at: 9001
2011-08-16 19:07:03,752 INFO org.apache.hadoop.mapred.JobTracker: JobTracker webserver: 50030
2011-08-16 19:07:04,080 INFO org.apache.hadoop.mapred.JobTracker: Cleaning up the system directory
2011-08-16 19:07:04,085 INFO org.apache.hadoop.mapred.JobTracker: problem cleaning system directory: hdfs://localhost/Users/madhatter/CDH3/hadoop-cache/mapred/system
org.apache.hadoop.ipc.RemoteException: org.apache.hadoop.hdfs.server.namenode.SafeModeException: Cannot set permission for /Users/madhatter/CDH3/hadoop-cache/mapred/system. Name node is in safe mode.
The reported blocks 39 has reached the threshold 0,9990 of total blocks 39. Safe mode will be turned off automatically in 26 seconds.
	at org.apache.hadoop.hdfs.server.namenode.FSNamesystem.setPermission(FSNamesystem.java:798)
	at org.apache.hadoop.hdfs.server.namenode.NameNode.setPermission(NameNode.java:621)
	at sun.reflect.NativeMethodAccessorImpl.invoke0(Native Method)
	at sun.reflect.NativeMethodAccessorImpl.invoke(NativeMethodAccessorImpl.java:39)
	at sun.reflect.DelegatingMethodAccessorImpl.invoke(DelegatingMethodAccessorImpl.java:25)
	at java.lang.reflect.Method.invoke(Method.java:597)
	at org.apache.hadoop.ipc.RPC$Server.call(RPC.java:557)
	at org.apache.hadoop.ipc.Server$Handler$1.run(Server.java:1434)
	at org.apache.hadoop.ipc.Server$Handler$1.run(Server.java:1430)
	at java.security.AccessController.doPrivileged(Native Method)
	at javax.security.auth.Subject.doAs(Subject.java:396)
	at org.apache.hadoop.security.UserGroupInformation.doAs(UserGroupInformation.java:1127)
	at org.apache.hadoop.ipc.Server$Handler.run(Server.java:1428)

	at org.apache.hadoop.ipc.Client.call(Client.java:1107)
	at org.apache.hadoop.ipc.RPC$Invoker.invoke(RPC.java:226)
	at $Proxy4.setPermission(Unknown Source)
	at sun.reflect.NativeMethodAccessorImpl.invoke0(Native Method)
	at sun.reflect.NativeMethodAccessorImpl.invoke(NativeMethodAccessorImpl.java:39)
	at sun.reflect.DelegatingMethodAccessorImpl.invoke(DelegatingMethodAccessorImpl.java:25)
	at java.lang.reflect.Method.invoke(Method.java:597)
	at org.apache.hadoop.io.retry.RetryInvocationHandler.invokeMethod(RetryInvocationHandler.java:82)
	at org.apache.hadoop.io.retry.RetryInvocationHandler.invoke(RetryInvocationHandler.java:59)
	at $Proxy4.setPermission(Unknown Source)
	at org.apache.hadoop.hdfs.DFSClient.setPermission(DFSClient.java:855)
	at org.apache.hadoop.hdfs.DistributedFileSystem.setPermission(DistributedFileSystem.java:560)
	at org.apache.hadoop.mapred.JobTracker.<init>(JobTracker.java:2279)
	at org.apache.hadoop.mapred.JobTracker.<init>(JobTracker.java:2046)
	at org.apache.hadoop.mapred.JobTracker.startTracker(JobTracker.java:295)
	at org.apache.hadoop.mapred.JobTracker.startTracker(JobTracker.java:287)
	at org.apache.hadoop.mapred.JobTracker.main(JobTracker.java:4770)
2011-08-16 19:07:14,098 INFO org.apache.hadoop.mapred.JobTracker: Cleaning up the system directory
2011-08-16 19:07:14,100 INFO org.apache.hadoop.mapred.JobTracker: problem cleaning system directory: hdfs://localhost/Users/madhatter/CDH3/hadoop-cache/mapred/system
org.apache.hadoop.ipc.RemoteException: org.apache.hadoop.hdfs.server.namenode.SafeModeException: Cannot set permission for /Users/madhatter/CDH3/hadoop-cache/mapred/system. Name node is in safe mode.
The reported blocks 39 has reached the threshold 0,9990 of total blocks 39. Safe mode will be turned off automatically in 16 seconds.
	at org.apache.hadoop.hdfs.server.namenode.FSNamesystem.setPermission(FSNamesystem.java:798)
	at org.apache.hadoop.hdfs.server.namenode.NameNode.setPermission(NameNode.java:621)
	at sun.reflect.NativeMethodAccessorImpl.invoke0(Native Method)
	at sun.reflect.NativeMethodAccessorImpl.invoke(NativeMethodAccessorImpl.java:39)
	at sun.reflect.DelegatingMethodAccessorImpl.invoke(DelegatingMethodAccessorImpl.java:25)
	at java.lang.reflect.Method.invoke(Method.java:597)
	at org.apache.hadoop.ipc.RPC$Server.call(RPC.java:557)
	at org.apache.hadoop.ipc.Server$Handler$1.run(Server.java:1434)
	at org.apache.hadoop.ipc.Server$Handler$1.run(Server.java:1430)
	at java.security.AccessController.doPrivileged(Native Method)
	at javax.security.auth.Subject.doAs(Subject.java:396)
	at org.apache.hadoop.security.UserGroupInformation.doAs(UserGroupInformation.java:1127)
	at org.apache.hadoop.ipc.Server$Handler.run(Server.java:1428)

	at org.apache.hadoop.ipc.Client.call(Client.java:1107)
	at org.apache.hadoop.ipc.RPC$Invoker.invoke(RPC.java:226)
	at $Proxy4.setPermission(Unknown Source)
	at sun.reflect.NativeMethodAccessorImpl.invoke0(Native Method)
	at sun.reflect.NativeMethodAccessorImpl.invoke(NativeMethodAccessorImpl.java:39)
	at sun.reflect.DelegatingMethodAccessorImpl.invoke(DelegatingMethodAccessorImpl.java:25)
	at java.lang.reflect.Method.invoke(Method.java:597)
	at org.apache.hadoop.io.retry.RetryInvocationHandler.invokeMethod(RetryInvocationHandler.java:82)
	at org.apache.hadoop.io.retry.RetryInvocationHandler.invoke(RetryInvocationHandler.java:59)
	at $Proxy4.setPermission(Unknown Source)
	at org.apache.hadoop.hdfs.DFSClient.setPermission(DFSClient.java:855)
	at org.apache.hadoop.hdfs.DistributedFileSystem.setPermission(DistributedFileSystem.java:560)
	at org.apache.hadoop.mapred.JobTracker.<init>(JobTracker.java:2279)
	at org.apache.hadoop.mapred.JobTracker.<init>(JobTracker.java:2046)
	at org.apache.hadoop.mapred.JobTracker.startTracker(JobTracker.java:295)
	at org.apache.hadoop.mapred.JobTracker.startTracker(JobTracker.java:287)
	at org.apache.hadoop.mapred.JobTracker.main(JobTracker.java:4770)
2011-08-16 19:07:24,105 INFO org.apache.hadoop.mapred.JobTracker: Cleaning up the system directory
2011-08-16 19:07:24,107 INFO org.apache.hadoop.mapred.JobTracker: problem cleaning system directory: hdfs://localhost/Users/madhatter/CDH3/hadoop-cache/mapred/system
org.apache.hadoop.ipc.RemoteException: org.apache.hadoop.hdfs.server.namenode.SafeModeException: Cannot set permission for /Users/madhatter/CDH3/hadoop-cache/mapred/system. Name node is in safe mode.
The reported blocks 39 has reached the threshold 0,9990 of total blocks 39. Safe mode will be turned off automatically in 6 seconds.
	at org.apache.hadoop.hdfs.server.namenode.FSNamesystem.setPermission(FSNamesystem.java:798)
	at org.apache.hadoop.hdfs.server.namenode.NameNode.setPermission(NameNode.java:621)
	at sun.reflect.NativeMethodAccessorImpl.invoke0(Native Method)
	at sun.reflect.NativeMethodAccessorImpl.invoke(NativeMethodAccessorImpl.java:39)
	at sun.reflect.DelegatingMethodAccessorImpl.invoke(DelegatingMethodAccessorImpl.java:25)
	at java.lang.reflect.Method.invoke(Method.java:597)
	at org.apache.hadoop.ipc.RPC$Server.call(RPC.java:557)
	at org.apache.hadoop.ipc.Server$Handler$1.run(Server.java:1434)
	at org.apache.hadoop.ipc.Server$Handler$1.run(Server.java:1430)
	at java.security.AccessController.doPrivileged(Native Method)
	at javax.security.auth.Subject.doAs(Subject.java:396)
	at org.apache.hadoop.security.UserGroupInformation.doAs(UserGroupInformation.java:1127)
	at org.apache.hadoop.ipc.Server$Handler.run(Server.java:1428)

	at org.apache.hadoop.ipc.Client.call(Client.java:1107)
	at org.apache.hadoop.ipc.RPC$Invoker.invoke(RPC.java:226)
	at $Proxy4.setPermission(Unknown Source)
	at sun.reflect.NativeMethodAccessorImpl.invoke0(Native Method)
	at sun.reflect.NativeMethodAccessorImpl.invoke(NativeMethodAccessorImpl.java:39)
	at sun.reflect.DelegatingMethodAccessorImpl.invoke(DelegatingMethodAccessorImpl.java:25)
	at java.lang.reflect.Method.invoke(Method.java:597)
	at org.apache.hadoop.io.retry.RetryInvocationHandler.invokeMethod(RetryInvocationHandler.java:82)
	at org.apache.hadoop.io.retry.RetryInvocationHandler.invoke(RetryInvocationHandler.java:59)
	at $Proxy4.setPermission(Unknown Source)
	at org.apache.hadoop.hdfs.DFSClient.setPermission(DFSClient.java:855)
	at org.apache.hadoop.hdfs.DistributedFileSystem.setPermission(DistributedFileSystem.java:560)
	at org.apache.hadoop.mapred.JobTracker.<init>(JobTracker.java:2279)
	at org.apache.hadoop.mapred.JobTracker.<init>(JobTracker.java:2046)
	at org.apache.hadoop.mapred.JobTracker.startTracker(JobTracker.java:295)
	at org.apache.hadoop.mapred.JobTracker.startTracker(JobTracker.java:287)
	at org.apache.hadoop.mapred.JobTracker.main(JobTracker.java:4770)
2011-08-16 19:07:34,114 INFO org.apache.hadoop.mapred.JobTracker: Cleaning up the system directory
2011-08-16 19:07:34,192 INFO org.apache.hadoop.mapred.CompletedJobStatusStore: Completed job store is inactive
2011-08-16 19:07:34,329 INFO org.apache.hadoop.mapred.JobTracker: Refreshing hosts information
2011-08-16 19:07:34,365 INFO org.apache.hadoop.util.HostsFileReader: Setting the includes file to 
2011-08-16 19:07:34,365 INFO org.apache.hadoop.util.HostsFileReader: Setting the excludes file to 
2011-08-16 19:07:34,365 INFO org.apache.hadoop.util.HostsFileReader: Refreshing hosts (include/exclude) list
2011-08-16 19:07:34,365 INFO org.apache.hadoop.mapred.JobTracker: Decommissioning 0 nodes
2011-08-16 19:07:34,366 INFO org.apache.hadoop.ipc.Server: IPC Server Responder: starting
2011-08-16 19:07:34,366 INFO org.apache.hadoop.ipc.Server: IPC Server listener on 9001: starting
2011-08-16 19:07:34,367 INFO org.apache.hadoop.ipc.Server: IPC Server handler 0 on 9001: starting
2011-08-16 19:07:34,368 INFO org.apache.hadoop.ipc.Server: IPC Server handler 1 on 9001: starting
2011-08-16 19:07:34,368 INFO org.apache.hadoop.ipc.Server: IPC Server handler 2 on 9001: starting
2011-08-16 19:07:34,368 INFO org.apache.hadoop.ipc.Server: IPC Server handler 3 on 9001: starting
2011-08-16 19:07:34,368 INFO org.apache.hadoop.ipc.Server: IPC Server handler 4 on 9001: starting
2011-08-16 19:07:34,369 INFO org.apache.hadoop.ipc.Server: IPC Server handler 5 on 9001: starting
2011-08-16 19:07:34,369 INFO org.apache.hadoop.ipc.Server: IPC Server handler 6 on 9001: starting
2011-08-16 19:07:34,369 INFO org.apache.hadoop.ipc.Server: IPC Server handler 7 on 9001: starting
2011-08-16 19:07:34,369 INFO org.apache.hadoop.ipc.Server: IPC Server handler 8 on 9001: starting
2011-08-16 19:07:34,369 INFO org.apache.hadoop.ipc.Server: IPC Server handler 9 on 9001: starting
2011-08-16 19:07:34,369 INFO org.apache.hadoop.mapred.JobTracker: Starting RUNNING
2011-08-16 19:07:35,063 INFO org.apache.hadoop.net.NetworkTopology: Adding a new node: /default-rack/nothing
2011-08-16 19:07:35,064 INFO org.apache.hadoop.mapred.JobTracker: Adding tracker tracker_nothing:localhost/127.0.0.1:50030 to host nothing
2011-08-16 19:12:41,712 INFO org.apache.hadoop.mapred.JobTracker: SHUTDOWN_MSG: 
/************************************************************
SHUTDOWN_MSG: Shutting down JobTracker at nothing/172.20.10.2
************************************************************/
2011-08-16 19:12:51,583 INFO org.apache.hadoop.mapred.JobTracker: STARTUP_MSG: 
/************************************************************
STARTUP_MSG: Starting JobTracker
STARTUP_MSG:   host = nothing/172.20.10.2
STARTUP_MSG:   args = []
STARTUP_MSG:   version = 0.20.2-cdh3u1
STARTUP_MSG:   build = file:///var/lib/jenkins/workspace/CDH3u1-CentOS-Hadoop-Tarball/hadoop20/hadoop-0.20.2-cdh3u1 -r bdafb1dbffd0d5f2fbc6ee022e1c8df6500fd638; compiled by 'jenkins' on Mon Jul 18 12:08:54 PDT 2011
************************************************************/
2011-08-16 19:12:52,100 INFO org.apache.hadoop.security.token.delegation.AbstractDelegationTokenSecretManager: Updating the current master key for generating delegation tokens
2011-08-16 19:12:52,105 INFO org.apache.hadoop.security.token.delegation.AbstractDelegationTokenSecretManager: Starting expired delegation token remover thread, tokenRemoverScanInterval=60 min(s)
2011-08-16 19:12:52,107 INFO org.apache.hadoop.mapred.JobTracker: Scheduler configured with (memSizeForMapSlotOnJT, memSizeForReduceSlotOnJT, limitMaxMemForMapTasks, limitMaxMemForReduceTasks) (-1, -1, -1, -1)
2011-08-16 19:12:52,109 INFO org.apache.hadoop.util.HostsFileReader: Refreshing hosts (include/exclude) list
2011-08-16 19:12:52,117 INFO org.apache.hadoop.security.token.delegation.AbstractDelegationTokenSecretManager: Updating the current master key for generating delegation tokens
2011-08-16 19:12:52,227 INFO org.apache.hadoop.mapred.JobTracker: Starting jobtracker with owner as madhatter
2011-08-16 19:12:52,256 INFO org.apache.hadoop.ipc.Server: Starting Socket Reader #1 for port 9001
2011-08-16 19:12:52,261 INFO org.apache.hadoop.ipc.metrics.RpcMetrics: Initializing RPC Metrics with hostName=JobTracker, port=9001
2011-08-16 19:12:52,265 INFO org.apache.hadoop.ipc.metrics.RpcDetailedMetrics: Initializing RPC Metrics with hostName=JobTracker, port=9001
2011-08-16 19:12:52,349 INFO org.mortbay.log: Logging to org.slf4j.impl.Log4jLoggerAdapter(org.mortbay.log) via org.mortbay.log.Slf4jLog
2011-08-16 19:12:52,415 INFO org.apache.hadoop.http.HttpServer: Added global filtersafety (class=org.apache.hadoop.http.HttpServer$QuotingInputFilter)
2011-08-16 19:12:52,462 INFO org.apache.hadoop.http.HttpServer: Port returned by webServer.getConnectors()[0].getLocalPort() before open() is -1. Opening the listener on 50030
2011-08-16 19:12:52,481 INFO org.apache.hadoop.http.HttpServer: listener.getLocalPort() returned 50030 webServer.getConnectors()[0].getLocalPort() returned 50030
2011-08-16 19:12:52,481 INFO org.apache.hadoop.http.HttpServer: Jetty bound to port 50030
2011-08-16 19:12:52,482 INFO org.mortbay.log: jetty-6.1.26
2011-08-16 19:12:53,052 INFO org.mortbay.log: Started SelectChannelConnector@0.0.0.0:50030
2011-08-16 19:12:53,053 INFO org.apache.hadoop.metrics.jvm.JvmMetrics: Initializing JVM Metrics with processName=JobTracker, sessionId=
2011-08-16 19:12:53,054 INFO org.apache.hadoop.mapred.JobTracker: JobTracker up at: 9001
2011-08-16 19:12:53,054 INFO org.apache.hadoop.mapred.JobTracker: JobTracker webserver: 50030
2011-08-16 19:12:53,282 INFO org.apache.hadoop.mapred.JobTracker: Cleaning up the system directory
2011-08-16 19:12:53,287 INFO org.apache.hadoop.mapred.JobTracker: problem cleaning system directory: hdfs://localhost/Users/madhatter/CDH3/hadoop-cache/mapred/system
org.apache.hadoop.ipc.RemoteException: org.apache.hadoop.hdfs.server.namenode.SafeModeException: Cannot set permission for /Users/madhatter/CDH3/hadoop-cache/mapred/system. Name node is in safe mode.
The reported blocks 39 has reached the threshold 0,9990 of total blocks 39. Safe mode will be turned off automatically in 26 seconds.
	at org.apache.hadoop.hdfs.server.namenode.FSNamesystem.setPermission(FSNamesystem.java:798)
	at org.apache.hadoop.hdfs.server.namenode.NameNode.setPermission(NameNode.java:621)
	at sun.reflect.NativeMethodAccessorImpl.invoke0(Native Method)
	at sun.reflect.NativeMethodAccessorImpl.invoke(NativeMethodAccessorImpl.java:39)
	at sun.reflect.DelegatingMethodAccessorImpl.invoke(DelegatingMethodAccessorImpl.java:25)
	at java.lang.reflect.Method.invoke(Method.java:597)
	at org.apache.hadoop.ipc.RPC$Server.call(RPC.java:557)
	at org.apache.hadoop.ipc.Server$Handler$1.run(Server.java:1434)
	at org.apache.hadoop.ipc.Server$Handler$1.run(Server.java:1430)
	at java.security.AccessController.doPrivileged(Native Method)
	at javax.security.auth.Subject.doAs(Subject.java:396)
	at org.apache.hadoop.security.UserGroupInformation.doAs(UserGroupInformation.java:1127)
	at org.apache.hadoop.ipc.Server$Handler.run(Server.java:1428)

	at org.apache.hadoop.ipc.Client.call(Client.java:1107)
	at org.apache.hadoop.ipc.RPC$Invoker.invoke(RPC.java:226)
	at $Proxy4.setPermission(Unknown Source)
	at sun.reflect.NativeMethodAccessorImpl.invoke0(Native Method)
	at sun.reflect.NativeMethodAccessorImpl.invoke(NativeMethodAccessorImpl.java:39)
	at sun.reflect.DelegatingMethodAccessorImpl.invoke(DelegatingMethodAccessorImpl.java:25)
	at java.lang.reflect.Method.invoke(Method.java:597)
	at org.apache.hadoop.io.retry.RetryInvocationHandler.invokeMethod(RetryInvocationHandler.java:82)
	at org.apache.hadoop.io.retry.RetryInvocationHandler.invoke(RetryInvocationHandler.java:59)
	at $Proxy4.setPermission(Unknown Source)
	at org.apache.hadoop.hdfs.DFSClient.setPermission(DFSClient.java:855)
	at org.apache.hadoop.hdfs.DistributedFileSystem.setPermission(DistributedFileSystem.java:560)
	at org.apache.hadoop.mapred.JobTracker.<init>(JobTracker.java:2279)
	at org.apache.hadoop.mapred.JobTracker.<init>(JobTracker.java:2046)
	at org.apache.hadoop.mapred.JobTracker.startTracker(JobTracker.java:295)
	at org.apache.hadoop.mapred.JobTracker.startTracker(JobTracker.java:287)
	at org.apache.hadoop.mapred.JobTracker.main(JobTracker.java:4770)
2011-08-16 19:13:03,296 INFO org.apache.hadoop.mapred.JobTracker: Cleaning up the system directory
2011-08-16 19:13:03,297 INFO org.apache.hadoop.mapred.JobTracker: problem cleaning system directory: hdfs://localhost/Users/madhatter/CDH3/hadoop-cache/mapred/system
org.apache.hadoop.ipc.RemoteException: org.apache.hadoop.hdfs.server.namenode.SafeModeException: Cannot set permission for /Users/madhatter/CDH3/hadoop-cache/mapred/system. Name node is in safe mode.
The reported blocks 39 has reached the threshold 0,9990 of total blocks 39. Safe mode will be turned off automatically in 16 seconds.
	at org.apache.hadoop.hdfs.server.namenode.FSNamesystem.setPermission(FSNamesystem.java:798)
	at org.apache.hadoop.hdfs.server.namenode.NameNode.setPermission(NameNode.java:621)
	at sun.reflect.NativeMethodAccessorImpl.invoke0(Native Method)
	at sun.reflect.NativeMethodAccessorImpl.invoke(NativeMethodAccessorImpl.java:39)
	at sun.reflect.DelegatingMethodAccessorImpl.invoke(DelegatingMethodAccessorImpl.java:25)
	at java.lang.reflect.Method.invoke(Method.java:597)
	at org.apache.hadoop.ipc.RPC$Server.call(RPC.java:557)
	at org.apache.hadoop.ipc.Server$Handler$1.run(Server.java:1434)
	at org.apache.hadoop.ipc.Server$Handler$1.run(Server.java:1430)
	at java.security.AccessController.doPrivileged(Native Method)
	at javax.security.auth.Subject.doAs(Subject.java:396)
	at org.apache.hadoop.security.UserGroupInformation.doAs(UserGroupInformation.java:1127)
	at org.apache.hadoop.ipc.Server$Handler.run(Server.java:1428)

	at org.apache.hadoop.ipc.Client.call(Client.java:1107)
	at org.apache.hadoop.ipc.RPC$Invoker.invoke(RPC.java:226)
	at $Proxy4.setPermission(Unknown Source)
	at sun.reflect.NativeMethodAccessorImpl.invoke0(Native Method)
	at sun.reflect.NativeMethodAccessorImpl.invoke(NativeMethodAccessorImpl.java:39)
	at sun.reflect.DelegatingMethodAccessorImpl.invoke(DelegatingMethodAccessorImpl.java:25)
	at java.lang.reflect.Method.invoke(Method.java:597)
	at org.apache.hadoop.io.retry.RetryInvocationHandler.invokeMethod(RetryInvocationHandler.java:82)
	at org.apache.hadoop.io.retry.RetryInvocationHandler.invoke(RetryInvocationHandler.java:59)
	at $Proxy4.setPermission(Unknown Source)
	at org.apache.hadoop.hdfs.DFSClient.setPermission(DFSClient.java:855)
	at org.apache.hadoop.hdfs.DistributedFileSystem.setPermission(DistributedFileSystem.java:560)
	at org.apache.hadoop.mapred.JobTracker.<init>(JobTracker.java:2279)
	at org.apache.hadoop.mapred.JobTracker.<init>(JobTracker.java:2046)
	at org.apache.hadoop.mapred.JobTracker.startTracker(JobTracker.java:295)
	at org.apache.hadoop.mapred.JobTracker.startTracker(JobTracker.java:287)
	at org.apache.hadoop.mapred.JobTracker.main(JobTracker.java:4770)
2011-08-16 19:13:13,305 INFO org.apache.hadoop.mapred.JobTracker: Cleaning up the system directory
2011-08-16 19:13:13,307 INFO org.apache.hadoop.mapred.JobTracker: problem cleaning system directory: hdfs://localhost/Users/madhatter/CDH3/hadoop-cache/mapred/system
org.apache.hadoop.ipc.RemoteException: org.apache.hadoop.hdfs.server.namenode.SafeModeException: Cannot set permission for /Users/madhatter/CDH3/hadoop-cache/mapred/system. Name node is in safe mode.
The reported blocks 39 has reached the threshold 0,9990 of total blocks 39. Safe mode will be turned off automatically in 6 seconds.
	at org.apache.hadoop.hdfs.server.namenode.FSNamesystem.setPermission(FSNamesystem.java:798)
	at org.apache.hadoop.hdfs.server.namenode.NameNode.setPermission(NameNode.java:621)
	at sun.reflect.NativeMethodAccessorImpl.invoke0(Native Method)
	at sun.reflect.NativeMethodAccessorImpl.invoke(NativeMethodAccessorImpl.java:39)
	at sun.reflect.DelegatingMethodAccessorImpl.invoke(DelegatingMethodAccessorImpl.java:25)
	at java.lang.reflect.Method.invoke(Method.java:597)
	at org.apache.hadoop.ipc.RPC$Server.call(RPC.java:557)
	at org.apache.hadoop.ipc.Server$Handler$1.run(Server.java:1434)
	at org.apache.hadoop.ipc.Server$Handler$1.run(Server.java:1430)
	at java.security.AccessController.doPrivileged(Native Method)
	at javax.security.auth.Subject.doAs(Subject.java:396)
	at org.apache.hadoop.security.UserGroupInformation.doAs(UserGroupInformation.java:1127)
	at org.apache.hadoop.ipc.Server$Handler.run(Server.java:1428)

	at org.apache.hadoop.ipc.Client.call(Client.java:1107)
	at org.apache.hadoop.ipc.RPC$Invoker.invoke(RPC.java:226)
	at $Proxy4.setPermission(Unknown Source)
	at sun.reflect.NativeMethodAccessorImpl.invoke0(Native Method)
	at sun.reflect.NativeMethodAccessorImpl.invoke(NativeMethodAccessorImpl.java:39)
	at sun.reflect.DelegatingMethodAccessorImpl.invoke(DelegatingMethodAccessorImpl.java:25)
	at java.lang.reflect.Method.invoke(Method.java:597)
	at org.apache.hadoop.io.retry.RetryInvocationHandler.invokeMethod(RetryInvocationHandler.java:82)
	at org.apache.hadoop.io.retry.RetryInvocationHandler.invoke(RetryInvocationHandler.java:59)
	at $Proxy4.setPermission(Unknown Source)
	at org.apache.hadoop.hdfs.DFSClient.setPermission(DFSClient.java:855)
	at org.apache.hadoop.hdfs.DistributedFileSystem.setPermission(DistributedFileSystem.java:560)
	at org.apache.hadoop.mapred.JobTracker.<init>(JobTracker.java:2279)
	at org.apache.hadoop.mapred.JobTracker.<init>(JobTracker.java:2046)
	at org.apache.hadoop.mapred.JobTracker.startTracker(JobTracker.java:295)
	at org.apache.hadoop.mapred.JobTracker.startTracker(JobTracker.java:287)
	at org.apache.hadoop.mapred.JobTracker.main(JobTracker.java:4770)
2011-08-16 19:13:23,316 INFO org.apache.hadoop.mapred.JobTracker: Cleaning up the system directory
2011-08-16 19:13:23,481 INFO org.apache.hadoop.mapred.CompletedJobStatusStore: Completed job store is inactive
2011-08-16 19:13:23,625 INFO org.apache.hadoop.mapred.JobTracker: Refreshing hosts information
2011-08-16 19:13:23,663 INFO org.apache.hadoop.util.HostsFileReader: Setting the includes file to 
2011-08-16 19:13:23,663 INFO org.apache.hadoop.util.HostsFileReader: Setting the excludes file to 
2011-08-16 19:13:23,663 INFO org.apache.hadoop.util.HostsFileReader: Refreshing hosts (include/exclude) list
2011-08-16 19:13:23,663 INFO org.apache.hadoop.mapred.JobTracker: Decommissioning 0 nodes
2011-08-16 19:13:23,664 INFO org.apache.hadoop.ipc.Server: IPC Server Responder: starting
2011-08-16 19:13:23,666 INFO org.apache.hadoop.ipc.Server: IPC Server listener on 9001: starting
2011-08-16 19:13:23,666 INFO org.apache.hadoop.ipc.Server: IPC Server handler 0 on 9001: starting
2011-08-16 19:13:23,666 INFO org.apache.hadoop.ipc.Server: IPC Server handler 1 on 9001: starting
2011-08-16 19:13:23,666 INFO org.apache.hadoop.ipc.Server: IPC Server handler 2 on 9001: starting
2011-08-16 19:13:23,667 INFO org.apache.hadoop.ipc.Server: IPC Server handler 3 on 9001: starting
2011-08-16 19:13:23,667 INFO org.apache.hadoop.ipc.Server: IPC Server handler 4 on 9001: starting
2011-08-16 19:13:23,667 INFO org.apache.hadoop.ipc.Server: IPC Server handler 5 on 9001: starting
2011-08-16 19:13:23,667 INFO org.apache.hadoop.ipc.Server: IPC Server handler 6 on 9001: starting
2011-08-16 19:13:23,668 INFO org.apache.hadoop.ipc.Server: IPC Server handler 7 on 9001: starting
2011-08-16 19:13:23,668 INFO org.apache.hadoop.ipc.Server: IPC Server handler 8 on 9001: starting
2011-08-16 19:13:23,668 INFO org.apache.hadoop.mapred.JobTracker: Starting RUNNING
2011-08-16 19:13:23,668 INFO org.apache.hadoop.ipc.Server: IPC Server handler 9 on 9001: starting
2011-08-16 19:13:24,447 INFO org.apache.hadoop.net.NetworkTopology: Adding a new node: /default-rack/nothing
2011-08-16 19:13:24,448 INFO org.apache.hadoop.mapred.JobTracker: Adding tracker tracker_nothing:localhost/127.0.0.1:50848 to host nothing
2011-08-16 19:35:59,635 INFO org.apache.hadoop.mapred.JobTracker: SHUTDOWN_MSG: 
/************************************************************
SHUTDOWN_MSG: Shutting down JobTracker at nothing/172.20.10.2
************************************************************/
