2011-08-16 20:30:19,056 INFO org.apache.hadoop.hdfs.server.namenode.NameNode: STARTUP_MSG: 
/************************************************************
STARTUP_MSG: Starting NameNode
STARTUP_MSG:   host = MacBookPro.local/192.168.0.100
STARTUP_MSG:   args = []
STARTUP_MSG:   version = 0.20.2-cdh3u1
STARTUP_MSG:   build = file:///var/lib/jenkins/workspace/CDH3u1-CentOS-Hadoop-Tarball/hadoop20/hadoop-0.20.2-cdh3u1 -r bdafb1dbffd0d5f2fbc6ee022e1c8df6500fd638; compiled by 'jenkins' on Mon Jul 18 12:08:54 PDT 2011
************************************************************/
2011-08-16 20:30:19,330 INFO org.apache.hadoop.metrics.jvm.JvmMetrics: Initializing JVM Metrics with processName=NameNode, sessionId=null
2011-08-16 20:30:19,333 INFO org.apache.hadoop.hdfs.server.namenode.metrics.NameNodeMetrics: Initializing NameNodeMeterics using context object:org.apache.hadoop.metrics.spi.NullContext
2011-08-16 20:30:19,359 INFO org.apache.hadoop.hdfs.util.GSet: VM type       = 64-bit
2011-08-16 20:30:19,359 INFO org.apache.hadoop.hdfs.util.GSet: 2% max memory = 19.9175 MB
2011-08-16 20:30:19,359 INFO org.apache.hadoop.hdfs.util.GSet: capacity      = 2^21 = 2097152 entries
2011-08-16 20:30:19,359 INFO org.apache.hadoop.hdfs.util.GSet: recommended=2097152, actual=2097152
2011-08-16 20:30:19,435 INFO org.apache.hadoop.hdfs.server.namenode.FSNamesystem: fsOwner=madhatter
2011-08-16 20:30:19,435 INFO org.apache.hadoop.hdfs.server.namenode.FSNamesystem: supergroup=supergroup
2011-08-16 20:30:19,435 INFO org.apache.hadoop.hdfs.server.namenode.FSNamesystem: isPermissionEnabled=true
2011-08-16 20:30:19,441 INFO org.apache.hadoop.hdfs.server.namenode.FSNamesystem: dfs.block.invalidate.limit=1000
2011-08-16 20:30:19,441 INFO org.apache.hadoop.hdfs.server.namenode.FSNamesystem: isAccessTokenEnabled=false accessKeyUpdateInterval=0 min(s), accessTokenLifetime=0 min(s)
2011-08-16 20:30:19,721 INFO org.apache.hadoop.hdfs.server.namenode.metrics.FSNamesystemMetrics: Initializing FSNamesystemMetrics using context object:org.apache.hadoop.metrics.spi.NullContext
2011-08-16 20:30:19,969 INFO org.apache.hadoop.hdfs.server.common.Storage: Number of files = 70
2011-08-16 20:30:19,999 INFO org.apache.hadoop.hdfs.server.common.Storage: Number of files under construction = 0
2011-08-16 20:30:19,999 INFO org.apache.hadoop.hdfs.server.common.Storage: Image file of size 9319 loaded in 0 seconds.
2011-08-16 20:30:20,000 INFO org.apache.hadoop.hdfs.server.common.Storage: Edits file /Users/madhatter/CDH3/hadoop-cache/dfs/name/current/edits of size 4 edits # 0 loaded in 0 seconds.
2011-08-16 20:30:20,004 INFO org.apache.hadoop.hdfs.server.common.Storage: Image file of size 9319 saved in 0 seconds.
2011-08-16 20:30:20,133 INFO org.apache.hadoop.hdfs.server.common.Storage: Image file of size 9319 saved in 0 seconds.
2011-08-16 20:30:20,217 INFO org.apache.hadoop.hdfs.server.namenode.FSNamesystem: Finished loading FSImage in 791 msecs
2011-08-16 20:30:20,232 INFO org.apache.hadoop.hdfs.StateChange: STATE* Safe mode ON. 
The reported blocks 0 needs additional 38 blocks to reach the threshold 0,9990 of total blocks 39. Safe mode will be turned off automatically.
2011-08-16 20:30:20,241 INFO org.apache.hadoop.util.HostsFileReader: Refreshing hosts (include/exclude) list
2011-08-16 20:30:20,267 INFO org.apache.hadoop.ipc.Server: Starting Socket Reader #1 for port 8020
2011-08-16 20:30:20,269 INFO org.apache.hadoop.ipc.metrics.RpcMetrics: Initializing RPC Metrics with hostName=NameNode, port=8020
2011-08-16 20:30:20,272 INFO org.apache.hadoop.ipc.metrics.RpcDetailedMetrics: Initializing RPC Metrics with hostName=NameNode, port=8020
2011-08-16 20:30:20,276 INFO org.apache.hadoop.hdfs.server.namenode.NameNode: Namenode up at: localhost/127.0.0.1:8020
2011-08-16 20:30:20,370 INFO org.mortbay.log: Logging to org.slf4j.impl.Log4jLoggerAdapter(org.mortbay.log) via org.mortbay.log.Slf4jLog
2011-08-16 20:30:20,457 INFO org.apache.hadoop.http.HttpServer: Added global filtersafety (class=org.apache.hadoop.http.HttpServer$QuotingInputFilter)
2011-08-16 20:30:20,491 INFO org.apache.hadoop.http.HttpServer: Port returned by webServer.getConnectors()[0].getLocalPort() before open() is -1. Opening the listener on 50070
2011-08-16 20:30:20,498 INFO org.apache.hadoop.http.HttpServer: listener.getLocalPort() returned 50070 webServer.getConnectors()[0].getLocalPort() returned 50070
2011-08-16 20:30:20,498 INFO org.apache.hadoop.http.HttpServer: Jetty bound to port 50070
2011-08-16 20:30:20,508 INFO org.mortbay.log: jetty-6.1.26
2011-08-16 20:30:21,129 INFO org.mortbay.log: Started SelectChannelConnector@0.0.0.0:50070
2011-08-16 20:30:21,130 INFO org.apache.hadoop.hdfs.server.namenode.NameNode: Web-server up at: 0.0.0.0:50070
2011-08-16 20:30:21,130 INFO org.apache.hadoop.ipc.Server: IPC Server Responder: starting
2011-08-16 20:30:21,130 INFO org.apache.hadoop.ipc.Server: IPC Server listener on 8020: starting
2011-08-16 20:30:21,131 INFO org.apache.hadoop.ipc.Server: IPC Server handler 0 on 8020: starting
2011-08-16 20:30:21,132 INFO org.apache.hadoop.ipc.Server: IPC Server handler 1 on 8020: starting
2011-08-16 20:30:21,132 INFO org.apache.hadoop.ipc.Server: IPC Server handler 2 on 8020: starting
2011-08-16 20:30:21,132 INFO org.apache.hadoop.ipc.Server: IPC Server handler 3 on 8020: starting
2011-08-16 20:30:21,132 INFO org.apache.hadoop.ipc.Server: IPC Server handler 4 on 8020: starting
2011-08-16 20:30:21,133 INFO org.apache.hadoop.ipc.Server: IPC Server handler 5 on 8020: starting
2011-08-16 20:30:21,133 INFO org.apache.hadoop.ipc.Server: IPC Server handler 6 on 8020: starting
2011-08-16 20:30:21,133 INFO org.apache.hadoop.ipc.Server: IPC Server handler 7 on 8020: starting
2011-08-16 20:30:21,133 INFO org.apache.hadoop.ipc.Server: IPC Server handler 8 on 8020: starting
2011-08-16 20:30:21,133 INFO org.apache.hadoop.ipc.Server: IPC Server handler 9 on 8020: starting
2011-08-16 20:30:23,448 INFO org.apache.hadoop.hdfs.StateChange: BLOCK* NameSystem.registerDatanode: node registration from 127.0.0.1:50010 storage DS-1179262424-172.20.10.2-50010-1312957867331
2011-08-16 20:30:23,451 INFO org.apache.hadoop.net.NetworkTopology: Adding a new node: /default-rack/127.0.0.1:50010
2011-08-16 20:30:23,551 INFO org.apache.hadoop.hdfs.StateChange: STATE* Safe mode extension entered. 
The reported blocks 38 has reached the threshold 0,9990 of total blocks 39. Safe mode will be turned off automatically in 29 seconds.
2011-08-16 20:30:26,578 INFO org.apache.hadoop.ipc.Server: IPC Server handler 2 on 8020, call setPermission(/Users/madhatter/CDH3/hadoop-cache/mapred/system, rwx------) from 127.0.0.1:52359: error: org.apache.hadoop.hdfs.server.namenode.SafeModeException: Cannot set permission for /Users/madhatter/CDH3/hadoop-cache/mapred/system. Name node is in safe mode.
The reported blocks 39 has reached the threshold 0,9990 of total blocks 39. Safe mode will be turned off automatically in 26 seconds.
org.apache.hadoop.hdfs.server.namenode.SafeModeException: Cannot set permission for /Users/madhatter/CDH3/hadoop-cache/mapred/system. Name node is in safe mode.
The reported blocks 39 has reached the threshold 0,9990 of total blocks 39. Safe mode will be turned off automatically in 26 seconds.
	at org.apache.hadoop.hdfs.server.namenode.FSNamesystem.setPermission(FSNamesystem.java:798)
	at org.apache.hadoop.hdfs.server.namenode.NameNode.setPermission(NameNode.java:621)
	at sun.reflect.NativeMethodAccessorImpl.invoke0(Native Method)
	at sun.reflect.NativeMethodAccessorImpl.invoke(NativeMethodAccessorImpl.java:39)
	at sun.reflect.DelegatingMethodAccessorImpl.invoke(DelegatingMethodAccessorImpl.java:25)
	at java.lang.reflect.Method.invoke(Method.java:597)
	at org.apache.hadoop.ipc.RPC$Server.call(RPC.java:557)
	at org.apache.hadoop.ipc.Server$Handler$1.run(Server.java:1434)
	at org.apache.hadoop.ipc.Server$Handler$1.run(Server.java:1430)
	at java.security.AccessController.doPrivileged(Native Method)
	at javax.security.auth.Subject.doAs(Subject.java:396)
	at org.apache.hadoop.security.UserGroupInformation.doAs(UserGroupInformation.java:1127)
	at org.apache.hadoop.ipc.Server$Handler.run(Server.java:1428)
2011-08-16 20:30:36,589 INFO org.apache.hadoop.ipc.Server: IPC Server handler 8 on 8020, call setPermission(/Users/madhatter/CDH3/hadoop-cache/mapred/system, rwx------) from 127.0.0.1:52364: error: org.apache.hadoop.hdfs.server.namenode.SafeModeException: Cannot set permission for /Users/madhatter/CDH3/hadoop-cache/mapred/system. Name node is in safe mode.
The reported blocks 39 has reached the threshold 0,9990 of total blocks 39. Safe mode will be turned off automatically in 16 seconds.
org.apache.hadoop.hdfs.server.namenode.SafeModeException: Cannot set permission for /Users/madhatter/CDH3/hadoop-cache/mapred/system. Name node is in safe mode.
The reported blocks 39 has reached the threshold 0,9990 of total blocks 39. Safe mode will be turned off automatically in 16 seconds.
	at org.apache.hadoop.hdfs.server.namenode.FSNamesystem.setPermission(FSNamesystem.java:798)
	at org.apache.hadoop.hdfs.server.namenode.NameNode.setPermission(NameNode.java:621)
	at sun.reflect.NativeMethodAccessorImpl.invoke0(Native Method)
	at sun.reflect.NativeMethodAccessorImpl.invoke(NativeMethodAccessorImpl.java:39)
	at sun.reflect.DelegatingMethodAccessorImpl.invoke(DelegatingMethodAccessorImpl.java:25)
	at java.lang.reflect.Method.invoke(Method.java:597)
	at org.apache.hadoop.ipc.RPC$Server.call(RPC.java:557)
	at org.apache.hadoop.ipc.Server$Handler$1.run(Server.java:1434)
	at org.apache.hadoop.ipc.Server$Handler$1.run(Server.java:1430)
	at java.security.AccessController.doPrivileged(Native Method)
	at javax.security.auth.Subject.doAs(Subject.java:396)
	at org.apache.hadoop.security.UserGroupInformation.doAs(UserGroupInformation.java:1127)
	at org.apache.hadoop.ipc.Server$Handler.run(Server.java:1428)
2011-08-16 20:30:43,563 INFO org.apache.hadoop.hdfs.StateChange: STATE* Safe mode ON. 
The reported blocks 39 has reached the threshold 0,9990 of total blocks 39. Safe mode will be turned off automatically in 9 seconds.
2011-08-16 20:30:46,598 INFO org.apache.hadoop.ipc.Server: IPC Server handler 6 on 8020, call setPermission(/Users/madhatter/CDH3/hadoop-cache/mapred/system, rwx------) from 127.0.0.1:52365: error: org.apache.hadoop.hdfs.server.namenode.SafeModeException: Cannot set permission for /Users/madhatter/CDH3/hadoop-cache/mapred/system. Name node is in safe mode.
The reported blocks 39 has reached the threshold 0,9990 of total blocks 39. Safe mode will be turned off automatically in 6 seconds.
org.apache.hadoop.hdfs.server.namenode.SafeModeException: Cannot set permission for /Users/madhatter/CDH3/hadoop-cache/mapred/system. Name node is in safe mode.
The reported blocks 39 has reached the threshold 0,9990 of total blocks 39. Safe mode will be turned off automatically in 6 seconds.
	at org.apache.hadoop.hdfs.server.namenode.FSNamesystem.setPermission(FSNamesystem.java:798)
	at org.apache.hadoop.hdfs.server.namenode.NameNode.setPermission(NameNode.java:621)
	at sun.reflect.NativeMethodAccessorImpl.invoke0(Native Method)
	at sun.reflect.NativeMethodAccessorImpl.invoke(NativeMethodAccessorImpl.java:39)
	at sun.reflect.DelegatingMethodAccessorImpl.invoke(DelegatingMethodAccessorImpl.java:25)
	at java.lang.reflect.Method.invoke(Method.java:597)
	at org.apache.hadoop.ipc.RPC$Server.call(RPC.java:557)
	at org.apache.hadoop.ipc.Server$Handler$1.run(Server.java:1434)
	at org.apache.hadoop.ipc.Server$Handler$1.run(Server.java:1430)
	at java.security.AccessController.doPrivileged(Native Method)
	at javax.security.auth.Subject.doAs(Subject.java:396)
	at org.apache.hadoop.security.UserGroupInformation.doAs(UserGroupInformation.java:1127)
	at org.apache.hadoop.ipc.Server$Handler.run(Server.java:1428)
2011-08-16 20:30:53,578 INFO org.apache.hadoop.hdfs.server.namenode.FSNamesystem: Total number of blocks = 39
2011-08-16 20:30:53,579 INFO org.apache.hadoop.hdfs.server.namenode.FSNamesystem: Number of invalid blocks = 0
2011-08-16 20:30:53,579 INFO org.apache.hadoop.hdfs.server.namenode.FSNamesystem: Number of under-replicated blocks = 9
2011-08-16 20:30:53,579 INFO org.apache.hadoop.hdfs.server.namenode.FSNamesystem: Number of  over-replicated blocks = 0
2011-08-16 20:30:53,579 INFO org.apache.hadoop.hdfs.StateChange: STATE* Leaving safe mode after 34 secs.
2011-08-16 20:30:53,579 INFO org.apache.hadoop.hdfs.StateChange: STATE* Safe mode is OFF.
2011-08-16 20:30:53,579 INFO org.apache.hadoop.hdfs.StateChange: STATE* Network topology has 1 racks and 1 datanodes
2011-08-16 20:30:53,579 INFO org.apache.hadoop.hdfs.StateChange: STATE* UnderReplicatedBlocks has 9 blocks
2011-08-16 20:30:56,666 INFO org.apache.hadoop.hdfs.StateChange: BLOCK* NameSystem.addToInvalidates: blk_-7243555305594010372 is added to invalidSet of 127.0.0.1:50010
2011-08-16 20:30:56,756 INFO org.apache.hadoop.hdfs.StateChange: BLOCK* NameSystem.allocateBlock: /Users/madhatter/CDH3/hadoop-cache/mapred/system/jobtracker.info. blk_7888945775388219236_1078
2011-08-16 20:30:56,837 INFO org.apache.hadoop.hdfs.StateChange: BLOCK* NameSystem.addStoredBlock: blockMap updated: 127.0.0.1:50010 is added to blk_7888945775388219236_1078 size 4
2011-08-16 20:30:56,838 INFO org.apache.hadoop.hdfs.StateChange: Removing lease on  file /Users/madhatter/CDH3/hadoop-cache/mapred/system/jobtracker.info from client DFSClient_-1019340585
2011-08-16 20:30:56,839 INFO org.apache.hadoop.hdfs.StateChange: DIR* NameSystem.completeFile: file /Users/madhatter/CDH3/hadoop-cache/mapred/system/jobtracker.info is closed by DFSClient_-1019340585
2011-08-16 20:30:59,242 INFO org.apache.hadoop.hdfs.StateChange: BLOCK* ask 127.0.0.1:50010 to delete  blk_-7243555305594010372_1077
2011-08-16 20:35:24,576 INFO org.apache.hadoop.hdfs.server.namenode.FSNamesystem: Roll Edit Log from 127.0.0.1
2011-08-16 20:35:24,577 INFO org.apache.hadoop.hdfs.server.namenode.FSNamesystem: Number of transactions: 6 Total time for transactions(ms): 1Number of transactions batched in Syncs: 0 Number of syncs: 5 SyncTimes(ms): 50 
2011-08-16 20:35:25,284 INFO org.apache.hadoop.hdfs.server.namenode.FSNamesystem: Roll FSImage from 127.0.0.1
2011-08-16 20:35:25,284 INFO org.apache.hadoop.hdfs.server.namenode.FSNamesystem: Number of transactions: 0 Total time for transactions(ms): 0Number of transactions batched in Syncs: 0 Number of syncs: 1 SyncTimes(ms): 39 
2011-08-16 20:50:39,220 INFO org.apache.hadoop.hdfs.server.namenode.NameNode: SHUTDOWN_MSG: 
/************************************************************
SHUTDOWN_MSG: Shutting down NameNode at MacBookPro.local/192.168.0.100
************************************************************/
2011-08-16 21:10:13,970 INFO org.apache.hadoop.hdfs.server.namenode.NameNode: STARTUP_MSG: 
/************************************************************
STARTUP_MSG: Starting NameNode
STARTUP_MSG:   host = MacBookPro.local/192.168.0.100
STARTUP_MSG:   args = []
STARTUP_MSG:   version = 0.20.2-cdh3u1
STARTUP_MSG:   build = file:///var/lib/jenkins/workspace/CDH3u1-CentOS-Hadoop-Tarball/hadoop20/hadoop-0.20.2-cdh3u1 -r bdafb1dbffd0d5f2fbc6ee022e1c8df6500fd638; compiled by 'jenkins' on Mon Jul 18 12:08:54 PDT 2011
************************************************************/
2011-08-16 21:10:14,185 INFO org.apache.hadoop.metrics.jvm.JvmMetrics: Initializing JVM Metrics with processName=NameNode, sessionId=null
2011-08-16 21:10:14,188 INFO org.apache.hadoop.hdfs.server.namenode.metrics.NameNodeMetrics: Initializing NameNodeMeterics using context object:org.apache.hadoop.metrics.spi.NullContext
2011-08-16 21:10:14,215 INFO org.apache.hadoop.hdfs.util.GSet: VM type       = 64-bit
2011-08-16 21:10:14,215 INFO org.apache.hadoop.hdfs.util.GSet: 2% max memory = 19.9175 MB
2011-08-16 21:10:14,215 INFO org.apache.hadoop.hdfs.util.GSet: capacity      = 2^21 = 2097152 entries
2011-08-16 21:10:14,215 INFO org.apache.hadoop.hdfs.util.GSet: recommended=2097152, actual=2097152
2011-08-16 21:10:14,284 INFO org.apache.hadoop.hdfs.server.namenode.FSNamesystem: fsOwner=madhatter
2011-08-16 21:10:14,285 INFO org.apache.hadoop.hdfs.server.namenode.FSNamesystem: supergroup=supergroup
2011-08-16 21:10:14,285 INFO org.apache.hadoop.hdfs.server.namenode.FSNamesystem: isPermissionEnabled=true
2011-08-16 21:10:14,293 INFO org.apache.hadoop.hdfs.server.namenode.FSNamesystem: dfs.block.invalidate.limit=1000
2011-08-16 21:10:14,293 INFO org.apache.hadoop.hdfs.server.namenode.FSNamesystem: isAccessTokenEnabled=false accessKeyUpdateInterval=0 min(s), accessTokenLifetime=0 min(s)
2011-08-16 21:10:14,538 INFO org.apache.hadoop.hdfs.server.namenode.metrics.FSNamesystemMetrics: Initializing FSNamesystemMetrics using context object:org.apache.hadoop.metrics.spi.NullContext
2011-08-16 21:10:14,583 INFO org.apache.hadoop.hdfs.server.common.Storage: Number of files = 70
2011-08-16 21:10:14,610 INFO org.apache.hadoop.hdfs.server.common.Storage: Number of files under construction = 0
2011-08-16 21:10:14,611 INFO org.apache.hadoop.hdfs.server.common.Storage: Image file of size 9319 loaded in 0 seconds.
2011-08-16 21:10:14,611 INFO org.apache.hadoop.hdfs.server.common.Storage: Edits file /Users/madhatter/CDH3/hadoop-cache/dfs/name/current/edits of size 4 edits # 0 loaded in 0 seconds.
2011-08-16 21:10:14,619 INFO org.apache.hadoop.hdfs.server.common.Storage: Image file of size 9319 saved in 0 seconds.
2011-08-16 21:10:14,721 INFO org.apache.hadoop.hdfs.server.common.Storage: Image file of size 9319 saved in 0 seconds.
2011-08-16 21:10:14,749 INFO org.apache.hadoop.hdfs.server.namenode.FSNamesystem: Finished loading FSImage in 475 msecs
2011-08-16 21:10:14,762 INFO org.apache.hadoop.hdfs.StateChange: STATE* Safe mode ON. 
The reported blocks 0 needs additional 38 blocks to reach the threshold 0,9990 of total blocks 39. Safe mode will be turned off automatically.
2011-08-16 21:10:14,775 INFO org.apache.hadoop.util.HostsFileReader: Refreshing hosts (include/exclude) list
2011-08-16 21:10:14,819 INFO org.apache.hadoop.ipc.Server: Starting Socket Reader #1 for port 8020
2011-08-16 21:10:14,823 INFO org.apache.hadoop.ipc.metrics.RpcMetrics: Initializing RPC Metrics with hostName=NameNode, port=8020
2011-08-16 21:10:14,824 INFO org.apache.hadoop.ipc.metrics.RpcDetailedMetrics: Initializing RPC Metrics with hostName=NameNode, port=8020
2011-08-16 21:10:14,827 INFO org.apache.hadoop.hdfs.server.namenode.NameNode: Namenode up at: localhost/127.0.0.1:8020
2011-08-16 21:10:14,930 INFO org.mortbay.log: Logging to org.slf4j.impl.Log4jLoggerAdapter(org.mortbay.log) via org.mortbay.log.Slf4jLog
2011-08-16 21:10:14,997 INFO org.apache.hadoop.http.HttpServer: Added global filtersafety (class=org.apache.hadoop.http.HttpServer$QuotingInputFilter)
2011-08-16 21:10:15,024 INFO org.apache.hadoop.http.HttpServer: Port returned by webServer.getConnectors()[0].getLocalPort() before open() is -1. Opening the listener on 50070
2011-08-16 21:10:15,026 INFO org.apache.hadoop.http.HttpServer: listener.getLocalPort() returned 50070 webServer.getConnectors()[0].getLocalPort() returned 50070
2011-08-16 21:10:15,026 INFO org.apache.hadoop.http.HttpServer: Jetty bound to port 50070
2011-08-16 21:10:15,026 INFO org.mortbay.log: jetty-6.1.26
2011-08-16 21:10:15,650 INFO org.mortbay.log: Started SelectChannelConnector@0.0.0.0:50070
2011-08-16 21:10:15,650 INFO org.apache.hadoop.hdfs.server.namenode.NameNode: Web-server up at: 0.0.0.0:50070
2011-08-16 21:10:15,655 INFO org.apache.hadoop.ipc.Server: IPC Server Responder: starting
2011-08-16 21:10:15,655 INFO org.apache.hadoop.ipc.Server: IPC Server listener on 8020: starting
2011-08-16 21:10:15,656 INFO org.apache.hadoop.ipc.Server: IPC Server handler 0 on 8020: starting
2011-08-16 21:10:15,657 INFO org.apache.hadoop.ipc.Server: IPC Server handler 1 on 8020: starting
2011-08-16 21:10:15,657 INFO org.apache.hadoop.ipc.Server: IPC Server handler 2 on 8020: starting
2011-08-16 21:10:15,657 INFO org.apache.hadoop.ipc.Server: IPC Server handler 3 on 8020: starting
2011-08-16 21:10:15,658 INFO org.apache.hadoop.ipc.Server: IPC Server handler 4 on 8020: starting
2011-08-16 21:10:15,658 INFO org.apache.hadoop.ipc.Server: IPC Server handler 5 on 8020: starting
2011-08-16 21:10:15,659 INFO org.apache.hadoop.ipc.Server: IPC Server handler 6 on 8020: starting
2011-08-16 21:10:15,659 INFO org.apache.hadoop.ipc.Server: IPC Server handler 7 on 8020: starting
2011-08-16 21:10:15,659 INFO org.apache.hadoop.ipc.Server: IPC Server handler 8 on 8020: starting
2011-08-16 21:10:15,659 INFO org.apache.hadoop.ipc.Server: IPC Server handler 9 on 8020: starting
2011-08-16 21:10:17,619 INFO org.apache.hadoop.hdfs.StateChange: BLOCK* NameSystem.registerDatanode: node registration from 127.0.0.1:50010 storage DS-1179262424-172.20.10.2-50010-1312957867331
2011-08-16 21:10:17,622 INFO org.apache.hadoop.net.NetworkTopology: Adding a new node: /default-rack/127.0.0.1:50010
2011-08-16 21:10:17,664 INFO org.apache.hadoop.hdfs.StateChange: STATE* Safe mode extension entered. 
The reported blocks 38 has reached the threshold 0,9990 of total blocks 39. Safe mode will be turned off automatically in 29 seconds.
2011-08-16 21:10:20,865 INFO org.apache.hadoop.ipc.Server: IPC Server handler 2 on 8020, call setPermission(/Users/madhatter/CDH3/hadoop-cache/mapred/system, rwx------) from 127.0.0.1:52898: error: org.apache.hadoop.hdfs.server.namenode.SafeModeException: Cannot set permission for /Users/madhatter/CDH3/hadoop-cache/mapred/system. Name node is in safe mode.
The reported blocks 39 has reached the threshold 0,9990 of total blocks 39. Safe mode will be turned off automatically in 26 seconds.
org.apache.hadoop.hdfs.server.namenode.SafeModeException: Cannot set permission for /Users/madhatter/CDH3/hadoop-cache/mapred/system. Name node is in safe mode.
The reported blocks 39 has reached the threshold 0,9990 of total blocks 39. Safe mode will be turned off automatically in 26 seconds.
	at org.apache.hadoop.hdfs.server.namenode.FSNamesystem.setPermission(FSNamesystem.java:798)
	at org.apache.hadoop.hdfs.server.namenode.NameNode.setPermission(NameNode.java:621)
	at sun.reflect.NativeMethodAccessorImpl.invoke0(Native Method)
	at sun.reflect.NativeMethodAccessorImpl.invoke(NativeMethodAccessorImpl.java:39)
	at sun.reflect.DelegatingMethodAccessorImpl.invoke(DelegatingMethodAccessorImpl.java:25)
	at java.lang.reflect.Method.invoke(Method.java:597)
	at org.apache.hadoop.ipc.RPC$Server.call(RPC.java:557)
	at org.apache.hadoop.ipc.Server$Handler$1.run(Server.java:1434)
	at org.apache.hadoop.ipc.Server$Handler$1.run(Server.java:1430)
	at java.security.AccessController.doPrivileged(Native Method)
	at javax.security.auth.Subject.doAs(Subject.java:396)
	at org.apache.hadoop.security.UserGroupInformation.doAs(UserGroupInformation.java:1127)
	at org.apache.hadoop.ipc.Server$Handler.run(Server.java:1428)
2011-08-16 21:10:30,879 INFO org.apache.hadoop.ipc.Server: IPC Server handler 9 on 8020, call setPermission(/Users/madhatter/CDH3/hadoop-cache/mapred/system, rwx------) from 127.0.0.1:52903: error: org.apache.hadoop.hdfs.server.namenode.SafeModeException: Cannot set permission for /Users/madhatter/CDH3/hadoop-cache/mapred/system. Name node is in safe mode.
The reported blocks 39 has reached the threshold 0,9990 of total blocks 39. Safe mode will be turned off automatically in 16 seconds.
org.apache.hadoop.hdfs.server.namenode.SafeModeException: Cannot set permission for /Users/madhatter/CDH3/hadoop-cache/mapred/system. Name node is in safe mode.
The reported blocks 39 has reached the threshold 0,9990 of total blocks 39. Safe mode will be turned off automatically in 16 seconds.
	at org.apache.hadoop.hdfs.server.namenode.FSNamesystem.setPermission(FSNamesystem.java:798)
	at org.apache.hadoop.hdfs.server.namenode.NameNode.setPermission(NameNode.java:621)
	at sun.reflect.NativeMethodAccessorImpl.invoke0(Native Method)
	at sun.reflect.NativeMethodAccessorImpl.invoke(NativeMethodAccessorImpl.java:39)
	at sun.reflect.DelegatingMethodAccessorImpl.invoke(DelegatingMethodAccessorImpl.java:25)
	at java.lang.reflect.Method.invoke(Method.java:597)
	at org.apache.hadoop.ipc.RPC$Server.call(RPC.java:557)
	at org.apache.hadoop.ipc.Server$Handler$1.run(Server.java:1434)
	at org.apache.hadoop.ipc.Server$Handler$1.run(Server.java:1430)
	at java.security.AccessController.doPrivileged(Native Method)
	at javax.security.auth.Subject.doAs(Subject.java:396)
	at org.apache.hadoop.security.UserGroupInformation.doAs(UserGroupInformation.java:1127)
	at org.apache.hadoop.ipc.Server$Handler.run(Server.java:1428)
2011-08-16 21:10:37,697 INFO org.apache.hadoop.hdfs.StateChange: STATE* Safe mode ON. 
The reported blocks 39 has reached the threshold 0,9990 of total blocks 39. Safe mode will be turned off automatically in 9 seconds.
2011-08-16 21:10:40,889 INFO org.apache.hadoop.ipc.Server: IPC Server handler 6 on 8020, call setPermission(/Users/madhatter/CDH3/hadoop-cache/mapred/system, rwx------) from 127.0.0.1:52904: error: org.apache.hadoop.hdfs.server.namenode.SafeModeException: Cannot set permission for /Users/madhatter/CDH3/hadoop-cache/mapred/system. Name node is in safe mode.
The reported blocks 39 has reached the threshold 0,9990 of total blocks 39. Safe mode will be turned off automatically in 6 seconds.
org.apache.hadoop.hdfs.server.namenode.SafeModeException: Cannot set permission for /Users/madhatter/CDH3/hadoop-cache/mapred/system. Name node is in safe mode.
The reported blocks 39 has reached the threshold 0,9990 of total blocks 39. Safe mode will be turned off automatically in 6 seconds.
	at org.apache.hadoop.hdfs.server.namenode.FSNamesystem.setPermission(FSNamesystem.java:798)
	at org.apache.hadoop.hdfs.server.namenode.NameNode.setPermission(NameNode.java:621)
	at sun.reflect.NativeMethodAccessorImpl.invoke0(Native Method)
	at sun.reflect.NativeMethodAccessorImpl.invoke(NativeMethodAccessorImpl.java:39)
	at sun.reflect.DelegatingMethodAccessorImpl.invoke(DelegatingMethodAccessorImpl.java:25)
	at java.lang.reflect.Method.invoke(Method.java:597)
	at org.apache.hadoop.ipc.RPC$Server.call(RPC.java:557)
	at org.apache.hadoop.ipc.Server$Handler$1.run(Server.java:1434)
	at org.apache.hadoop.ipc.Server$Handler$1.run(Server.java:1430)
	at java.security.AccessController.doPrivileged(Native Method)
	at javax.security.auth.Subject.doAs(Subject.java:396)
	at org.apache.hadoop.security.UserGroupInformation.doAs(UserGroupInformation.java:1127)
	at org.apache.hadoop.ipc.Server$Handler.run(Server.java:1428)
2011-08-16 21:10:47,712 INFO org.apache.hadoop.hdfs.server.namenode.FSNamesystem: Total number of blocks = 39
2011-08-16 21:10:47,712 INFO org.apache.hadoop.hdfs.server.namenode.FSNamesystem: Number of invalid blocks = 0
2011-08-16 21:10:47,712 INFO org.apache.hadoop.hdfs.server.namenode.FSNamesystem: Number of under-replicated blocks = 9
2011-08-16 21:10:47,712 INFO org.apache.hadoop.hdfs.server.namenode.FSNamesystem: Number of  over-replicated blocks = 0
2011-08-16 21:10:47,712 INFO org.apache.hadoop.hdfs.StateChange: STATE* Leaving safe mode after 33 secs.
2011-08-16 21:10:47,712 INFO org.apache.hadoop.hdfs.StateChange: STATE* Safe mode is OFF.
2011-08-16 21:10:47,712 INFO org.apache.hadoop.hdfs.StateChange: STATE* Network topology has 1 racks and 1 datanodes
2011-08-16 21:10:47,712 INFO org.apache.hadoop.hdfs.StateChange: STATE* UnderReplicatedBlocks has 9 blocks
2011-08-16 21:10:51,139 INFO org.apache.hadoop.hdfs.StateChange: BLOCK* NameSystem.addToInvalidates: blk_7888945775388219236 is added to invalidSet of 127.0.0.1:50010
2011-08-16 21:10:51,247 INFO org.apache.hadoop.hdfs.StateChange: BLOCK* NameSystem.allocateBlock: /Users/madhatter/CDH3/hadoop-cache/mapred/system/jobtracker.info. blk_3344725866113375703_1079
2011-08-16 21:10:51,300 INFO org.apache.hadoop.hdfs.StateChange: BLOCK* NameSystem.addStoredBlock: blockMap updated: 127.0.0.1:50010 is added to blk_3344725866113375703_1079 size 4
2011-08-16 21:10:51,304 INFO org.apache.hadoop.hdfs.StateChange: Removing lease on  file /Users/madhatter/CDH3/hadoop-cache/mapred/system/jobtracker.info from client DFSClient_913872019
2011-08-16 21:10:51,304 INFO org.apache.hadoop.hdfs.StateChange: DIR* NameSystem.completeFile: file /Users/madhatter/CDH3/hadoop-cache/mapred/system/jobtracker.info is closed by DFSClient_913872019
2011-08-16 21:10:53,777 INFO org.apache.hadoop.hdfs.StateChange: BLOCK* ask 127.0.0.1:50010 to delete  blk_7888945775388219236_1078
2011-08-16 21:11:25,247 INFO org.apache.hadoop.hdfs.server.namenode.FSNamesystem: Number of transactions: 7 Total time for transactions(ms): 0Number of transactions batched in Syncs: 0 Number of syncs: 5 SyncTimes(ms): 237 
2011-08-16 21:11:25,293 INFO org.apache.hadoop.hdfs.StateChange: BLOCK* NameSystem.allocateBlock: /Users/madhatter/CDH3/hadoop-cache/mapred/staging/madhatter/.staging/job_201108162110_0001/job.jar. blk_3458149748784915483_1080
2011-08-16 21:11:25,358 INFO org.apache.hadoop.hdfs.StateChange: BLOCK* NameSystem.addStoredBlock: blockMap updated: 127.0.0.1:50010 is added to blk_3458149748784915483_1080 size 6807
2011-08-16 21:11:25,360 INFO org.apache.hadoop.hdfs.StateChange: Removing lease on  file /Users/madhatter/CDH3/hadoop-cache/mapred/staging/madhatter/.staging/job_201108162110_0001/job.jar from client DFSClient_1589293644
2011-08-16 21:11:25,360 INFO org.apache.hadoop.hdfs.StateChange: DIR* NameSystem.completeFile: file /Users/madhatter/CDH3/hadoop-cache/mapred/staging/madhatter/.staging/job_201108162110_0001/job.jar is closed by DFSClient_1589293644
2011-08-16 21:11:25,363 INFO org.apache.hadoop.hdfs.server.namenode.FSNamesystem: Increasing replication for file /Users/madhatter/CDH3/hadoop-cache/mapred/staging/madhatter/.staging/job_201108162110_0001/job.jar. New replication is 10
2011-08-16 21:11:25,447 INFO org.apache.hadoop.hdfs.server.namenode.FSNamesystem: Increasing replication for file /Users/madhatter/CDH3/hadoop-cache/mapred/staging/madhatter/.staging/job_201108162110_0001/job.split. New replication is 10
2011-08-16 21:11:25,460 INFO org.apache.hadoop.hdfs.StateChange: BLOCK* NameSystem.allocateBlock: /Users/madhatter/CDH3/hadoop-cache/mapred/staging/madhatter/.staging/job_201108162110_0001/job.split. blk_-1889989311282537752_1081
2011-08-16 21:11:25,485 INFO org.apache.hadoop.hdfs.StateChange: BLOCK* NameSystem.addStoredBlock: blockMap updated: 127.0.0.1:50010 is added to blk_-1889989311282537752_1081 size 209
2011-08-16 21:11:25,485 INFO org.apache.hadoop.hdfs.StateChange: Removing lease on  file /Users/madhatter/CDH3/hadoop-cache/mapred/staging/madhatter/.staging/job_201108162110_0001/job.split from client DFSClient_1589293644
2011-08-16 21:11:25,486 INFO org.apache.hadoop.hdfs.StateChange: DIR* NameSystem.completeFile: file /Users/madhatter/CDH3/hadoop-cache/mapred/staging/madhatter/.staging/job_201108162110_0001/job.split is closed by DFSClient_1589293644
2011-08-16 21:11:25,520 INFO org.apache.hadoop.hdfs.StateChange: BLOCK* NameSystem.allocateBlock: /Users/madhatter/CDH3/hadoop-cache/mapred/staging/madhatter/.staging/job_201108162110_0001/job.splitmetainfo. blk_706709046791346622_1082
2011-08-16 21:11:25,526 INFO org.apache.hadoop.hdfs.StateChange: BLOCK* NameSystem.addStoredBlock: blockMap updated: 127.0.0.1:50010 is added to blk_706709046791346622_1082 size 48
2011-08-16 21:11:25,532 INFO org.apache.hadoop.hdfs.StateChange: Removing lease on  file /Users/madhatter/CDH3/hadoop-cache/mapred/staging/madhatter/.staging/job_201108162110_0001/job.splitmetainfo from client DFSClient_1589293644
2011-08-16 21:11:25,533 INFO org.apache.hadoop.hdfs.StateChange: DIR* NameSystem.completeFile: file /Users/madhatter/CDH3/hadoop-cache/mapred/staging/madhatter/.staging/job_201108162110_0001/job.splitmetainfo is closed by DFSClient_1589293644
2011-08-16 21:11:25,788 INFO org.apache.hadoop.hdfs.StateChange: BLOCK* NameSystem.allocateBlock: /Users/madhatter/CDH3/hadoop-cache/mapred/staging/madhatter/.staging/job_201108162110_0001/job.xml. blk_7457584941414918645_1083
2011-08-16 21:11:25,795 INFO org.apache.hadoop.hdfs.StateChange: BLOCK* NameSystem.addStoredBlock: blockMap updated: 127.0.0.1:50010 is added to blk_7457584941414918645_1083 size 28792
2011-08-16 21:11:25,796 INFO org.apache.hadoop.hdfs.StateChange: Removing lease on  file /Users/madhatter/CDH3/hadoop-cache/mapred/staging/madhatter/.staging/job_201108162110_0001/job.xml from client DFSClient_1589293644
2011-08-16 21:11:25,796 INFO org.apache.hadoop.hdfs.StateChange: DIR* NameSystem.completeFile: file /Users/madhatter/CDH3/hadoop-cache/mapred/staging/madhatter/.staging/job_201108162110_0001/job.xml is closed by DFSClient_1589293644
2011-08-16 21:11:26,303 INFO org.apache.hadoop.hdfs.StateChange: BLOCK* NameSystem.allocateBlock: /user/madhatter/final/_logs/history/localhost_1313521819869_job_201108162110_0001_conf.xml. blk_9141622358151552105_1085
2011-08-16 21:11:26,316 INFO org.apache.hadoop.hdfs.StateChange: BLOCK* NameSystem.addStoredBlock: blockMap updated: 127.0.0.1:50010 is added to blk_9141622358151552105_1085 size 44772
2011-08-16 21:11:26,718 INFO org.apache.hadoop.hdfs.StateChange: Removing lease on  file /user/madhatter/final/_logs/history/localhost_1313521819869_job_201108162110_0001_conf.xml from client DFSClient_-975295998
2011-08-16 21:11:26,719 INFO org.apache.hadoop.hdfs.StateChange: DIR* NameSystem.completeFile: file /user/madhatter/final/_logs/history/localhost_1313521819869_job_201108162110_0001_conf.xml is closed by DFSClient_-975295998
2011-08-16 21:11:26,838 INFO org.apache.hadoop.hdfs.StateChange: BLOCK* NameSystem.allocateBlock: /Users/madhatter/CDH3/hadoop-cache/mapred/system/job_201108162110_0001/jobToken. blk_135497333120598883_1086
2011-08-16 21:11:26,843 INFO org.apache.hadoop.hdfs.StateChange: BLOCK* NameSystem.addStoredBlock: blockMap updated: 127.0.0.1:50010 is added to blk_135497333120598883_1086 size 106
2011-08-16 21:11:26,844 INFO org.apache.hadoop.hdfs.StateChange: Removing lease on  file /Users/madhatter/CDH3/hadoop-cache/mapred/system/job_201108162110_0001/jobToken from client DFSClient_-414476156
2011-08-16 21:11:26,844 INFO org.apache.hadoop.hdfs.StateChange: DIR* NameSystem.completeFile: file /Users/madhatter/CDH3/hadoop-cache/mapred/system/job_201108162110_0001/jobToken is closed by DFSClient_-414476156
2011-08-16 21:11:40,713 INFO org.apache.hadoop.hdfs.StateChange: BLOCK* NameSystem.allocateBlock: /user/madhatter/final/_temporary/_attempt_201108162110_0001_r_000000_0/part-00000. blk_-8480579380740736052_1087
2011-08-16 21:11:40,746 INFO org.apache.hadoop.hdfs.StateChange: BLOCK* NameSystem.addStoredBlock: blockMap updated: 127.0.0.1:50010 is added to blk_-8480579380740736052_1087 size 17
2011-08-16 21:11:40,749 INFO org.apache.hadoop.hdfs.StateChange: Removing lease on  file /user/madhatter/final/_temporary/_attempt_201108162110_0001_r_000000_0/part-00000 from client DFSClient_attempt_201108162110_0001_r_000000_0
2011-08-16 21:11:40,749 INFO org.apache.hadoop.hdfs.StateChange: DIR* NameSystem.completeFile: file /user/madhatter/final/_temporary/_attempt_201108162110_0001_r_000000_0/part-00000 is closed by DFSClient_attempt_201108162110_0001_r_000000_0
2011-08-16 21:11:43,325 INFO org.apache.hadoop.hdfs.StateChange: Removing lease on  file /user/madhatter/final/_SUCCESS from client DFSClient_attempt_201108162110_0001_m_000002_0
2011-08-16 21:11:43,325 INFO org.apache.hadoop.hdfs.StateChange: DIR* NameSystem.completeFile: file /user/madhatter/final/_SUCCESS is closed by DFSClient_attempt_201108162110_0001_m_000002_0
2011-08-16 21:11:43,327 INFO org.apache.hadoop.hdfs.StateChange: BLOCK* NameSystem.addToInvalidates: blk_3458149748784915483 is added to invalidSet of 127.0.0.1:50010
2011-08-16 21:11:43,328 INFO org.apache.hadoop.hdfs.StateChange: BLOCK* NameSystem.addToInvalidates: blk_-1889989311282537752 is added to invalidSet of 127.0.0.1:50010
2011-08-16 21:11:43,328 INFO org.apache.hadoop.hdfs.StateChange: BLOCK* NameSystem.addToInvalidates: blk_706709046791346622 is added to invalidSet of 127.0.0.1:50010
2011-08-16 21:11:43,328 INFO org.apache.hadoop.hdfs.StateChange: BLOCK* NameSystem.addToInvalidates: blk_7457584941414918645 is added to invalidSet of 127.0.0.1:50010
2011-08-16 21:11:43,388 INFO org.apache.hadoop.hdfs.StateChange: BLOCK* NameSystem.allocateBlock: /user/madhatter/final/_logs/history/localhost_1313521819869_job_201108162110_0001_madhatter_Max+temperature. blk_63021585907052219_1088
2011-08-16 21:11:43,410 INFO org.apache.hadoop.hdfs.StateChange: BLOCK* NameSystem.addStoredBlock: blockMap updated: 127.0.0.1:50010 is added to blk_63021585907052219_1088 size 11260
2011-08-16 21:11:43,412 INFO org.apache.hadoop.hdfs.StateChange: Removing lease on  file /user/madhatter/final/_logs/history/localhost_1313521819869_job_201108162110_0001_madhatter_Max+temperature from client DFSClient_-975295998
2011-08-16 21:11:43,412 INFO org.apache.hadoop.hdfs.StateChange: DIR* NameSystem.completeFile: file /user/madhatter/final/_logs/history/localhost_1313521819869_job_201108162110_0001_madhatter_Max+temperature is closed by DFSClient_-975295998
2011-08-16 21:11:43,501 INFO org.apache.hadoop.hdfs.StateChange: BLOCK* NameSystem.addToInvalidates: blk_135497333120598883 is added to invalidSet of 127.0.0.1:50010
2011-08-16 21:11:44,809 INFO org.apache.hadoop.hdfs.StateChange: BLOCK* ask 127.0.0.1:50010 to delete  blk_-1889989311282537752_1081 blk_7457584941414918645_1083 blk_3458149748784915483_1080 blk_135497333120598883_1086 blk_706709046791346622_1082
2011-08-16 21:15:19,114 INFO org.apache.hadoop.hdfs.server.namenode.FSNamesystem: Roll Edit Log from 127.0.0.1
2011-08-16 21:15:19,114 INFO org.apache.hadoop.hdfs.server.namenode.FSNamesystem: Number of transactions: 53 Total time for transactions(ms): 0Number of transactions batched in Syncs: 2 Number of syncs: 38 SyncTimes(ms): 338 
2011-08-16 21:15:19,927 INFO org.apache.hadoop.hdfs.server.namenode.FSNamesystem: Roll FSImage from 127.0.0.1
2011-08-16 21:15:19,927 INFO org.apache.hadoop.hdfs.server.namenode.FSNamesystem: Number of transactions: 0 Total time for transactions(ms): 0Number of transactions batched in Syncs: 0 Number of syncs: 1 SyncTimes(ms): 42 
2011-08-16 21:22:02,813 INFO org.apache.hadoop.hdfs.server.namenode.FSNamesystem: Number of transactions: 1 Total time for transactions(ms): 0Number of transactions batched in Syncs: 0 Number of syncs: 0 SyncTimes(ms): 0 
2011-08-16 22:12:16,981 INFO org.apache.hadoop.hdfs.server.namenode.NameNode: SHUTDOWN_MSG: 
/************************************************************
SHUTDOWN_MSG: Shutting down NameNode at MacBookPro.local/192.168.0.100
************************************************************/
2011-08-16 22:12:20,830 INFO org.apache.hadoop.hdfs.server.namenode.NameNode: STARTUP_MSG: 
/************************************************************
STARTUP_MSG: Starting NameNode
STARTUP_MSG:   host = MacBookPro.local/192.168.0.100
STARTUP_MSG:   args = []
STARTUP_MSG:   version = 0.20.2-cdh3u1
STARTUP_MSG:   build = file:///var/lib/jenkins/workspace/CDH3u1-CentOS-Hadoop-Tarball/hadoop20/hadoop-0.20.2-cdh3u1 -r bdafb1dbffd0d5f2fbc6ee022e1c8df6500fd638; compiled by 'jenkins' on Mon Jul 18 12:08:54 PDT 2011
************************************************************/
2011-08-16 22:12:21,046 INFO org.apache.hadoop.metrics.jvm.JvmMetrics: Initializing JVM Metrics with processName=NameNode, sessionId=null
2011-08-16 22:12:21,049 INFO org.apache.hadoop.hdfs.server.namenode.metrics.NameNodeMetrics: Initializing NameNodeMeterics using context object:org.apache.hadoop.metrics.spi.NullContext
2011-08-16 22:12:21,075 INFO org.apache.hadoop.hdfs.util.GSet: VM type       = 64-bit
2011-08-16 22:12:21,075 INFO org.apache.hadoop.hdfs.util.GSet: 2% max memory = 19.9175 MB
2011-08-16 22:12:21,075 INFO org.apache.hadoop.hdfs.util.GSet: capacity      = 2^21 = 2097152 entries
2011-08-16 22:12:21,075 INFO org.apache.hadoop.hdfs.util.GSet: recommended=2097152, actual=2097152
2011-08-16 22:12:21,144 INFO org.apache.hadoop.hdfs.server.namenode.FSNamesystem: fsOwner=madhatter
2011-08-16 22:12:21,144 INFO org.apache.hadoop.hdfs.server.namenode.FSNamesystem: supergroup=supergroup
2011-08-16 22:12:21,144 INFO org.apache.hadoop.hdfs.server.namenode.FSNamesystem: isPermissionEnabled=true
2011-08-16 22:12:21,152 INFO org.apache.hadoop.hdfs.server.namenode.FSNamesystem: dfs.block.invalidate.limit=1000
2011-08-16 22:12:21,153 INFO org.apache.hadoop.hdfs.server.namenode.FSNamesystem: isAccessTokenEnabled=false accessKeyUpdateInterval=0 min(s), accessTokenLifetime=0 min(s)
2011-08-16 22:12:21,407 INFO org.apache.hadoop.hdfs.server.namenode.metrics.FSNamesystemMetrics: Initializing FSNamesystemMetrics using context object:org.apache.hadoop.metrics.spi.NullContext
2011-08-16 22:12:21,456 INFO org.apache.hadoop.hdfs.server.common.Storage: Number of files = 77
2011-08-16 22:12:21,483 INFO org.apache.hadoop.hdfs.server.common.Storage: Number of files under construction = 0
2011-08-16 22:12:21,483 INFO org.apache.hadoop.hdfs.server.common.Storage: Image file of size 10166 loaded in 0 seconds.
2011-08-16 22:12:21,486 INFO org.apache.hadoop.hdfs.server.namenode.FSNamesystem: Invalid opcode, reached end of edit log Number of transactions found 1
2011-08-16 22:12:21,493 INFO org.apache.hadoop.hdfs.server.common.Storage: Edits file /Users/madhatter/CDH3/hadoop-cache/dfs/name/current/edits of size 1048580 edits # 1 loaded in 0 seconds.
2011-08-16 22:12:21,498 INFO org.apache.hadoop.hdfs.server.common.Storage: Image file of size 10258 saved in 0 seconds.
2011-08-16 22:12:21,615 INFO org.apache.hadoop.hdfs.server.common.Storage: Image file of size 10258 saved in 0 seconds.
2011-08-16 22:12:21,632 INFO org.apache.hadoop.hdfs.server.namenode.FSNamesystem: Finished loading FSImage in 496 msecs
2011-08-16 22:12:21,640 INFO org.apache.hadoop.hdfs.StateChange: STATE* Safe mode ON. 
The reported blocks 0 needs additional 41 blocks to reach the threshold 0,9990 of total blocks 42. Safe mode will be turned off automatically.
2011-08-16 22:12:21,657 INFO org.apache.hadoop.util.HostsFileReader: Refreshing hosts (include/exclude) list
2011-08-16 22:12:21,683 INFO org.apache.hadoop.ipc.Server: Starting Socket Reader #1 for port 8020
2011-08-16 22:12:21,686 INFO org.apache.hadoop.ipc.metrics.RpcMetrics: Initializing RPC Metrics with hostName=NameNode, port=8020
2011-08-16 22:12:21,687 INFO org.apache.hadoop.ipc.metrics.RpcDetailedMetrics: Initializing RPC Metrics with hostName=NameNode, port=8020
2011-08-16 22:12:21,696 INFO org.apache.hadoop.hdfs.server.namenode.NameNode: Namenode up at: localhost/127.0.0.1:8020
2011-08-16 22:12:21,762 INFO org.mortbay.log: Logging to org.slf4j.impl.Log4jLoggerAdapter(org.mortbay.log) via org.mortbay.log.Slf4jLog
2011-08-16 22:12:21,884 INFO org.apache.hadoop.http.HttpServer: Added global filtersafety (class=org.apache.hadoop.http.HttpServer$QuotingInputFilter)
2011-08-16 22:12:21,899 INFO org.apache.hadoop.http.HttpServer: Port returned by webServer.getConnectors()[0].getLocalPort() before open() is -1. Opening the listener on 50070
2011-08-16 22:12:21,901 INFO org.apache.hadoop.http.HttpServer: listener.getLocalPort() returned 50070 webServer.getConnectors()[0].getLocalPort() returned 50070
2011-08-16 22:12:21,901 INFO org.apache.hadoop.http.HttpServer: Jetty bound to port 50070
2011-08-16 22:12:21,901 INFO org.mortbay.log: jetty-6.1.26
2011-08-16 22:12:22,448 INFO org.mortbay.log: Started SelectChannelConnector@0.0.0.0:50070
2011-08-16 22:12:22,448 INFO org.apache.hadoop.hdfs.server.namenode.NameNode: Web-server up at: 0.0.0.0:50070
2011-08-16 22:12:22,449 INFO org.apache.hadoop.ipc.Server: IPC Server Responder: starting
2011-08-16 22:12:22,449 INFO org.apache.hadoop.ipc.Server: IPC Server listener on 8020: starting
2011-08-16 22:12:22,450 INFO org.apache.hadoop.ipc.Server: IPC Server handler 0 on 8020: starting
2011-08-16 22:12:22,451 INFO org.apache.hadoop.ipc.Server: IPC Server handler 1 on 8020: starting
2011-08-16 22:12:22,451 INFO org.apache.hadoop.ipc.Server: IPC Server handler 2 on 8020: starting
2011-08-16 22:12:22,451 INFO org.apache.hadoop.ipc.Server: IPC Server handler 3 on 8020: starting
2011-08-16 22:12:22,452 INFO org.apache.hadoop.ipc.Server: IPC Server handler 4 on 8020: starting
2011-08-16 22:12:22,452 INFO org.apache.hadoop.ipc.Server: IPC Server handler 5 on 8020: starting
2011-08-16 22:12:22,452 INFO org.apache.hadoop.ipc.Server: IPC Server handler 6 on 8020: starting
2011-08-16 22:12:22,452 INFO org.apache.hadoop.ipc.Server: IPC Server handler 7 on 8020: starting
2011-08-16 22:12:22,453 INFO org.apache.hadoop.ipc.Server: IPC Server handler 8 on 8020: starting
2011-08-16 22:12:22,453 INFO org.apache.hadoop.ipc.Server: IPC Server handler 9 on 8020: starting
2011-08-16 22:12:24,428 INFO org.apache.hadoop.hdfs.StateChange: BLOCK* NameSystem.registerDatanode: node registration from 127.0.0.1:50010 storage DS-1179262424-172.20.10.2-50010-1312957867331
2011-08-16 22:12:24,431 INFO org.apache.hadoop.net.NetworkTopology: Adding a new node: /default-rack/127.0.0.1:50010
2011-08-16 22:12:24,481 INFO org.apache.hadoop.hdfs.StateChange: STATE* Safe mode extension entered. 
The reported blocks 41 has reached the threshold 0,9990 of total blocks 42. Safe mode will be turned off automatically in 29 seconds.
2011-08-16 22:12:27,780 INFO org.apache.hadoop.ipc.Server: IPC Server handler 2 on 8020, call setPermission(/Users/madhatter/CDH3/hadoop-cache/mapred/system, rwx------) from 127.0.0.1:58153: error: org.apache.hadoop.hdfs.server.namenode.SafeModeException: Cannot set permission for /Users/madhatter/CDH3/hadoop-cache/mapred/system. Name node is in safe mode.
The reported blocks 42 has reached the threshold 0,9990 of total blocks 42. Safe mode will be turned off automatically in 26 seconds.
org.apache.hadoop.hdfs.server.namenode.SafeModeException: Cannot set permission for /Users/madhatter/CDH3/hadoop-cache/mapred/system. Name node is in safe mode.
The reported blocks 42 has reached the threshold 0,9990 of total blocks 42. Safe mode will be turned off automatically in 26 seconds.
	at org.apache.hadoop.hdfs.server.namenode.FSNamesystem.setPermission(FSNamesystem.java:798)
	at org.apache.hadoop.hdfs.server.namenode.NameNode.setPermission(NameNode.java:621)
	at sun.reflect.NativeMethodAccessorImpl.invoke0(Native Method)
	at sun.reflect.NativeMethodAccessorImpl.invoke(NativeMethodAccessorImpl.java:39)
	at sun.reflect.DelegatingMethodAccessorImpl.invoke(DelegatingMethodAccessorImpl.java:25)
	at java.lang.reflect.Method.invoke(Method.java:597)
	at org.apache.hadoop.ipc.RPC$Server.call(RPC.java:557)
	at org.apache.hadoop.ipc.Server$Handler$1.run(Server.java:1434)
	at org.apache.hadoop.ipc.Server$Handler$1.run(Server.java:1430)
	at java.security.AccessController.doPrivileged(Native Method)
	at javax.security.auth.Subject.doAs(Subject.java:396)
	at org.apache.hadoop.security.UserGroupInformation.doAs(UserGroupInformation.java:1127)
	at org.apache.hadoop.ipc.Server$Handler.run(Server.java:1428)
2011-08-16 22:12:37,793 INFO org.apache.hadoop.ipc.Server: IPC Server handler 9 on 8020, call setPermission(/Users/madhatter/CDH3/hadoop-cache/mapred/system, rwx------) from 127.0.0.1:58182: error: org.apache.hadoop.hdfs.server.namenode.SafeModeException: Cannot set permission for /Users/madhatter/CDH3/hadoop-cache/mapred/system. Name node is in safe mode.
The reported blocks 42 has reached the threshold 0,9990 of total blocks 42. Safe mode will be turned off automatically in 16 seconds.
org.apache.hadoop.hdfs.server.namenode.SafeModeException: Cannot set permission for /Users/madhatter/CDH3/hadoop-cache/mapred/system. Name node is in safe mode.
The reported blocks 42 has reached the threshold 0,9990 of total blocks 42. Safe mode will be turned off automatically in 16 seconds.
	at org.apache.hadoop.hdfs.server.namenode.FSNamesystem.setPermission(FSNamesystem.java:798)
	at org.apache.hadoop.hdfs.server.namenode.NameNode.setPermission(NameNode.java:621)
	at sun.reflect.NativeMethodAccessorImpl.invoke0(Native Method)
	at sun.reflect.NativeMethodAccessorImpl.invoke(NativeMethodAccessorImpl.java:39)
	at sun.reflect.DelegatingMethodAccessorImpl.invoke(DelegatingMethodAccessorImpl.java:25)
	at java.lang.reflect.Method.invoke(Method.java:597)
	at org.apache.hadoop.ipc.RPC$Server.call(RPC.java:557)
	at org.apache.hadoop.ipc.Server$Handler$1.run(Server.java:1434)
	at org.apache.hadoop.ipc.Server$Handler$1.run(Server.java:1430)
	at java.security.AccessController.doPrivileged(Native Method)
	at javax.security.auth.Subject.doAs(Subject.java:396)
	at org.apache.hadoop.security.UserGroupInformation.doAs(UserGroupInformation.java:1127)
	at org.apache.hadoop.ipc.Server$Handler.run(Server.java:1428)
2011-08-16 22:12:44,510 INFO org.apache.hadoop.hdfs.StateChange: STATE* Safe mode ON. 
The reported blocks 42 has reached the threshold 0,9990 of total blocks 42. Safe mode will be turned off automatically in 9 seconds.
2011-08-16 22:12:47,803 INFO org.apache.hadoop.ipc.Server: IPC Server handler 6 on 8020, call setPermission(/Users/madhatter/CDH3/hadoop-cache/mapred/system, rwx------) from 127.0.0.1:58206: error: org.apache.hadoop.hdfs.server.namenode.SafeModeException: Cannot set permission for /Users/madhatter/CDH3/hadoop-cache/mapred/system. Name node is in safe mode.
The reported blocks 42 has reached the threshold 0,9990 of total blocks 42. Safe mode will be turned off automatically in 6 seconds.
org.apache.hadoop.hdfs.server.namenode.SafeModeException: Cannot set permission for /Users/madhatter/CDH3/hadoop-cache/mapred/system. Name node is in safe mode.
The reported blocks 42 has reached the threshold 0,9990 of total blocks 42. Safe mode will be turned off automatically in 6 seconds.
	at org.apache.hadoop.hdfs.server.namenode.FSNamesystem.setPermission(FSNamesystem.java:798)
	at org.apache.hadoop.hdfs.server.namenode.NameNode.setPermission(NameNode.java:621)
	at sun.reflect.NativeMethodAccessorImpl.invoke0(Native Method)
	at sun.reflect.NativeMethodAccessorImpl.invoke(NativeMethodAccessorImpl.java:39)
	at sun.reflect.DelegatingMethodAccessorImpl.invoke(DelegatingMethodAccessorImpl.java:25)
	at java.lang.reflect.Method.invoke(Method.java:597)
	at org.apache.hadoop.ipc.RPC$Server.call(RPC.java:557)
	at org.apache.hadoop.ipc.Server$Handler$1.run(Server.java:1434)
	at org.apache.hadoop.ipc.Server$Handler$1.run(Server.java:1430)
	at java.security.AccessController.doPrivileged(Native Method)
	at javax.security.auth.Subject.doAs(Subject.java:396)
	at org.apache.hadoop.security.UserGroupInformation.doAs(UserGroupInformation.java:1127)
	at org.apache.hadoop.ipc.Server$Handler.run(Server.java:1428)
2011-08-16 22:12:54,527 INFO org.apache.hadoop.hdfs.server.namenode.FSNamesystem: Total number of blocks = 42
2011-08-16 22:12:54,527 INFO org.apache.hadoop.hdfs.server.namenode.FSNamesystem: Number of invalid blocks = 0
2011-08-16 22:12:54,527 INFO org.apache.hadoop.hdfs.server.namenode.FSNamesystem: Number of under-replicated blocks = 9
2011-08-16 22:12:54,527 INFO org.apache.hadoop.hdfs.server.namenode.FSNamesystem: Number of  over-replicated blocks = 0
2011-08-16 22:12:54,527 INFO org.apache.hadoop.hdfs.StateChange: STATE* Leaving safe mode after 33 secs.
2011-08-16 22:12:54,527 INFO org.apache.hadoop.hdfs.StateChange: STATE* Safe mode is OFF.
2011-08-16 22:12:54,527 INFO org.apache.hadoop.hdfs.StateChange: STATE* Network topology has 1 racks and 1 datanodes
2011-08-16 22:12:54,527 INFO org.apache.hadoop.hdfs.StateChange: STATE* UnderReplicatedBlocks has 9 blocks
2011-08-16 22:12:57,870 INFO org.apache.hadoop.hdfs.StateChange: BLOCK* NameSystem.addToInvalidates: blk_3344725866113375703 is added to invalidSet of 127.0.0.1:50010
2011-08-16 22:12:57,949 INFO org.apache.hadoop.hdfs.StateChange: BLOCK* NameSystem.allocateBlock: /Users/madhatter/CDH3/hadoop-cache/mapred/system/jobtracker.info. blk_-3411220059991460504_1089
2011-08-16 22:12:58,019 INFO org.apache.hadoop.hdfs.StateChange: BLOCK* NameSystem.addStoredBlock: blockMap updated: 127.0.0.1:50010 is added to blk_-3411220059991460504_1089 size 4
2011-08-16 22:12:58,021 INFO org.apache.hadoop.hdfs.StateChange: Removing lease on  file /Users/madhatter/CDH3/hadoop-cache/mapred/system/jobtracker.info from client DFSClient_1425378780
2011-08-16 22:12:58,021 INFO org.apache.hadoop.hdfs.StateChange: DIR* NameSystem.completeFile: file /Users/madhatter/CDH3/hadoop-cache/mapred/system/jobtracker.info is closed by DFSClient_1425378780
2011-08-16 22:13:00,660 INFO org.apache.hadoop.hdfs.StateChange: BLOCK* ask 127.0.0.1:50010 to delete  blk_3344725866113375703_1079
2011-08-16 22:15:49,122 INFO org.apache.hadoop.hdfs.server.namenode.FSNamesystem: Number of transactions: 7 Total time for transactions(ms): 1Number of transactions batched in Syncs: 0 Number of syncs: 5 SyncTimes(ms): 50 
2011-08-16 22:15:49,163 INFO org.apache.hadoop.hdfs.StateChange: BLOCK* NameSystem.allocateBlock: /hbase/hbase.version. blk_-6374258947024288005_1090
2011-08-16 22:15:49,206 INFO org.apache.hadoop.hdfs.StateChange: BLOCK* NameSystem.addStoredBlock: blockMap updated: 127.0.0.1:50010 is added to blk_-6374258947024288005_1090 size 3
2011-08-16 22:15:49,207 INFO org.apache.hadoop.hdfs.StateChange: Removing lease on  file /hbase/hbase.version from client DFSClient_hb_m_192.168.0.100:58594_1313525748708
2011-08-16 22:15:49,207 INFO org.apache.hadoop.hdfs.StateChange: DIR* NameSystem.completeFile: file /hbase/hbase.version is closed by DFSClient_hb_m_192.168.0.100:58594_1313525748708
2011-08-16 22:15:49,536 INFO org.apache.hadoop.hdfs.StateChange: BLOCK* NameSystem.allocateBlock: /hbase/-ROOT-/70236052/.tmp/.regioninfo. blk_3259798458793343990_1092
2011-08-16 22:15:49,543 INFO org.apache.hadoop.hdfs.StateChange: BLOCK* NameSystem.addStoredBlock: blockMap updated: 127.0.0.1:50010 is added to blk_3259798458793343990_1092 size 634
2011-08-16 22:15:49,545 INFO org.apache.hadoop.hdfs.StateChange: Removing lease on  file /hbase/-ROOT-/70236052/.tmp/.regioninfo from client DFSClient_hb_m_192.168.0.100:58594_1313525748708
2011-08-16 22:15:49,545 INFO org.apache.hadoop.hdfs.StateChange: DIR* NameSystem.completeFile: file /hbase/-ROOT-/70236052/.tmp/.regioninfo is closed by DFSClient_hb_m_192.168.0.100:58594_1313525748708
2011-08-16 22:15:49,639 INFO org.apache.hadoop.hdfs.StateChange: BLOCK* NameSystem.allocateBlock: /hbase/.META./1028785192/.tmp/.regioninfo. blk_-8302427382289215588_1094
2011-08-16 22:15:49,643 INFO org.apache.hadoop.hdfs.StateChange: BLOCK* NameSystem.addStoredBlock: blockMap updated: 127.0.0.1:50010 is added to blk_-8302427382289215588_1094 size 618
2011-08-16 22:15:49,645 INFO org.apache.hadoop.hdfs.StateChange: Removing lease on  file /hbase/.META./1028785192/.tmp/.regioninfo from client DFSClient_hb_m_192.168.0.100:58594_1313525748708
2011-08-16 22:15:49,645 INFO org.apache.hadoop.hdfs.StateChange: DIR* NameSystem.completeFile: file /hbase/.META./1028785192/.tmp/.regioninfo is closed by DFSClient_hb_m_192.168.0.100:58594_1313525748708
2011-08-16 22:15:49,661 INFO org.apache.hadoop.hdfs.StateChange: BLOCK* NameSystem.allocateBlock: /hbase/-ROOT-/70236052/.logs/hlog.1313525749419. blk_-7570294560779838613_1094
2011-08-16 22:15:49,666 INFO org.apache.hadoop.hdfs.StateChange: BLOCK* NameSystem.fsync: file /hbase/-ROOT-/70236052/.logs/hlog.1313525749419 for DFSClient_hb_m_192.168.0.100:58594_1313525748708
2011-08-16 22:15:49,685 INFO org.apache.hadoop.hdfs.StateChange: BLOCK* NameSystem.allocateBlock: /hbase/-ROOT-/70236052/.tmp/2081414832682678152. blk_-2720410471243993461_1095
2011-08-16 22:15:49,689 INFO org.apache.hadoop.hdfs.StateChange: BLOCK* NameSystem.addStoredBlock: blockMap updated: 127.0.0.1:50010 is added to blk_-2720410471243993461_1095 size 706
2011-08-16 22:15:49,691 INFO org.apache.hadoop.hdfs.StateChange: Removing lease on  file /hbase/-ROOT-/70236052/.tmp/2081414832682678152 from client DFSClient_hb_m_192.168.0.100:58594_1313525748708
2011-08-16 22:15:49,691 INFO org.apache.hadoop.hdfs.StateChange: DIR* NameSystem.completeFile: file /hbase/-ROOT-/70236052/.tmp/2081414832682678152 is closed by DFSClient_hb_m_192.168.0.100:58594_1313525748708
2011-08-16 22:15:49,719 INFO org.apache.hadoop.hdfs.StateChange: BLOCK* NameSystem.addStoredBlock: blockMap updated: 127.0.0.1:50010 is added to blk_-7570294560779838613_1094 size 607
2011-08-16 22:15:49,721 INFO org.apache.hadoop.hdfs.StateChange: Removing lease on  file /hbase/-ROOT-/70236052/.logs/hlog.1313525749419 from client DFSClient_hb_m_192.168.0.100:58594_1313525748708
2011-08-16 22:15:49,721 INFO org.apache.hadoop.hdfs.StateChange: DIR* NameSystem.completeFile: file /hbase/-ROOT-/70236052/.logs/hlog.1313525749419 is closed by DFSClient_hb_m_192.168.0.100:58594_1313525748708
2011-08-16 22:15:49,730 INFO org.apache.hadoop.hdfs.StateChange: BLOCK* NameSystem.allocateBlock: /hbase/.META./1028785192/.logs/hlog.1313525749628. blk_-4581141357604324244_1095
2011-08-16 22:15:49,735 INFO org.apache.hadoop.hdfs.StateChange: BLOCK* NameSystem.addStoredBlock: blockMap updated: 127.0.0.1:50010 is added to blk_-4581141357604324244_1095 size 124
2011-08-16 22:15:49,736 INFO org.apache.hadoop.hdfs.StateChange: Removing lease on  file /hbase/.META./1028785192/.logs/hlog.1313525749628 from client DFSClient_hb_m_192.168.0.100:58594_1313525748708
2011-08-16 22:15:49,737 INFO org.apache.hadoop.hdfs.StateChange: DIR* NameSystem.completeFile: file /hbase/.META./1028785192/.logs/hlog.1313525749628 is closed by DFSClient_hb_m_192.168.0.100:58594_1313525748708
2011-08-16 22:15:53,988 INFO org.apache.hadoop.hdfs.StateChange: BLOCK* NameSystem.allocateBlock: /hbase/.logs/192.168.0.100,58597,1313525748939/192.168.0.100%3A58597.1313525752975. blk_-5802474796192778111_1096
2011-08-16 22:15:53,993 INFO org.apache.hadoop.hdfs.StateChange: BLOCK* NameSystem.fsync: file /hbase/.logs/192.168.0.100,58597,1313525748939/192.168.0.100%3A58597.1313525752975 for DFSClient_hb_m_192.168.0.100:58594_1313525748708
2011-08-16 22:17:02,467 INFO org.apache.hadoop.hdfs.StateChange: BLOCK* NameSystem.addStoredBlock: blockMap updated: 127.0.0.1:50010 is added to blk_-5802474796192778111_1096 size 299
2011-08-16 22:17:02,469 INFO org.apache.hadoop.hdfs.StateChange: Removing lease on  file /hbase/.logs/192.168.0.100,58597,1313525748939/192.168.0.100%3A58597.1313525752975 from client DFSClient_hb_m_192.168.0.100:58594_1313525748708
2011-08-16 22:17:02,469 INFO org.apache.hadoop.hdfs.StateChange: DIR* NameSystem.completeFile: file /hbase/.logs/192.168.0.100,58597,1313525748939/192.168.0.100%3A58597.1313525752975 is closed by DFSClient_hb_m_192.168.0.100:58594_1313525748708
2011-08-16 22:17:02,469 INFO org.apache.hadoop.hdfs.server.namenode.FSNamesystem: Number of transactions: 56 Total time for transactions(ms): 2Number of transactions batched in Syncs: 0 Number of syncs: 42 SyncTimes(ms): 75 
2011-08-16 22:17:02,516 INFO org.apache.hadoop.hdfs.StateChange: BLOCK* NameSystem.allocateBlock: /hbase/-ROOT-/70236052/.tmp/444849009913489073. blk_-8863292939493201094_1097
2011-08-16 22:17:02,521 INFO org.apache.hadoop.hdfs.StateChange: BLOCK* NameSystem.addStoredBlock: blockMap updated: 127.0.0.1:50010 is added to blk_-8863292939493201094_1097 size 506
2011-08-16 22:17:02,522 INFO org.apache.hadoop.hdfs.StateChange: Removing lease on  file /hbase/-ROOT-/70236052/.tmp/444849009913489073 from client DFSClient_hb_m_192.168.0.100:58594_1313525748708
2011-08-16 22:17:02,522 INFO org.apache.hadoop.hdfs.StateChange: DIR* NameSystem.completeFile: file /hbase/-ROOT-/70236052/.tmp/444849009913489073 is closed by DFSClient_hb_m_192.168.0.100:58594_1313525748708
2011-08-16 22:17:25,991 INFO org.apache.hadoop.hdfs.server.namenode.FSNamesystem: Roll Edit Log from 127.0.0.1
2011-08-16 22:17:25,991 INFO org.apache.hadoop.hdfs.server.namenode.FSNamesystem: Number of transactions: 63 Total time for transactions(ms): 2Number of transactions batched in Syncs: 0 Number of syncs: 49 SyncTimes(ms): 112 
2011-08-16 22:17:26,691 INFO org.apache.hadoop.hdfs.server.namenode.FSNamesystem: Roll FSImage from 127.0.0.1
2011-08-16 22:17:26,691 INFO org.apache.hadoop.hdfs.server.namenode.FSNamesystem: Number of transactions: 0 Total time for transactions(ms): 0Number of transactions batched in Syncs: 0 Number of syncs: 1 SyncTimes(ms): 42 
2011-08-16 22:21:36,587 INFO org.apache.hadoop.hdfs.server.namenode.NameNode: SHUTDOWN_MSG: 
/************************************************************
SHUTDOWN_MSG: Shutting down NameNode at MacBookPro.local/192.168.0.100
************************************************************/
