2011-08-16 20:30:26,330 INFO org.apache.hadoop.mapred.TaskTracker: STARTUP_MSG: 
/************************************************************
STARTUP_MSG: Starting TaskTracker
STARTUP_MSG:   host = MacBookPro.local/192.168.0.100
STARTUP_MSG:   args = []
STARTUP_MSG:   version = 0.20.2-cdh3u1
STARTUP_MSG:   build = file:///var/lib/jenkins/workspace/CDH3u1-CentOS-Hadoop-Tarball/hadoop20/hadoop-0.20.2-cdh3u1 -r bdafb1dbffd0d5f2fbc6ee022e1c8df6500fd638; compiled by 'jenkins' on Mon Jul 18 12:08:54 PDT 2011
************************************************************/
2011-08-16 20:30:26,981 INFO org.mortbay.log: Logging to org.slf4j.impl.Log4jLoggerAdapter(org.mortbay.log) via org.mortbay.log.Slf4jLog
2011-08-16 20:30:27,047 INFO org.apache.hadoop.http.HttpServer: Added global filtersafety (class=org.apache.hadoop.http.HttpServer$QuotingInputFilter)
2011-08-16 20:30:27,070 INFO org.apache.hadoop.mapred.TaskLogsTruncater: Initializing logs' truncater with mapRetainSize=-1 and reduceRetainSize=-1
2011-08-16 20:30:27,074 INFO org.apache.hadoop.mapred.TaskTracker: Starting tasktracker with owner as madhatter
2011-08-16 20:30:27,138 WARN org.apache.hadoop.util.NativeCodeLoader: Unable to load native-hadoop library for your platform... using builtin-java classes where applicable
2011-08-16 20:30:27,239 INFO org.apache.hadoop.metrics.jvm.JvmMetrics: Initializing JVM Metrics with processName=TaskTracker, sessionId=
2011-08-16 20:30:27,264 INFO org.apache.hadoop.ipc.Server: Starting Socket Reader #1 for port 52362
2011-08-16 20:30:27,266 INFO org.apache.hadoop.ipc.metrics.RpcMetrics: Initializing RPC Metrics with hostName=TaskTracker, port=52362
2011-08-16 20:30:27,312 INFO org.apache.hadoop.ipc.metrics.RpcDetailedMetrics: Initializing RPC Metrics with hostName=TaskTracker, port=52362
2011-08-16 20:30:27,314 INFO org.apache.hadoop.ipc.Server: IPC Server Responder: starting
2011-08-16 20:30:27,314 INFO org.apache.hadoop.ipc.Server: IPC Server listener on 52362: starting
2011-08-16 20:30:27,315 INFO org.apache.hadoop.ipc.Server: IPC Server handler 0 on 52362: starting
2011-08-16 20:30:27,315 INFO org.apache.hadoop.ipc.Server: IPC Server handler 1 on 52362: starting
2011-08-16 20:30:27,315 INFO org.apache.hadoop.ipc.Server: IPC Server handler 2 on 52362: starting
2011-08-16 20:30:27,315 INFO org.apache.hadoop.ipc.Server: IPC Server handler 3 on 52362: starting
2011-08-16 20:30:27,316 INFO org.apache.hadoop.mapred.TaskTracker: TaskTracker up at: localhost/127.0.0.1:52362
2011-08-16 20:30:27,316 INFO org.apache.hadoop.mapred.TaskTracker: Starting tracker tracker_192.168.0.100:localhost/127.0.0.1:52362
2011-08-16 20:30:56,897 INFO org.apache.hadoop.mapred.TaskTracker:  Using MemoryCalculatorPlugin : null
2011-08-16 20:30:56,921 WARN org.apache.hadoop.util.ProcessTree: setsid is not available on this machine. So not using it.
2011-08-16 20:30:56,921 INFO org.apache.hadoop.util.ProcessTree: setsid exited with exit code 0
2011-08-16 20:30:56,923 INFO org.apache.hadoop.util.ProcfsBasedProcessTree: ProcfsBasedProcessTree currently is supported only on Linux.
2011-08-16 20:30:56,923 INFO org.apache.hadoop.mapred.TaskTracker: ProcessTree implementation is missing on this system. TaskMemoryManager is disabled.
2011-08-16 20:30:56,934 INFO org.apache.hadoop.mapred.TaskTracker: Starting thread: Map-events fetcher for all reduce tasks on tracker_192.168.0.100:localhost/127.0.0.1:52362
2011-08-16 20:30:56,947 INFO org.apache.hadoop.mapred.IndexCache: IndexCache created with max memory = 10485760
2011-08-16 20:30:56,954 INFO org.apache.hadoop.http.HttpServer: Port returned by webServer.getConnectors()[0].getLocalPort() before open() is -1. Opening the listener on 50060
2011-08-16 20:30:56,978 INFO org.apache.hadoop.http.HttpServer: listener.getLocalPort() returned 50060 webServer.getConnectors()[0].getLocalPort() returned 50060
2011-08-16 20:30:56,978 INFO org.apache.hadoop.http.HttpServer: Jetty bound to port 50060
2011-08-16 20:30:56,978 INFO org.mortbay.log: jetty-6.1.26
2011-08-16 20:30:57,429 INFO org.mortbay.log: Started SelectChannelConnector@0.0.0.0:50060
2011-08-16 20:30:57,429 INFO org.apache.hadoop.mapred.TaskTracker: FILE_CACHE_SIZE for mapOutputServlet set to : 2000
2011-08-16 20:30:57,442 INFO org.apache.hadoop.mapred.UserLogCleaner: Adding job_201108121808_0003 for user-log deletion with retainTimeStamp:1313605856923
2011-08-16 20:30:57,442 INFO org.apache.hadoop.mapred.UserLogCleaner: Adding job_201108121808_0005 for user-log deletion with retainTimeStamp:1313605856923
2011-08-16 20:30:57,442 INFO org.apache.hadoop.mapred.UserLogCleaner: Adding job_201108122319_0002 for user-log deletion with retainTimeStamp:1313605856923
2011-08-16 20:30:57,442 INFO org.apache.hadoop.mapred.UserLogCleaner: Adding job_201108150820_0001 for user-log deletion with retainTimeStamp:1313605856923
2011-08-16 20:30:57,442 INFO org.apache.hadoop.mapred.UserLogCleaner: Adding job_201108150837_0001 for user-log deletion with retainTimeStamp:1313605856923
2011-08-16 20:30:57,442 INFO org.apache.hadoop.mapred.UserLogCleaner: Adding job_201108150837_0003 for user-log deletion with retainTimeStamp:1313605856923
2011-08-16 20:50:39,090 ERROR org.apache.hadoop.mapred.TaskTracker: Caught exception: java.io.IOException: Call to localhost/127.0.0.1:9001 failed on local exception: java.io.EOFException
	at org.apache.hadoop.ipc.Client.wrapException(Client.java:1142)
	at org.apache.hadoop.ipc.Client.call(Client.java:1110)
	at org.apache.hadoop.ipc.RPC$Invoker.invoke(RPC.java:226)
	at org.apache.hadoop.mapred.$Proxy4.heartbeat(Unknown Source)
	at org.apache.hadoop.mapred.TaskTracker.transmitHeartBeat(TaskTracker.java:1759)
	at org.apache.hadoop.mapred.TaskTracker.offerService(TaskTracker.java:1565)
	at org.apache.hadoop.mapred.TaskTracker.run(TaskTracker.java:2330)
	at org.apache.hadoop.mapred.TaskTracker.main(TaskTracker.java:3580)
Caused by: java.io.EOFException
	at java.io.DataInputStream.readInt(DataInputStream.java:375)
	at org.apache.hadoop.ipc.Client$Connection.receiveResponse(Client.java:815)
	at org.apache.hadoop.ipc.Client$Connection.run(Client.java:724)

2011-08-16 20:50:39,090 INFO org.apache.hadoop.mapred.TaskTracker: Resending 'status' to 'localhost' with reponseId '3914
2011-08-16 20:50:39,163 INFO org.apache.hadoop.mapred.TaskTracker: SHUTDOWN_MSG: 
/************************************************************
SHUTDOWN_MSG: Shutting down TaskTracker at MacBookPro.local/192.168.0.100
************************************************************/
2011-08-16 21:10:20,876 INFO org.apache.hadoop.mapred.TaskTracker: STARTUP_MSG: 
/************************************************************
STARTUP_MSG: Starting TaskTracker
STARTUP_MSG:   host = MacBookPro.local/192.168.0.100
STARTUP_MSG:   args = []
STARTUP_MSG:   version = 0.20.2-cdh3u1
STARTUP_MSG:   build = file:///var/lib/jenkins/workspace/CDH3u1-CentOS-Hadoop-Tarball/hadoop20/hadoop-0.20.2-cdh3u1 -r bdafb1dbffd0d5f2fbc6ee022e1c8df6500fd638; compiled by 'jenkins' on Mon Jul 18 12:08:54 PDT 2011
************************************************************/
2011-08-16 21:10:21,553 INFO org.mortbay.log: Logging to org.slf4j.impl.Log4jLoggerAdapter(org.mortbay.log) via org.mortbay.log.Slf4jLog
2011-08-16 21:10:21,613 INFO org.apache.hadoop.http.HttpServer: Added global filtersafety (class=org.apache.hadoop.http.HttpServer$QuotingInputFilter)
2011-08-16 21:10:21,636 INFO org.apache.hadoop.mapred.TaskLogsTruncater: Initializing logs' truncater with mapRetainSize=-1 and reduceRetainSize=-1
2011-08-16 21:10:21,640 INFO org.apache.hadoop.mapred.TaskTracker: Starting tasktracker with owner as madhatter
2011-08-16 21:10:21,703 WARN org.apache.hadoop.util.NativeCodeLoader: Unable to load native-hadoop library for your platform... using builtin-java classes where applicable
2011-08-16 21:10:21,817 INFO org.apache.hadoop.metrics.jvm.JvmMetrics: Initializing JVM Metrics with processName=TaskTracker, sessionId=
2011-08-16 21:10:21,841 INFO org.apache.hadoop.ipc.Server: Starting Socket Reader #1 for port 52901
2011-08-16 21:10:21,843 INFO org.apache.hadoop.ipc.metrics.RpcMetrics: Initializing RPC Metrics with hostName=TaskTracker, port=52901
2011-08-16 21:10:21,888 INFO org.apache.hadoop.ipc.metrics.RpcDetailedMetrics: Initializing RPC Metrics with hostName=TaskTracker, port=52901
2011-08-16 21:10:21,890 INFO org.apache.hadoop.ipc.Server: IPC Server Responder: starting
2011-08-16 21:10:21,890 INFO org.apache.hadoop.ipc.Server: IPC Server listener on 52901: starting
2011-08-16 21:10:21,891 INFO org.apache.hadoop.ipc.Server: IPC Server handler 0 on 52901: starting
2011-08-16 21:10:21,891 INFO org.apache.hadoop.ipc.Server: IPC Server handler 1 on 52901: starting
2011-08-16 21:10:21,891 INFO org.apache.hadoop.ipc.Server: IPC Server handler 2 on 52901: starting
2011-08-16 21:10:21,892 INFO org.apache.hadoop.ipc.Server: IPC Server handler 3 on 52901: starting
2011-08-16 21:10:21,892 INFO org.apache.hadoop.mapred.TaskTracker: TaskTracker up at: localhost/127.0.0.1:52901
2011-08-16 21:10:21,892 INFO org.apache.hadoop.mapred.TaskTracker: Starting tracker tracker_192.168.0.100:localhost/127.0.0.1:52901
2011-08-16 21:10:51,359 INFO org.apache.hadoop.mapred.TaskTracker:  Using MemoryCalculatorPlugin : null
2011-08-16 21:10:51,368 INFO org.apache.hadoop.mapred.TaskTracker: Starting thread: Map-events fetcher for all reduce tasks on tracker_192.168.0.100:localhost/127.0.0.1:52901
2011-08-16 21:10:51,381 WARN org.apache.hadoop.util.ProcessTree: setsid is not available on this machine. So not using it.
2011-08-16 21:10:51,382 INFO org.apache.hadoop.util.ProcessTree: setsid exited with exit code 0
2011-08-16 21:10:51,383 INFO org.apache.hadoop.util.ProcfsBasedProcessTree: ProcfsBasedProcessTree currently is supported only on Linux.
2011-08-16 21:10:51,383 INFO org.apache.hadoop.mapred.TaskTracker: ProcessTree implementation is missing on this system. TaskMemoryManager is disabled.
2011-08-16 21:10:51,415 INFO org.apache.hadoop.mapred.IndexCache: IndexCache created with max memory = 10485760
2011-08-16 21:10:51,444 INFO org.apache.hadoop.http.HttpServer: Port returned by webServer.getConnectors()[0].getLocalPort() before open() is -1. Opening the listener on 50060
2011-08-16 21:10:51,445 INFO org.apache.hadoop.http.HttpServer: listener.getLocalPort() returned 50060 webServer.getConnectors()[0].getLocalPort() returned 50060
2011-08-16 21:10:51,445 INFO org.apache.hadoop.http.HttpServer: Jetty bound to port 50060
2011-08-16 21:10:51,445 INFO org.mortbay.log: jetty-6.1.26
2011-08-16 21:10:51,923 INFO org.mortbay.log: Started SelectChannelConnector@0.0.0.0:50060
2011-08-16 21:10:51,923 INFO org.apache.hadoop.mapred.TaskTracker: FILE_CACHE_SIZE for mapOutputServlet set to : 2000
2011-08-16 21:10:51,929 INFO org.apache.hadoop.mapred.UserLogCleaner: Adding job_201108121808_0003 for user-log deletion with retainTimeStamp:1313608251384
2011-08-16 21:10:51,930 INFO org.apache.hadoop.mapred.UserLogCleaner: Adding job_201108121808_0005 for user-log deletion with retainTimeStamp:1313608251384
2011-08-16 21:10:51,930 INFO org.apache.hadoop.mapred.UserLogCleaner: Adding job_201108122319_0002 for user-log deletion with retainTimeStamp:1313608251384
2011-08-16 21:10:51,930 INFO org.apache.hadoop.mapred.UserLogCleaner: Adding job_201108150820_0001 for user-log deletion with retainTimeStamp:1313608251384
2011-08-16 21:10:51,930 INFO org.apache.hadoop.mapred.UserLogCleaner: Adding job_201108150837_0001 for user-log deletion with retainTimeStamp:1313608251384
2011-08-16 21:10:51,930 INFO org.apache.hadoop.mapred.UserLogCleaner: Adding job_201108150837_0003 for user-log deletion with retainTimeStamp:1313608251384
2011-08-16 21:11:27,000 INFO org.apache.hadoop.mapred.TaskTracker: LaunchTaskAction (registerTask): attempt_201108162110_0001_m_000003_0 task's state:UNASSIGNED
2011-08-16 21:11:27,004 INFO org.apache.hadoop.mapred.TaskTracker: Trying to launch : attempt_201108162110_0001_m_000003_0 which needs 1 slots
2011-08-16 21:11:27,004 INFO org.apache.hadoop.mapred.TaskTracker: In TaskLauncher, current free slots : 2 and trying to launch attempt_201108162110_0001_m_000003_0 which needs 1 slots
2011-08-16 21:11:27,411 INFO org.apache.hadoop.mapred.JobLocalizer: Initializing user madhatter on this TT.
2011-08-16 21:11:27,998 INFO org.apache.hadoop.mapred.JvmManager: In JvmRunner constructed JVM ID: jvm_201108162110_0001_m_1083433991
2011-08-16 21:11:27,999 INFO org.apache.hadoop.mapred.JvmManager: JVM Runner jvm_201108162110_0001_m_1083433991 spawned.
2011-08-16 21:11:28,003 INFO org.apache.hadoop.mapred.TaskController: Writing commands to /Users/madhatter/CDH3/hadoop-cache/mapred/local/ttprivate/taskTracker/madhatter/jobcache/job_201108162110_0001/attempt_201108162110_0001_m_000003_0/taskjvm.sh
2011-08-16 21:11:28,778 INFO org.apache.hadoop.mapred.TaskTracker: JVM with ID: jvm_201108162110_0001_m_1083433991 given task: attempt_201108162110_0001_m_000003_0
2011-08-16 21:11:29,498 INFO org.apache.hadoop.mapred.TaskTracker: attempt_201108162110_0001_m_000003_0 0.0% setup
2011-08-16 21:11:29,500 INFO org.apache.hadoop.mapred.TaskTracker: Task attempt_201108162110_0001_m_000003_0 is done.
2011-08-16 21:11:29,500 INFO org.apache.hadoop.mapred.TaskTracker: reported output size for attempt_201108162110_0001_m_000003_0  was -1
2011-08-16 21:11:29,505 INFO org.apache.hadoop.mapred.TaskTracker: addFreeSlot : current free slots : 2
2011-08-16 21:11:29,789 INFO org.apache.hadoop.mapred.JvmManager: JVM : jvm_201108162110_0001_m_1083433991 exited with exit code 0. Number of tasks it ran: 1
2011-08-16 21:11:29,800 INFO org.apache.hadoop.mapred.TaskTracker: LaunchTaskAction (registerTask): attempt_201108162110_0001_m_000000_0 task's state:UNASSIGNED
2011-08-16 21:11:29,800 INFO org.apache.hadoop.mapred.TaskTracker: LaunchTaskAction (registerTask): attempt_201108162110_0001_m_000001_0 task's state:UNASSIGNED
2011-08-16 21:11:29,800 INFO org.apache.hadoop.mapred.TaskTracker: Trying to launch : attempt_201108162110_0001_m_000000_0 which needs 1 slots
2011-08-16 21:11:29,800 INFO org.apache.hadoop.mapred.TaskTracker: In TaskLauncher, current free slots : 2 and trying to launch attempt_201108162110_0001_m_000000_0 which needs 1 slots
2011-08-16 21:11:29,800 INFO org.apache.hadoop.mapred.TaskTracker: Received KillTaskAction for task: attempt_201108162110_0001_m_000003_0
2011-08-16 21:11:29,800 INFO org.apache.hadoop.mapred.TaskTracker: About to purge task: attempt_201108162110_0001_m_000003_0
2011-08-16 21:11:29,801 INFO org.apache.hadoop.mapred.IndexCache: Map ID attempt_201108162110_0001_m_000003_0 not found in cache
2011-08-16 21:11:29,807 INFO org.apache.hadoop.mapred.TaskTracker: Trying to launch : attempt_201108162110_0001_m_000001_0 which needs 1 slots
2011-08-16 21:11:29,807 INFO org.apache.hadoop.mapred.TaskTracker: In TaskLauncher, current free slots : 1 and trying to launch attempt_201108162110_0001_m_000001_0 which needs 1 slots
2011-08-16 21:11:29,839 INFO org.apache.hadoop.mapred.JvmManager: In JvmRunner constructed JVM ID: jvm_201108162110_0001_m_549422880
2011-08-16 21:11:29,839 INFO org.apache.hadoop.mapred.JvmManager: JVM Runner jvm_201108162110_0001_m_549422880 spawned.
2011-08-16 21:11:29,839 INFO org.apache.hadoop.mapred.JvmManager: In JvmRunner constructed JVM ID: jvm_201108162110_0001_m_1024017405
2011-08-16 21:11:29,842 INFO org.apache.hadoop.mapred.JvmManager: JVM Runner jvm_201108162110_0001_m_1024017405 spawned.
2011-08-16 21:11:29,846 INFO org.apache.hadoop.mapred.TaskController: Writing commands to /Users/madhatter/CDH3/hadoop-cache/mapred/local/ttprivate/taskTracker/madhatter/jobcache/job_201108162110_0001/attempt_201108162110_0001_m_000001_0/taskjvm.sh
2011-08-16 21:11:29,846 INFO org.apache.hadoop.mapred.TaskController: Writing commands to /Users/madhatter/CDH3/hadoop-cache/mapred/local/ttprivate/taskTracker/madhatter/jobcache/job_201108162110_0001/attempt_201108162110_0001_m_000000_0/taskjvm.sh
2011-08-16 21:11:30,949 INFO org.apache.hadoop.mapred.TaskTracker: JVM with ID: jvm_201108162110_0001_m_549422880 given task: attempt_201108162110_0001_m_000001_0
2011-08-16 21:11:31,016 INFO org.apache.hadoop.mapred.TaskTracker: JVM with ID: jvm_201108162110_0001_m_1024017405 given task: attempt_201108162110_0001_m_000000_0
2011-08-16 21:11:32,827 INFO org.apache.hadoop.mapred.TaskTracker: attempt_201108162110_0001_m_000001_0 1.0% hdfs://localhost/user/madhatter/input/sample.txt:0+264
2011-08-16 21:11:32,832 INFO org.apache.hadoop.mapred.TaskTracker: Task attempt_201108162110_0001_m_000001_0 is done.
2011-08-16 21:11:32,833 INFO org.apache.hadoop.mapred.TaskTracker: reported output size for attempt_201108162110_0001_m_000001_0  was 17
2011-08-16 21:11:32,833 INFO org.apache.hadoop.mapred.TaskTracker: addFreeSlot : current free slots : 1
2011-08-16 21:11:32,926 INFO org.apache.hadoop.mapred.TaskTracker: attempt_201108162110_0001_m_000000_0 1.0% hdfs://localhost/user/madhatter/input/sample.txt:264+265
2011-08-16 21:11:32,933 INFO org.apache.hadoop.mapred.TaskTracker: LaunchTaskAction (registerTask): attempt_201108162110_0001_r_000000_0 task's state:UNASSIGNED
2011-08-16 21:11:32,933 INFO org.apache.hadoop.mapred.TaskTracker: Trying to launch : attempt_201108162110_0001_r_000000_0 which needs 1 slots
2011-08-16 21:11:32,933 INFO org.apache.hadoop.mapred.TaskTracker: In TaskLauncher, current free slots : 2 and trying to launch attempt_201108162110_0001_r_000000_0 which needs 1 slots
2011-08-16 21:11:32,956 INFO org.apache.hadoop.mapred.TaskTracker: Task attempt_201108162110_0001_m_000000_0 is done.
2011-08-16 21:11:32,956 INFO org.apache.hadoop.mapred.TaskTracker: reported output size for attempt_201108162110_0001_m_000000_0  was 17
2011-08-16 21:11:32,956 INFO org.apache.hadoop.mapred.TaskTracker: addFreeSlot : current free slots : 2
2011-08-16 21:11:33,001 INFO org.apache.hadoop.mapred.JvmManager: In JvmRunner constructed JVM ID: jvm_201108162110_0001_r_1083433991
2011-08-16 21:11:33,001 INFO org.apache.hadoop.mapred.JvmManager: JVM Runner jvm_201108162110_0001_r_1083433991 spawned.
2011-08-16 21:11:33,019 INFO org.apache.hadoop.mapred.TaskController: Writing commands to /Users/madhatter/CDH3/hadoop-cache/mapred/local/ttprivate/taskTracker/madhatter/jobcache/job_201108162110_0001/attempt_201108162110_0001_r_000000_0/taskjvm.sh
2011-08-16 21:11:33,130 INFO org.apache.hadoop.mapred.JvmManager: JVM : jvm_201108162110_0001_m_549422880 exited with exit code 0. Number of tasks it ran: 1
2011-08-16 21:11:33,287 INFO org.apache.hadoop.mapred.JvmManager: JVM : jvm_201108162110_0001_m_1024017405 exited with exit code 0. Number of tasks it ran: 1
2011-08-16 21:11:33,912 INFO org.apache.hadoop.mapred.TaskTracker: JVM with ID: jvm_201108162110_0001_r_1083433991 given task: attempt_201108162110_0001_r_000000_0
2011-08-16 21:11:40,266 INFO org.apache.hadoop.mapred.TaskTracker.clienttrace: src: 192.168.0.100:50060, dest: 192.168.0.100:52949, bytes: 17, op: MAPRED_SHUFFLE, cliID: attempt_201108162110_0001_m_000001_0, duration: 42988000
2011-08-16 21:11:40,293 INFO org.apache.hadoop.mapred.TaskTracker.clienttrace: src: 192.168.0.100:50060, dest: 192.168.0.100:52949, bytes: 17, op: MAPRED_SHUFFLE, cliID: attempt_201108162110_0001_m_000000_0, duration: 2892000
2011-08-16 21:11:40,577 INFO org.apache.hadoop.mapred.TaskTracker: attempt_201108162110_0001_r_000000_0 0.33333334% reduce > copy (2 of 2 at 0,00 MB/s)
2011-08-16 21:11:40,665 INFO org.apache.hadoop.mapred.TaskTracker: attempt_201108162110_0001_r_000000_0 0.33333334% reduce > copy (2 of 2 at 0,00 MB/s)
2011-08-16 21:11:40,689 INFO org.apache.hadoop.mapred.TaskTracker: attempt_201108162110_0001_r_000000_0 0.33333334% reduce > copy (2 of 2 at 0,00 MB/s)
2011-08-16 21:11:40,755 INFO org.apache.hadoop.mapred.TaskTracker: Task attempt_201108162110_0001_r_000000_0 is in commit-pending, task state:COMMIT_PENDING
2011-08-16 21:11:40,755 INFO org.apache.hadoop.mapred.TaskTracker: attempt_201108162110_0001_r_000000_0 0.33333334% reduce > copy (2 of 2 at 0,00 MB/s)
2011-08-16 21:11:40,872 INFO org.apache.hadoop.mapred.TaskTracker: Received commit task action for attempt_201108162110_0001_r_000000_0
2011-08-16 21:11:41,771 INFO org.apache.hadoop.mapred.TaskTracker: attempt_201108162110_0001_r_000000_0 1.0% reduce > reduce
2011-08-16 21:11:41,772 INFO org.apache.hadoop.mapred.TaskTracker: Task attempt_201108162110_0001_r_000000_0 is done.
2011-08-16 21:11:41,772 INFO org.apache.hadoop.mapred.TaskTracker: reported output size for attempt_201108162110_0001_r_000000_0  was -1
2011-08-16 21:11:41,773 INFO org.apache.hadoop.mapred.TaskTracker: addFreeSlot : current free slots : 2
2011-08-16 21:11:41,787 INFO org.apache.hadoop.mapred.TaskTracker: LaunchTaskAction (registerTask): attempt_201108162110_0001_m_000002_0 task's state:UNASSIGNED
2011-08-16 21:11:41,787 INFO org.apache.hadoop.mapred.TaskTracker: Trying to launch : attempt_201108162110_0001_m_000002_0 which needs 1 slots
2011-08-16 21:11:41,787 INFO org.apache.hadoop.mapred.TaskTracker: In TaskLauncher, current free slots : 2 and trying to launch attempt_201108162110_0001_m_000002_0 which needs 1 slots
2011-08-16 21:11:41,788 INFO org.apache.hadoop.mapred.TaskTracker: Received KillTaskAction for task: attempt_201108162110_0001_r_000000_0
2011-08-16 21:11:41,788 INFO org.apache.hadoop.mapred.TaskTracker: About to purge task: attempt_201108162110_0001_r_000000_0
2011-08-16 21:11:41,821 INFO org.apache.hadoop.mapred.JvmManager: In JvmRunner constructed JVM ID: jvm_201108162110_0001_m_604522526
2011-08-16 21:11:41,822 INFO org.apache.hadoop.mapred.JvmManager: JVM Runner jvm_201108162110_0001_m_604522526 spawned.
2011-08-16 21:11:41,825 INFO org.apache.hadoop.mapred.TaskController: Writing commands to /Users/madhatter/CDH3/hadoop-cache/mapred/local/ttprivate/taskTracker/madhatter/jobcache/job_201108162110_0001/attempt_201108162110_0001_m_000002_0/taskjvm.sh
2011-08-16 21:11:42,034 INFO org.apache.hadoop.mapred.JvmManager: JVM : jvm_201108162110_0001_r_1083433991 exited with exit code 0. Number of tasks it ran: 1
2011-08-16 21:11:42,617 INFO org.apache.hadoop.mapred.TaskTracker: JVM with ID: jvm_201108162110_0001_m_604522526 given task: attempt_201108162110_0001_m_000002_0
2011-08-16 21:11:43,304 INFO org.apache.hadoop.mapred.TaskTracker: attempt_201108162110_0001_m_000002_0 0.0% 
2011-08-16 21:11:43,335 INFO org.apache.hadoop.mapred.TaskTracker: attempt_201108162110_0001_m_000002_0 0.0% cleanup
2011-08-16 21:11:43,336 INFO org.apache.hadoop.mapred.TaskTracker: Task attempt_201108162110_0001_m_000002_0 is done.
2011-08-16 21:11:43,336 INFO org.apache.hadoop.mapred.TaskTracker: reported output size for attempt_201108162110_0001_m_000002_0  was -1
2011-08-16 21:11:43,337 INFO org.apache.hadoop.mapred.TaskTracker: addFreeSlot : current free slots : 2
2011-08-16 21:11:43,474 INFO org.apache.hadoop.mapred.TaskTracker: Received 'KillJobAction' for job: job_201108162110_0001
2011-08-16 21:11:43,475 INFO org.apache.hadoop.mapred.IndexCache: Map ID attempt_201108162110_0001_m_000002_0 not found in cache
2011-08-16 21:11:43,475 INFO org.apache.hadoop.mapred.UserLogCleaner: Adding job_201108162110_0001 for user-log deletion with retainTimeStamp:1313608303475
2011-08-16 21:11:43,712 INFO org.apache.hadoop.mapred.JvmManager: JVM : jvm_201108162110_0001_m_604522526 exited with exit code 0. Number of tasks it ran: 1
2011-08-16 22:12:16,933 INFO org.apache.hadoop.mapred.TaskTracker: SHUTDOWN_MSG: 
/************************************************************
SHUTDOWN_MSG: Shutting down TaskTracker at MacBookPro.local/192.168.0.100
************************************************************/
2011-08-16 22:12:27,786 INFO org.apache.hadoop.mapred.TaskTracker: STARTUP_MSG: 
/************************************************************
STARTUP_MSG: Starting TaskTracker
STARTUP_MSG:   host = MacBookPro.local/192.168.0.100
STARTUP_MSG:   args = []
STARTUP_MSG:   version = 0.20.2-cdh3u1
STARTUP_MSG:   build = file:///var/lib/jenkins/workspace/CDH3u1-CentOS-Hadoop-Tarball/hadoop20/hadoop-0.20.2-cdh3u1 -r bdafb1dbffd0d5f2fbc6ee022e1c8df6500fd638; compiled by 'jenkins' on Mon Jul 18 12:08:54 PDT 2011
************************************************************/
2011-08-16 22:12:28,430 INFO org.mortbay.log: Logging to org.slf4j.impl.Log4jLoggerAdapter(org.mortbay.log) via org.mortbay.log.Slf4jLog
2011-08-16 22:12:28,510 INFO org.apache.hadoop.http.HttpServer: Added global filtersafety (class=org.apache.hadoop.http.HttpServer$QuotingInputFilter)
2011-08-16 22:12:28,533 INFO org.apache.hadoop.mapred.TaskLogsTruncater: Initializing logs' truncater with mapRetainSize=-1 and reduceRetainSize=-1
2011-08-16 22:12:28,537 INFO org.apache.hadoop.mapred.TaskTracker: Starting tasktracker with owner as madhatter
2011-08-16 22:12:28,628 WARN org.apache.hadoop.util.NativeCodeLoader: Unable to load native-hadoop library for your platform... using builtin-java classes where applicable
2011-08-16 22:12:28,724 INFO org.apache.hadoop.metrics.jvm.JvmMetrics: Initializing JVM Metrics with processName=TaskTracker, sessionId=
2011-08-16 22:12:28,750 INFO org.apache.hadoop.ipc.Server: Starting Socket Reader #1 for port 58160
2011-08-16 22:12:28,753 INFO org.apache.hadoop.ipc.metrics.RpcMetrics: Initializing RPC Metrics with hostName=TaskTracker, port=58160
2011-08-16 22:12:28,800 INFO org.apache.hadoop.ipc.metrics.RpcDetailedMetrics: Initializing RPC Metrics with hostName=TaskTracker, port=58160
2011-08-16 22:12:28,802 INFO org.apache.hadoop.ipc.Server: IPC Server Responder: starting
2011-08-16 22:12:28,802 INFO org.apache.hadoop.ipc.Server: IPC Server listener on 58160: starting
2011-08-16 22:12:28,803 INFO org.apache.hadoop.ipc.Server: IPC Server handler 0 on 58160: starting
2011-08-16 22:12:28,804 INFO org.apache.hadoop.ipc.Server: IPC Server handler 1 on 58160: starting
2011-08-16 22:12:28,804 INFO org.apache.hadoop.ipc.Server: IPC Server handler 2 on 58160: starting
2011-08-16 22:12:28,804 INFO org.apache.hadoop.ipc.Server: IPC Server handler 3 on 58160: starting
2011-08-16 22:12:28,804 INFO org.apache.hadoop.mapred.TaskTracker: TaskTracker up at: localhost/127.0.0.1:58160
2011-08-16 22:12:28,804 INFO org.apache.hadoop.mapred.TaskTracker: Starting tracker tracker_192.168.0.100:localhost/127.0.0.1:58160
2011-08-16 22:12:58,077 INFO org.apache.hadoop.mapred.TaskTracker:  Using MemoryCalculatorPlugin : null
2011-08-16 22:12:58,087 INFO org.apache.hadoop.mapred.TaskTracker: Starting thread: Map-events fetcher for all reduce tasks on tracker_192.168.0.100:localhost/127.0.0.1:58160
2011-08-16 22:12:58,102 WARN org.apache.hadoop.util.ProcessTree: setsid is not available on this machine. So not using it.
2011-08-16 22:12:58,102 INFO org.apache.hadoop.util.ProcessTree: setsid exited with exit code 0
2011-08-16 22:12:58,104 INFO org.apache.hadoop.util.ProcfsBasedProcessTree: ProcfsBasedProcessTree currently is supported only on Linux.
2011-08-16 22:12:58,104 INFO org.apache.hadoop.mapred.TaskTracker: ProcessTree implementation is missing on this system. TaskMemoryManager is disabled.
2011-08-16 22:12:58,107 INFO org.apache.hadoop.mapred.IndexCache: IndexCache created with max memory = 10485760
2011-08-16 22:12:58,143 INFO org.apache.hadoop.http.HttpServer: Port returned by webServer.getConnectors()[0].getLocalPort() before open() is -1. Opening the listener on 50060
2011-08-16 22:12:58,144 INFO org.apache.hadoop.http.HttpServer: listener.getLocalPort() returned 50060 webServer.getConnectors()[0].getLocalPort() returned 50060
2011-08-16 22:12:58,144 INFO org.apache.hadoop.http.HttpServer: Jetty bound to port 50060
2011-08-16 22:12:58,144 INFO org.mortbay.log: jetty-6.1.26
2011-08-16 22:12:58,604 INFO org.mortbay.log: Started SelectChannelConnector@0.0.0.0:50060
2011-08-16 22:12:58,604 INFO org.apache.hadoop.mapred.TaskTracker: FILE_CACHE_SIZE for mapOutputServlet set to : 2000
2011-08-16 22:12:58,610 INFO org.apache.hadoop.mapred.UserLogCleaner: Adding job_201108121808_0003 for user-log deletion with retainTimeStamp:1313611978104
2011-08-16 22:12:58,611 INFO org.apache.hadoop.mapred.UserLogCleaner: Adding job_201108121808_0005 for user-log deletion with retainTimeStamp:1313611978104
2011-08-16 22:12:58,611 INFO org.apache.hadoop.mapred.UserLogCleaner: Adding job_201108122319_0002 for user-log deletion with retainTimeStamp:1313611978104
2011-08-16 22:12:58,611 INFO org.apache.hadoop.mapred.UserLogCleaner: Adding job_201108150820_0001 for user-log deletion with retainTimeStamp:1313611978104
2011-08-16 22:12:58,611 INFO org.apache.hadoop.mapred.UserLogCleaner: Adding job_201108150837_0001 for user-log deletion with retainTimeStamp:1313611978104
2011-08-16 22:12:58,611 INFO org.apache.hadoop.mapred.UserLogCleaner: Adding job_201108150837_0003 for user-log deletion with retainTimeStamp:1313611978104
2011-08-16 22:12:58,611 INFO org.apache.hadoop.mapred.UserLogCleaner: Adding job_201108162110_0001 for user-log deletion with retainTimeStamp:1313611978104
2011-08-16 22:21:36,523 INFO org.apache.hadoop.mapred.TaskTracker: SHUTDOWN_MSG: 
/************************************************************
SHUTDOWN_MSG: Shutting down TaskTracker at MacBookPro.local/192.168.0.100
************************************************************/
