2011-08-17 07:32:39,278 INFO org.apache.hadoop.hdfs.server.namenode.SecondaryNameNode: STARTUP_MSG: 
/************************************************************
STARTUP_MSG: Starting SecondaryNameNode
STARTUP_MSG:   host = nothing/172.20.10.2
STARTUP_MSG:   args = []
STARTUP_MSG:   version = 0.20.2-cdh3u1
STARTUP_MSG:   build = file:///var/lib/jenkins/workspace/CDH3u1-CentOS-Hadoop-Tarball/hadoop20/hadoop-0.20.2-cdh3u1 -r bdafb1dbffd0d5f2fbc6ee022e1c8df6500fd638; compiled by 'jenkins' on Mon Jul 18 12:08:54 PDT 2011
************************************************************/
2011-08-17 07:32:40,056 INFO org.apache.hadoop.metrics.jvm.JvmMetrics: Initializing JVM Metrics with processName=SecondaryNameNode, sessionId=null
2011-08-17 07:32:40,393 INFO org.apache.hadoop.hdfs.server.namenode.SecondaryNameNode: Starting web server as: madhatter
2011-08-17 07:32:40,515 INFO org.mortbay.log: Logging to org.slf4j.impl.Log4jLoggerAdapter(org.mortbay.log) via org.mortbay.log.Slf4jLog
2011-08-17 07:32:40,614 INFO org.apache.hadoop.http.HttpServer: Added global filtersafety (class=org.apache.hadoop.http.HttpServer$QuotingInputFilter)
2011-08-17 07:32:40,619 INFO org.apache.hadoop.http.HttpServer: Port returned by webServer.getConnectors()[0].getLocalPort() before open() is -1. Opening the listener on 50090
2011-08-17 07:32:40,622 INFO org.apache.hadoop.http.HttpServer: listener.getLocalPort() returned 50090 webServer.getConnectors()[0].getLocalPort() returned 50090
2011-08-17 07:32:40,622 INFO org.apache.hadoop.http.HttpServer: Jetty bound to port 50090
2011-08-17 07:32:40,623 INFO org.mortbay.log: jetty-6.1.26
2011-08-17 07:32:41,104 INFO org.mortbay.log: Started SelectChannelConnector@0.0.0.0:50090
2011-08-17 07:32:41,104 INFO org.apache.hadoop.hdfs.server.namenode.SecondaryNameNode: Web server init done
2011-08-17 07:32:41,104 INFO org.apache.hadoop.hdfs.server.namenode.SecondaryNameNode: Secondary Web-server up at: 0.0.0.0:50090
2011-08-17 07:32:41,104 INFO org.apache.hadoop.hdfs.server.namenode.SecondaryNameNode: Secondary image servlet up at: 0.0.0.0:50090
2011-08-17 07:32:41,104 WARN org.apache.hadoop.hdfs.server.namenode.SecondaryNameNode: Checkpoint Period   :3600 secs (60 min)
2011-08-17 07:32:41,104 WARN org.apache.hadoop.hdfs.server.namenode.SecondaryNameNode: Log Size Trigger    :67108864 bytes (65536 KB)
2011-08-17 07:37:41,546 INFO org.apache.hadoop.hdfs.server.namenode.SecondaryNameNode: Downloaded file fsimage size 12331 bytes.
2011-08-17 07:37:41,548 INFO org.apache.hadoop.hdfs.server.namenode.SecondaryNameNode: Downloaded file edits size 3297 bytes.
2011-08-17 07:37:41,550 INFO org.apache.hadoop.hdfs.util.GSet: VM type       = 64-bit
2011-08-17 07:37:41,550 INFO org.apache.hadoop.hdfs.util.GSet: 2% max memory = 19.9175 MB
2011-08-17 07:37:41,550 INFO org.apache.hadoop.hdfs.util.GSet: capacity      = 2^21 = 2097152 entries
2011-08-17 07:37:41,550 INFO org.apache.hadoop.hdfs.util.GSet: recommended=2097152, actual=2097152
2011-08-17 07:37:41,588 INFO org.apache.hadoop.hdfs.server.namenode.FSNamesystem: fsOwner=madhatter
2011-08-17 07:37:41,588 INFO org.apache.hadoop.hdfs.server.namenode.FSNamesystem: supergroup=supergroup
2011-08-17 07:37:41,588 INFO org.apache.hadoop.hdfs.server.namenode.FSNamesystem: isPermissionEnabled=true
2011-08-17 07:37:41,590 INFO org.apache.hadoop.hdfs.server.namenode.FSNamesystem: dfs.block.invalidate.limit=1000
2011-08-17 07:37:41,590 INFO org.apache.hadoop.hdfs.server.namenode.FSNamesystem: isAccessTokenEnabled=false accessKeyUpdateInterval=0 min(s), accessTokenLifetime=0 min(s)
2011-08-17 07:37:41,814 INFO org.apache.hadoop.hdfs.server.common.Storage: Number of files = 98
2011-08-17 07:37:41,829 INFO org.apache.hadoop.hdfs.server.common.Storage: Number of files under construction = 0
2011-08-17 07:37:41,838 INFO org.apache.hadoop.hdfs.server.common.Storage: Edits file /Users/madhatter/CDH3/hadoop-cache/dfs/namesecondary/current/edits of size 3297 edits # 31 loaded in 0 seconds.
2011-08-17 07:37:41,838 INFO org.apache.hadoop.hdfs.server.namenode.FSNamesystem: Number of transactions: 0 Total time for transactions(ms): 0Number of transactions batched in Syncs: 0 Number of syncs: 0 SyncTimes(ms): 0 
2011-08-17 07:37:41,853 INFO org.apache.hadoop.hdfs.server.common.Storage: Image file of size 13360 saved in 0 seconds.
2011-08-17 07:37:41,870 INFO org.apache.hadoop.hdfs.server.common.Storage: Image file of size 13360 saved in 0 seconds.
2011-08-17 07:37:41,933 INFO org.apache.hadoop.hdfs.server.namenode.SecondaryNameNode: Posted URL localhost:50070putimage=1&port=50090&machine=172.20.10.2&token=-19:829856726:0:1313559461000:1313559156144
2011-08-17 07:37:42,025 WARN org.apache.hadoop.hdfs.server.namenode.SecondaryNameNode: Checkpoint done. New Image Size: 13360
2011-08-17 08:17:38,758 INFO org.apache.hadoop.hdfs.server.namenode.SecondaryNameNode: SHUTDOWN_MSG: 
/************************************************************
SHUTDOWN_MSG: Shutting down SecondaryNameNode at nothing/172.20.10.2
************************************************************/
2011-08-17 08:20:03,847 INFO org.apache.hadoop.hdfs.server.namenode.SecondaryNameNode: STARTUP_MSG: 
/************************************************************
STARTUP_MSG: Starting SecondaryNameNode
STARTUP_MSG:   host = nothing/172.20.10.2
STARTUP_MSG:   args = []
STARTUP_MSG:   version = 0.20.2-cdh3u1
STARTUP_MSG:   build = file:///var/lib/jenkins/workspace/CDH3u1-CentOS-Hadoop-Tarball/hadoop20/hadoop-0.20.2-cdh3u1 -r bdafb1dbffd0d5f2fbc6ee022e1c8df6500fd638; compiled by 'jenkins' on Mon Jul 18 12:08:54 PDT 2011
************************************************************/
2011-08-17 08:20:04,518 INFO org.apache.hadoop.metrics.jvm.JvmMetrics: Initializing JVM Metrics with processName=SecondaryNameNode, sessionId=null
2011-08-17 08:20:04,730 INFO org.apache.hadoop.hdfs.server.namenode.SecondaryNameNode: Starting web server as: madhatter
2011-08-17 08:20:04,840 INFO org.mortbay.log: Logging to org.slf4j.impl.Log4jLoggerAdapter(org.mortbay.log) via org.mortbay.log.Slf4jLog
2011-08-17 08:20:04,913 INFO org.apache.hadoop.http.HttpServer: Added global filtersafety (class=org.apache.hadoop.http.HttpServer$QuotingInputFilter)
2011-08-17 08:20:04,934 INFO org.apache.hadoop.http.HttpServer: Port returned by webServer.getConnectors()[0].getLocalPort() before open() is -1. Opening the listener on 50090
2011-08-17 08:20:04,947 INFO org.apache.hadoop.http.HttpServer: listener.getLocalPort() returned 50090 webServer.getConnectors()[0].getLocalPort() returned 50090
2011-08-17 08:20:04,947 INFO org.apache.hadoop.http.HttpServer: Jetty bound to port 50090
2011-08-17 08:20:04,947 INFO org.mortbay.log: jetty-6.1.26
2011-08-17 08:20:05,413 INFO org.mortbay.log: Started SelectChannelConnector@0.0.0.0:50090
2011-08-17 08:20:05,413 INFO org.apache.hadoop.hdfs.server.namenode.SecondaryNameNode: Web server init done
2011-08-17 08:20:05,413 INFO org.apache.hadoop.hdfs.server.namenode.SecondaryNameNode: Secondary Web-server up at: 0.0.0.0:50090
2011-08-17 08:20:05,413 INFO org.apache.hadoop.hdfs.server.namenode.SecondaryNameNode: Secondary image servlet up at: 0.0.0.0:50090
2011-08-17 08:20:05,413 WARN org.apache.hadoop.hdfs.server.namenode.SecondaryNameNode: Checkpoint Period   :3600 secs (60 min)
2011-08-17 08:20:05,414 WARN org.apache.hadoop.hdfs.server.namenode.SecondaryNameNode: Log Size Trigger    :67108864 bytes (65536 KB)
2011-08-17 08:21:52,985 INFO org.apache.hadoop.hdfs.server.namenode.SecondaryNameNode: SHUTDOWN_MSG: 
/************************************************************
SHUTDOWN_MSG: Shutting down SecondaryNameNode at nothing/172.20.10.2
************************************************************/
