WARN    (2011-07-18) 12:11.53:494   [cocoon.manager] (Unknown-URI) Unknown-Thread/CoreServiceManager: ComponentLocator exception from parent SM during lookup.
org.apache.avalon.framework.service.ServiceException: Component for key 'org.apache.excalibur.source.SourceResolver' not found. (Key='Cocoon')
	at org.apache.cocoon.core.container.SingleComponentServiceManager.lookup(SingleComponentServiceManager.java:68)
	at org.apache.cocoon.core.container.CoreServiceManager.lookup(CoreServiceManager.java:355)
	at org.apache.cocoon.components.treeprocessor.TreeProcessor.service(TreeProcessor.java:197)
	at org.apache.avalon.framework.container.ContainerUtil.service(ContainerUtil.java:143)
	at org.apache.cocoon.core.container.ComponentFactory.setupInstance(ComponentFactory.java:150)
	at org.apache.cocoon.core.container.ComponentFactory.newInstance(ComponentFactory.java:133)
	at org.apache.cocoon.core.container.handler.ThreadSafeComponentHandler.doInitialize(ThreadSafeComponentHandler.java:54)
	at org.apache.cocoon.core.container.handler.AbstractComponentHandler.initialize(AbstractComponentHandler.java:274)
	at org.apache.cocoon.core.container.handler.LazyHandler.getDelegate(LazyHandler.java:53)
	at org.apache.cocoon.core.container.handler.LazyHandler.get(LazyHandler.java:71)
	at org.apache.cocoon.core.container.CoreServiceManager.lookup(CoreServiceManager.java:427)
	at org.apache.cocoon.Cocoon.initialize(Cocoon.java:260)
	at org.apache.avalon.framework.container.ContainerUtil.initialize(ContainerUtil.java:244)
	at org.apache.cocoon.core.CoreUtil.createProcessor(CoreUtil.java:758)
	at org.apache.cocoon.core.CoreUtil.createCocoon(CoreUtil.java:717)
	at org.apache.cocoon.bean.CocoonWrapper.initialize(CocoonWrapper.java:129)
	at org.apache.cocoon.bean.CocoonBean.initialize(CocoonBean.java:97)
	at org.apache.cocoon.Main.main(Main.java:310)
WARN    (2011-07-18) 12:11.53:516   [cocoon.manager] (Unknown-URI) Unknown-Thread/CoreServiceManager: ComponentLocator exception from parent SM during lookup.
org.apache.avalon.framework.service.ServiceException: Component for key 'org.apache.cocoon.components.fam.SitemapMonitor' not found. (Key='Cocoon')
	at org.apache.cocoon.core.container.SingleComponentServiceManager.lookup(SingleComponentServiceManager.java:68)
	at org.apache.cocoon.core.container.CoreServiceManager.lookup(CoreServiceManager.java:355)
	at org.apache.cocoon.components.treeprocessor.TreeProcessor.service(TreeProcessor.java:198)
	at org.apache.avalon.framework.container.ContainerUtil.service(ContainerUtil.java:143)
	at org.apache.cocoon.core.container.ComponentFactory.setupInstance(ComponentFactory.java:150)
	at org.apache.cocoon.core.container.ComponentFactory.newInstance(ComponentFactory.java:133)
	at org.apache.cocoon.core.container.handler.ThreadSafeComponentHandler.doInitialize(ThreadSafeComponentHandler.java:54)
	at org.apache.cocoon.core.container.handler.AbstractComponentHandler.initialize(AbstractComponentHandler.java:274)
	at org.apache.cocoon.core.container.handler.LazyHandler.getDelegate(LazyHandler.java:53)
	at org.apache.cocoon.core.container.handler.LazyHandler.get(LazyHandler.java:71)
	at org.apache.cocoon.core.container.CoreServiceManager.lookup(CoreServiceManager.java:427)
	at org.apache.cocoon.Cocoon.initialize(Cocoon.java:260)
	at org.apache.avalon.framework.container.ContainerUtil.initialize(ContainerUtil.java:244)
	at org.apache.cocoon.core.CoreUtil.createProcessor(CoreUtil.java:758)
	at org.apache.cocoon.core.CoreUtil.createCocoon(CoreUtil.java:717)
	at org.apache.cocoon.bean.CocoonWrapper.initialize(CocoonWrapper.java:129)
	at org.apache.cocoon.bean.CocoonBean.initialize(CocoonBean.java:97)
	at org.apache.cocoon.Main.main(Main.java:310)
WARN    (2011-07-18) 12:11.53:693   [cocoon.manager] (Unknown-URI) Unknown-Thread/CoreServiceManager: ComponentLocator exception from parent SM during lookup.
org.apache.avalon.framework.service.ServiceException: Component for key 'org.apache.cocoon.components.treeprocessor.TreeBuilder/sitemap-1.0' not found. (Key='Cocoon')
	at org.apache.cocoon.core.container.SingleComponentServiceManager.lookup(SingleComponentServiceManager.java:68)
	at org.apache.cocoon.core.container.CoreServiceManager.lookup(CoreServiceManager.java:355)
	at org.apache.cocoon.components.treeprocessor.TreeProcessor.getTreeBuilder(TreeProcessor.java:375)
	at org.apache.cocoon.components.treeprocessor.TreeProcessor.buildConcreteProcessor(TreeProcessor.java:720)
	at org.apache.cocoon.components.treeprocessor.TreeProcessor.setupConcreteProcessor(TreeProcessor.java:394)
	at org.apache.cocoon.components.treeprocessor.TreeProcessor.process(TreeProcessor.java:288)
	at org.apache.cocoon.Cocoon.process(Cocoon.java:557)
	at org.apache.cocoon.bean.CocoonWrapper.getPage(CocoonWrapper.java:426)
	at org.apache.cocoon.bean.CocoonBean.processTarget(CocoonBean.java:496)
	at org.apache.cocoon.bean.CocoonBean.process(CocoonBean.java:357)
	at org.apache.cocoon.Main.main(Main.java:311)
WARN    (2011-07-18) 12:11.54:017   [cocoon.manager] (Unknown-URI) Unknown-Thread/CoreServiceManager: ComponentLocator exception from parent SM during lookup.
org.apache.avalon.framework.service.ServiceException: Component for key 'org.apache.cocoon.caching.Cache' not found. (Key='Cocoon')
	at org.apache.cocoon.core.container.SingleComponentServiceManager.lookup(SingleComponentServiceManager.java:68)
	at org.apache.cocoon.core.container.CoreServiceManager.lookup(CoreServiceManager.java:355)
	at org.apache.cocoon.core.container.CoreServiceManager.lookup(CoreServiceManager.java:355)
	at org.apache.cocoon.components.pipeline.impl.BaseCachingProcessingPipeline.parameterize(BaseCachingProcessingPipeline.java:61)
	at org.apache.cocoon.components.pipeline.impl.AbstractCachingProcessingPipeline.parameterize(AbstractCachingProcessingPipeline.java:115)
	at org.apache.avalon.framework.container.ContainerUtil.parameterize(ContainerUtil.java:228)
	at org.apache.cocoon.core.container.ComponentFactory.setupInstance(ComponentFactory.java:157)
	at org.apache.cocoon.core.container.ComponentFactory.newInstance(ComponentFactory.java:133)
	at org.apache.cocoon.core.container.handler.NonThreadSafePoolableComponentHandler.getFromPool(NonThreadSafePoolableComponentHandler.java:165)
	at org.apache.cocoon.core.container.handler.NonThreadSafePoolableComponentHandler.doGet(NonThreadSafePoolableComponentHandler.java:238)
	at org.apache.cocoon.core.container.handler.AbstractComponentHandler.get(AbstractComponentHandler.java:181)
	at org.apache.cocoon.core.container.handler.LazyHandler.get(LazyHandler.java:71)
	at org.apache.cocoon.core.container.CoreServiceManager.lookup(CoreServiceManager.java:427)
	at org.apache.cocoon.core.container.DefaultServiceSelector.select(DefaultServiceSelector.java:141)
	at org.apache.cocoon.components.treeprocessor.sitemap.ComponentsSelector.select(ComponentsSelector.java:109)
	at org.apache.cocoon.components.treeprocessor.InvokeContext.getProcessingPipeline(InvokeContext.java:158)
	at org.apache.cocoon.components.treeprocessor.sitemap.GenerateNode.invoke(GenerateNode.java:70)
	at org.apache.cocoon.components.treeprocessor.AbstractParentProcessingNode.invokeNodes(AbstractParentProcessingNode.java:55)
	at org.apache.cocoon.components.treeprocessor.sitemap.PreparableMatchNode.invoke(PreparableMatchNode.java:116)
	at org.apache.cocoon.components.treeprocessor.AbstractParentProcessingNode.invokeNodes(AbstractParentProcessingNode.java:55)
	at org.apache.cocoon.components.treeprocessor.sitemap.PreparableMatchNode.invoke(PreparableMatchNode.java:116)
	at org.apache.cocoon.components.treeprocessor.AbstractParentProcessingNode.invokeNodes(AbstractParentProcessingNode.java:77)
	at org.apache.cocoon.components.treeprocessor.sitemap.PipelineNode.invoke(PipelineNode.java:155)
	at org.apache.cocoon.components.treeprocessor.AbstractParentProcessingNode.invokeNodes(AbstractParentProcessingNode.java:77)
	at org.apache.cocoon.components.treeprocessor.sitemap.PipelinesNode.invoke(PipelinesNode.java:95)
	at org.apache.cocoon.components.treeprocessor.ConcreteTreeProcessor.process(ConcreteTreeProcessor.java:292)
	at org.apache.cocoon.components.treeprocessor.ConcreteTreeProcessor.buildPipeline(ConcreteTreeProcessor.java:239)
	at org.apache.cocoon.components.treeprocessor.TreeProcessor.buildPipeline(TreeProcessor.java:302)
	at org.apache.cocoon.components.source.impl.SitemapSource.init(SitemapSource.java:266)
	at org.apache.cocoon.components.source.impl.SitemapSource.<init>(SitemapSource.java:146)
	at org.apache.cocoon.components.source.impl.SitemapSourceFactory.getSource(SitemapSourceFactory.java:65)
	at org.apache.cocoon.components.source.CocoonSourceResolver.resolveURI(CocoonSourceResolver.java:159)
	at org.apache.cocoon.components.source.CocoonSourceResolver.resolveURI(CocoonSourceResolver.java:189)
	at org.apache.forrest.locationmap.LocationMapModule.getLocationMap(LocationMapModule.java:95)
	at org.apache.forrest.locationmap.LocationMapModule.getAttribute(LocationMapModule.java:203)
	at org.apache.cocoon.components.treeprocessor.variables.PreparedVariableResolver.processModule(PreparedVariableResolver.java:246)
	at org.apache.cocoon.components.treeprocessor.variables.PreparedVariableResolver.resolve(PreparedVariableResolver.java:197)
	at org.apache.cocoon.components.treeprocessor.sitemap.SelectNode.invoke(SelectNode.java:77)
	at org.apache.cocoon.components.treeprocessor.AbstractParentProcessingNode.invokeNodes(AbstractParentProcessingNode.java:77)
	at org.apache.cocoon.components.treeprocessor.sitemap.PipelineNode.invoke(PipelineNode.java:155)
	at org.apache.cocoon.components.treeprocessor.AbstractParentProcessingNode.invokeNodes(AbstractParentProcessingNode.java:77)
	at org.apache.cocoon.components.treeprocessor.sitemap.PipelinesNode.invoke(PipelinesNode.java:95)
	at org.apache.cocoon.components.treeprocessor.ConcreteTreeProcessor.process(ConcreteTreeProcessor.java:292)
	at org.apache.cocoon.components.treeprocessor.ConcreteTreeProcessor.process(ConcreteTreeProcessor.java:223)
	at org.apache.cocoon.components.treeprocessor.TreeProcessor.process(TreeProcessor.java:289)
	at org.apache.cocoon.Cocoon.process(Cocoon.java:557)
	at org.apache.cocoon.bean.CocoonWrapper.getPage(CocoonWrapper.java:426)
	at org.apache.cocoon.bean.CocoonBean.processTarget(CocoonBean.java:496)
	at org.apache.cocoon.bean.CocoonBean.process(CocoonBean.java:357)
	at org.apache.cocoon.Main.main(Main.java:311)
ERROR   (2011-07-18) 12:11.54:264   [cocoon.manager] (Unknown-URI) Unknown-Thread/SelectNode: Ignoring locationmap config exception: Unable to build LocationMap.
org.apache.avalon.framework.configuration.ConfigurationException: Unable to build LocationMap.
	at org.apache.forrest.locationmap.lm.MountNode.loadConfiguration(MountNode.java:129)
	at org.apache.forrest.locationmap.lm.MountNode.getLocationMap(MountNode.java:87)
	at org.apache.forrest.locationmap.lm.MountNode.locate(MountNode.java:157)
	at org.apache.forrest.locationmap.lm.SelectNode.locate(SelectNode.java:110)
	at org.apache.forrest.locationmap.lm.LocatorNode.locate(LocatorNode.java:122)
	at org.apache.forrest.locationmap.lm.LocationMap.locate(LocationMap.java:276)
	at org.apache.forrest.locationmap.LocationMapModule.getAttribute(LocationMapModule.java:203)
	at org.apache.cocoon.components.treeprocessor.variables.PreparedVariableResolver.processModule(PreparedVariableResolver.java:246)
	at org.apache.cocoon.components.treeprocessor.variables.PreparedVariableResolver.resolve(PreparedVariableResolver.java:197)
	at org.apache.cocoon.components.treeprocessor.sitemap.SelectNode.invoke(SelectNode.java:77)
	at org.apache.cocoon.components.treeprocessor.AbstractParentProcessingNode.invokeNodes(AbstractParentProcessingNode.java:77)
	at org.apache.cocoon.components.treeprocessor.sitemap.PipelineNode.invoke(PipelineNode.java:155)
	at org.apache.cocoon.components.treeprocessor.AbstractParentProcessingNode.invokeNodes(AbstractParentProcessingNode.java:77)
	at org.apache.cocoon.components.treeprocessor.sitemap.PipelinesNode.invoke(PipelinesNode.java:95)
	at org.apache.cocoon.components.treeprocessor.ConcreteTreeProcessor.process(ConcreteTreeProcessor.java:292)
	at org.apache.cocoon.components.treeprocessor.ConcreteTreeProcessor.process(ConcreteTreeProcessor.java:223)
	at org.apache.cocoon.components.treeprocessor.TreeProcessor.process(TreeProcessor.java:289)
	at org.apache.cocoon.Cocoon.process(Cocoon.java:557)
	at org.apache.cocoon.bean.CocoonWrapper.getPage(CocoonWrapper.java:426)
	at org.apache.cocoon.bean.CocoonBean.processTarget(CocoonBean.java:496)
	at org.apache.cocoon.bean.CocoonBean.process(CocoonBean.java:357)
	at org.apache.cocoon.Main.main(Main.java:311)
Caused by: org.apache.excalibur.source.SourceNotFoundException: Exception during processing of cocoon://locationmap-project.xml
	at org.apache.cocoon.components.source.impl.SitemapSource.getInputStream(SitemapSource.java:207)
	at org.apache.forrest.locationmap.lm.MountNode.loadConfiguration(MountNode.java:125)
	... 21 more
Caused by: org.apache.cocoon.ResourceNotFoundException: Resource not found.
	at <map:serialize type="xml"> - file:/tmp/forrest-jenkins/main/webapp/./sitemap.xmap:364:36
	at <map:generate> - file:/tmp/forrest-jenkins/main/webapp/./sitemap.xmap:363:66
	at org.apache.cocoon.components.source.SourceUtil.handle(SourceUtil.java:377)
	at org.apache.cocoon.components.source.SourceUtil.getInputSource(SourceUtil.java:450)
	at org.apache.cocoon.components.source.SourceUtil.parse(SourceUtil.java:281)
	at org.apache.cocoon.generation.FileGenerator.generate(FileGenerator.java:118)
	at org.apache.cocoon.components.pipeline.AbstractProcessingPipeline.processXMLPipeline(AbstractProcessingPipeline.java:537)
	at org.apache.cocoon.components.pipeline.impl.AbstractCachingProcessingPipeline.processXMLPipeline(AbstractCachingProcessingPipeline.java:174)
	at org.apache.cocoon.components.pipeline.AbstractProcessingPipeline.process(AbstractProcessingPipeline.java:437)
	at org.apache.cocoon.components.source.impl.SitemapSource.getInputStream(SitemapSource.java:199)
	... 22 more
Caused by: org.apache.excalibur.source.SourceNotFoundException: file:/var/lib/jenkins/workspace/CDH3u1-CentOS-Hadoop-Tarball/hadoop20/hadoop-0.20.2-cdh3u1/src/docs/cn/src/documentation/content/locationmap.xml doesn't exist.
	at org.apache.excalibur.source.impl.FileSource.getInputStream(FileSource.java:150)
	at org.apache.cocoon.components.source.SourceUtil.getInputSource(SourceUtil.java:445)
	... 28 more
Caused by: java.io.FileNotFoundException: /var/lib/jenkins/workspace/CDH3u1-CentOS-Hadoop-Tarball/hadoop20/hadoop-0.20.2-cdh3u1/src/docs/cn/src/documentation/content/locationmap.xml (No such file or directory)
	at java.io.FileInputStream.open(Native Method)
	at java.io.FileInputStream.<init>(FileInputStream.java:106)
	at org.apache.excalibur.source.impl.FileSource.getInputStream(FileSource.java:146)
	... 29 more
WARN    (2011-07-18) 12:11.54:325   [cocoon.manager] (Unknown-URI) Unknown-Thread/CoreServiceManager: ComponentLocator exception from parent SM during lookup.
org.apache.avalon.framework.service.ServiceException: Component for key 'org.apache.cocoon.generation.Generator/<aggregator>' not found. (Key='Cocoon')
	at org.apache.cocoon.core.container.SingleComponentServiceManager.lookup(SingleComponentServiceManager.java:68)
	at org.apache.cocoon.core.container.CoreServiceManager.lookup(CoreServiceManager.java:355)
	at org.apache.cocoon.core.container.CoreServiceManager.lookup(CoreServiceManager.java:355)
	at org.apache.cocoon.components.pipeline.AbstractProcessingPipeline.setGenerator(AbstractProcessingPipeline.java:211)
	at org.apache.cocoon.components.pipeline.impl.AbstractCachingProcessingPipeline.setGenerator(AbstractCachingProcessingPipeline.java:134)
	at org.apache.cocoon.components.treeprocessor.sitemap.AggregateNode.invoke(AggregateNode.java:89)
	at org.apache.cocoon.components.treeprocessor.AbstractParentProcessingNode.invokeNodes(AbstractParentProcessingNode.java:55)
	at org.apache.cocoon.components.treeprocessor.sitemap.PreparableMatchNode.invoke(PreparableMatchNode.java:116)
	at org.apache.cocoon.components.treeprocessor.AbstractParentProcessingNode.invokeNodes(AbstractParentProcessingNode.java:77)
	at org.apache.cocoon.components.treeprocessor.sitemap.PipelineNode.invoke(PipelineNode.java:155)
	at org.apache.cocoon.components.treeprocessor.AbstractParentProcessingNode.invokeNodes(AbstractParentProcessingNode.java:77)
	at org.apache.cocoon.components.treeprocessor.sitemap.PipelinesNode.invoke(PipelinesNode.java:95)
	at org.apache.cocoon.components.treeprocessor.ConcreteTreeProcessor.process(ConcreteTreeProcessor.java:292)
	at org.apache.cocoon.components.treeprocessor.ConcreteTreeProcessor.process(ConcreteTreeProcessor.java:223)
	at org.apache.cocoon.components.treeprocessor.TreeProcessor.process(TreeProcessor.java:289)
	at org.apache.cocoon.Cocoon.process(Cocoon.java:557)
	at org.apache.cocoon.bean.CocoonWrapper.getPage(CocoonWrapper.java:426)
	at org.apache.cocoon.bean.CocoonBean.processTarget(CocoonBean.java:496)
	at org.apache.cocoon.bean.CocoonBean.process(CocoonBean.java:357)
	at org.apache.cocoon.Main.main(Main.java:311)
WARN    (2011-07-18) 12:11.54:379   [cocoon.manager] (Unknown-URI) Unknown-Thread/CoreServiceManager: ComponentLocator exception from parent SM during lookup.
org.apache.avalon.framework.service.ServiceException: Component for key 'org.apache.cocoon.transformation.Transformer/<gatherer>' not found. (Key='Cocoon')
	at org.apache.cocoon.core.container.SingleComponentServiceManager.lookup(SingleComponentServiceManager.java:68)
	at org.apache.cocoon.core.container.CoreServiceManager.lookup(CoreServiceManager.java:355)
	at org.apache.cocoon.core.container.CoreServiceManager.lookup(CoreServiceManager.java:355)
	at org.apache.cocoon.components.pipeline.AbstractProcessingPipeline.addTransformer(AbstractProcessingPipeline.java:242)
	at org.apache.cocoon.components.pipeline.impl.AbstractCachingProcessingPipeline.addTransformer(AbstractCachingProcessingPipeline.java:144)
	at org.apache.cocoon.components.treeprocessor.sitemap.SerializeNode.invoke(SerializeNode.java:107)
	at org.apache.cocoon.components.treeprocessor.AbstractParentProcessingNode.invokeNodes(AbstractParentProcessingNode.java:77)
	at org.apache.cocoon.components.treeprocessor.ContainerNode.invoke(ContainerNode.java:38)
	at org.apache.cocoon.components.treeprocessor.CategoryNode.invokeByName(CategoryNode.java:66)
	at org.apache.cocoon.components.treeprocessor.sitemap.CallNode.invoke(CallNode.java:83)
	at org.apache.cocoon.components.treeprocessor.AbstractParentProcessingNode.invokeNodes(AbstractParentProcessingNode.java:55)
	at org.apache.cocoon.components.treeprocessor.sitemap.PreparableMatchNode.invoke(PreparableMatchNode.java:116)
	at org.apache.cocoon.components.treeprocessor.AbstractParentProcessingNode.invokeNodes(AbstractParentProcessingNode.java:77)
	at org.apache.cocoon.components.treeprocessor.sitemap.PipelineNode.invoke(PipelineNode.java:155)
	at org.apache.cocoon.components.treeprocessor.AbstractParentProcessingNode.invokeNodes(AbstractParentProcessingNode.java:77)
	at org.apache.cocoon.components.treeprocessor.sitemap.PipelinesNode.invoke(PipelinesNode.java:95)
	at org.apache.cocoon.components.treeprocessor.ConcreteTreeProcessor.process(ConcreteTreeProcessor.java:292)
	at org.apache.cocoon.components.treeprocessor.ConcreteTreeProcessor.process(ConcreteTreeProcessor.java:223)
	at org.apache.cocoon.components.treeprocessor.TreeProcessor.process(TreeProcessor.java:289)
	at org.apache.cocoon.Cocoon.process(Cocoon.java:557)
	at org.apache.cocoon.bean.CocoonWrapper.getPage(CocoonWrapper.java:426)
	at org.apache.cocoon.bean.CocoonBean.processTarget(CocoonBean.java:496)
	at org.apache.cocoon.bean.CocoonBean.process(CocoonBean.java:357)
	at org.apache.cocoon.Main.main(Main.java:311)
WARN    (2011-07-18) 12:11.57:607   [cocoon.manager] (Unknown-URI) Unknown-Thread/SVGBuilder: setDocumentLocator was not called, will use http://localhost/ as base URI
WARN    (2011-07-18) 12:11.58:763   [cocoon.manager] (Unknown-URI) Unknown-Thread/FOPSerializer: Attribute src of user-config element is deprecated. Provide Cocoon URI as value of the element instead
WARN    (2011-07-18) 12:11.59:192   [cocoon.manager] (Unknown-URI) Unknown-Thread/TraxErrorListener: file:/var/lib/jenkins/workspace/CDH3u1-CentOS-Hadoop-Tarball/hadoop20/hadoop-0.20.2-cdh3u1/src/docs/cn/src/documentation/skins/pelt/xslt/fo/../../../common/xslt/fo/document-to-fo.xsl:148:19
WARN    (2011-07-18) 12:12.00:281   [cocoon.manager.fop] (Unknown-URI) Unknown-Thread/Table: table-layout=auto is not supported, using fixed!
WARN    (2011-07-18) 12:12.00:293   [cocoon.manager.fop] (Unknown-URI) Unknown-Thread/Table: table-layout=auto is not supported, using fixed!
ERROR   (2011-07-18) 12:12.02:122   [cocoon.manager.fop] (Unknown-URI) Unknown-Thread/MessageHandler: TrueType warning: Can't find cvt table
ERROR   (2011-07-18) 12:12.02:123   [cocoon.manager.fop] (Unknown-URI) Unknown-Thread/MessageHandler: TrueType warning: Can't find prep table
WARN    (2011-07-18) 12:12.02:977   [cocoon.manager] (Unknown-URI) Unknown-Thread/TraxErrorListener: file:/var/lib/jenkins/workspace/CDH3u1-CentOS-Hadoop-Tarball/hadoop20/hadoop-0.20.2-cdh3u1/src/docs/cn/src/documentation/skins/pelt/xslt/fo/../../../common/xslt/fo/document-to-fo.xsl:148:19
ERROR   (2011-07-18) 12:12.03:007   [cocoon.manager.fop] (Unknown-URI) Unknown-Thread/MessageHandler: Error in space-after property value '6pt"': org.apache.fop.fo.expr.PropertyException: missing quote
ERROR   (2011-07-18) 12:12.03:009   [cocoon.manager.fop] (Unknown-URI) Unknown-Thread/MessageHandler: Error in space-after property value '6pt"': org.apache.fop.fo.expr.PropertyException: missing quote
ERROR   (2011-07-18) 12:12.03:012   [cocoon.manager.fop] (Unknown-URI) Unknown-Thread/MessageHandler: property 'fonts-family' ignored
ERROR   (2011-07-18) 12:12.03:017   [cocoon.manager.fop] (Unknown-URI) Unknown-Thread/MessageHandler: property 'fonts-family' ignored
ERROR   (2011-07-18) 12:12.03:017   [cocoon.manager.fop] (Unknown-URI) Unknown-Thread/MessageHandler: property 'fonts-family' ignored
ERROR   (2011-07-18) 12:12.03:021   [cocoon.manager.fop] (Unknown-URI) Unknown-Thread/MessageHandler: property 'fonts-family' ignored
ERROR   (2011-07-18) 12:12.03:021   [cocoon.manager.fop] (Unknown-URI) Unknown-Thread/MessageHandler: property 'fonts-family' ignored
ERROR   (2011-07-18) 12:12.03:022   [cocoon.manager.fop] (Unknown-URI) Unknown-Thread/MessageHandler: property 'fonts-family' ignored
ERROR   (2011-07-18) 12:12.03:022   [cocoon.manager.fop] (Unknown-URI) Unknown-Thread/MessageHandler: property 'fonts-family' ignored
ERROR   (2011-07-18) 12:12.03:046   [cocoon.manager.fop] (Unknown-URI) Unknown-Thread/MessageHandler: property 'fonts-family' ignored
ERROR   (2011-07-18) 12:12.03:046   [cocoon.manager.fop] (Unknown-URI) Unknown-Thread/MessageHandler: property 'fonts-family' ignored
ERROR   (2011-07-18) 12:12.03:047   [cocoon.manager.fop] (Unknown-URI) Unknown-Thread/MessageHandler: property 'fonts-family' ignored
ERROR   (2011-07-18) 12:12.03:049   [cocoon.manager.fop] (Unknown-URI) Unknown-Thread/MessageHandler: property 'fonts-family' ignored
ERROR   (2011-07-18) 12:12.03:050   [cocoon.manager.fop] (Unknown-URI) Unknown-Thread/MessageHandler: property 'fonts-family' ignored
ERROR   (2011-07-18) 12:12.03:053   [cocoon.manager.fop] (Unknown-URI) Unknown-Thread/MessageHandler: property 'fonts-family' ignored
ERROR   (2011-07-18) 12:12.03:054   [cocoon.manager.fop] (Unknown-URI) Unknown-Thread/MessageHandler: property 'fonts-family' ignored
ERROR   (2011-07-18) 12:12.03:055   [cocoon.manager.fop] (Unknown-URI) Unknown-Thread/MessageHandler: property 'fonts-family' ignored
ERROR   (2011-07-18) 12:12.03:055   [cocoon.manager.fop] (Unknown-URI) Unknown-Thread/MessageHandler: property 'fonts-family' ignored
ERROR   (2011-07-18) 12:12.03:056   [cocoon.manager.fop] (Unknown-URI) Unknown-Thread/MessageHandler: property 'fonts-family' ignored
ERROR   (2011-07-18) 12:12.03:057   [cocoon.manager.fop] (Unknown-URI) Unknown-Thread/MessageHandler: property 'fonts-family' ignored
WARN    (2011-07-18) 12:12.03:140   [cocoon.manager.fop] (Unknown-URI) Unknown-Thread/Table: table-layout=auto is not supported, using fixed!
ERROR   (2011-07-18) 12:12.03:276   [cocoon.manager.fop] (Unknown-URI) Unknown-Thread/MessageHandler: TrueType warning: Can't find cvt table
ERROR   (2011-07-18) 12:12.03:276   [cocoon.manager.fop] (Unknown-URI) Unknown-Thread/MessageHandler: TrueType warning: Can't find prep table
WARN    (2011-07-18) 12:12.03:752   [cocoon.manager] (Unknown-URI) Unknown-Thread/TraxErrorListener: file:/var/lib/jenkins/workspace/CDH3u1-CentOS-Hadoop-Tarball/hadoop20/hadoop-0.20.2-cdh3u1/src/docs/cn/src/documentation/skins/pelt/xslt/fo/../../../common/xslt/fo/document-to-fo.xsl:148:19
ERROR   (2011-07-18) 12:12.03:873   [cocoon.manager.fop] (Unknown-URI) Unknown-Thread/MessageHandler: TrueType warning: Can't find cvt table
ERROR   (2011-07-18) 12:12.03:874   [cocoon.manager.fop] (Unknown-URI) Unknown-Thread/MessageHandler: TrueType warning: Can't find prep table
WARN    (2011-07-18) 12:12.04:199   [cocoon.manager] (Unknown-URI) Unknown-Thread/TraxErrorListener: file:/var/lib/jenkins/workspace/CDH3u1-CentOS-Hadoop-Tarball/hadoop20/hadoop-0.20.2-cdh3u1/src/docs/cn/src/documentation/skins/pelt/xslt/fo/../../../common/xslt/fo/document-to-fo.xsl:148:19
ERROR   (2011-07-18) 12:12.04:488   [cocoon.manager.fop] (Unknown-URI) Unknown-Thread/MessageHandler: TrueType warning: Can't find cvt table
ERROR   (2011-07-18) 12:12.04:488   [cocoon.manager.fop] (Unknown-URI) Unknown-Thread/MessageHandler: TrueType warning: Can't find prep table
WARN    (2011-07-18) 12:12.04:760   [cocoon.manager] (Unknown-URI) Unknown-Thread/SVGBuilder: setDocumentLocator was not called, will use http://localhost/ as base URI
WARN    (2011-07-18) 12:12.04:778   [cocoon.manager] (Unknown-URI) Unknown-Thread/SVGBuilder: setDocumentLocator was not called, will use http://localhost/ as base URI
WARN    (2011-07-18) 12:12.04:796   [cocoon.manager] (Unknown-URI) Unknown-Thread/SVGBuilder: setDocumentLocator was not called, will use http://localhost/ as base URI
WARN    (2011-07-18) 12:12.04:812   [cocoon.manager] (Unknown-URI) Unknown-Thread/SVGBuilder: setDocumentLocator was not called, will use http://localhost/ as base URI
WARN    (2011-07-18) 12:12.04:831   [cocoon.manager] (Unknown-URI) Unknown-Thread/SVGBuilder: setDocumentLocator was not called, will use http://localhost/ as base URI
WARN    (2011-07-18) 12:12.04:850   [cocoon.manager] (Unknown-URI) Unknown-Thread/SVGBuilder: setDocumentLocator was not called, will use http://localhost/ as base URI
WARN    (2011-07-18) 12:12.04:866   [cocoon.manager] (Unknown-URI) Unknown-Thread/SVGBuilder: setDocumentLocator was not called, will use http://localhost/ as base URI
WARN    (2011-07-18) 12:12.04:880   [cocoon.manager] (Unknown-URI) Unknown-Thread/SVGBuilder: setDocumentLocator was not called, will use http://localhost/ as base URI
WARN    (2011-07-18) 12:12.04:894   [cocoon.manager] (Unknown-URI) Unknown-Thread/SVGBuilder: setDocumentLocator was not called, will use http://localhost/ as base URI
WARN    (2011-07-18) 12:12.05:146   [cocoon.manager] (Unknown-URI) Unknown-Thread/TraxErrorListener: file:/var/lib/jenkins/workspace/CDH3u1-CentOS-Hadoop-Tarball/hadoop20/hadoop-0.20.2-cdh3u1/src/docs/cn/src/documentation/skins/pelt/xslt/fo/../../../common/xslt/fo/document-to-fo.xsl:148:19
ERROR   (2011-07-18) 12:12.05:188   [cocoon.manager.fop] (Unknown-URI) Unknown-Thread/MessageHandler: property 'fonts-family' ignored
ERROR   (2011-07-18) 12:12.05:362   [cocoon.manager.fop] (Unknown-URI) Unknown-Thread/MessageHandler: property 'fonts-family' ignored
ERROR   (2011-07-18) 12:12.05:386   [cocoon.manager.fop] (Unknown-URI) Unknown-Thread/MessageHandler: property 'fonts-family' ignored
ERROR   (2011-07-18) 12:12.05:386   [cocoon.manager.fop] (Unknown-URI) Unknown-Thread/MessageHandler: property 'fonts-family' ignored
ERROR   (2011-07-18) 12:12.05:387   [cocoon.manager.fop] (Unknown-URI) Unknown-Thread/MessageHandler: property 'fonts-family' ignored
ERROR   (2011-07-18) 12:12.05:397   [cocoon.manager.fop] (Unknown-URI) Unknown-Thread/MessageHandler: property 'fonts-family' ignored
ERROR   (2011-07-18) 12:12.05:397   [cocoon.manager.fop] (Unknown-URI) Unknown-Thread/MessageHandler: property 'fonts-family' ignored
ERROR   (2011-07-18) 12:12.05:397   [cocoon.manager.fop] (Unknown-URI) Unknown-Thread/MessageHandler: property 'fonts-family' ignored
ERROR   (2011-07-18) 12:12.05:398   [cocoon.manager.fop] (Unknown-URI) Unknown-Thread/MessageHandler: property 'fonts-family' ignored
ERROR   (2011-07-18) 12:12.05:400   [cocoon.manager.fop] (Unknown-URI) Unknown-Thread/MessageHandler: property 'fonts-family' ignored
ERROR   (2011-07-18) 12:12.05:401   [cocoon.manager.fop] (Unknown-URI) Unknown-Thread/MessageHandler: property 'fonts-family' ignored
ERROR   (2011-07-18) 12:12.05:401   [cocoon.manager.fop] (Unknown-URI) Unknown-Thread/MessageHandler: property 'fonts-family' ignored
ERROR   (2011-07-18) 12:12.05:401   [cocoon.manager.fop] (Unknown-URI) Unknown-Thread/MessageHandler: property 'fonts-family' ignored
ERROR   (2011-07-18) 12:12.05:402   [cocoon.manager.fop] (Unknown-URI) Unknown-Thread/MessageHandler: property 'fonts-family' ignored
ERROR   (2011-07-18) 12:12.05:404   [cocoon.manager.fop] (Unknown-URI) Unknown-Thread/MessageHandler: property 'fonts-family' ignored
ERROR   (2011-07-18) 12:12.05:405   [cocoon.manager.fop] (Unknown-URI) Unknown-Thread/MessageHandler: property 'fonts-family' ignored
ERROR   (2011-07-18) 12:12.05:405   [cocoon.manager.fop] (Unknown-URI) Unknown-Thread/MessageHandler: property 'fonts-family' ignored
ERROR   (2011-07-18) 12:12.05:405   [cocoon.manager.fop] (Unknown-URI) Unknown-Thread/MessageHandler: property 'fonts-family' ignored
WARN    (2011-07-18) 12:12.05:531   [cocoon.manager.fop] (Unknown-URI) Unknown-Thread/Table: table-layout=auto is not supported, using fixed!
WARN    (2011-07-18) 12:12.05:542   [cocoon.manager.fop] (Unknown-URI) Unknown-Thread/Table: table-layout=auto is not supported, using fixed!
WARN    (2011-07-18) 12:12.05:557   [cocoon.manager.fop] (Unknown-URI) Unknown-Thread/Table: table-layout=auto is not supported, using fixed!
WARN    (2011-07-18) 12:12.05:563   [cocoon.manager.fop] (Unknown-URI) Unknown-Thread/Table: table-layout=auto is not supported, using fixed!
WARN    (2011-07-18) 12:12.05:574   [cocoon.manager.fop] (Unknown-URI) Unknown-Thread/Table: table-layout=auto is not supported, using fixed!
WARN    (2011-07-18) 12:12.05:586   [cocoon.manager.fop] (Unknown-URI) Unknown-Thread/Table: table-layout=auto is not supported, using fixed!
WARN    (2011-07-18) 12:12.05:598   [cocoon.manager.fop] (Unknown-URI) Unknown-Thread/Table: table-layout=auto is not supported, using fixed!
WARN    (2011-07-18) 12:12.05:615   [cocoon.manager.fop] (Unknown-URI) Unknown-Thread/Table: table-layout=auto is not supported, using fixed!
WARN    (2011-07-18) 12:12.05:620   [cocoon.manager.fop] (Unknown-URI) Unknown-Thread/Table: table-layout=auto is not supported, using fixed!
WARN    (2011-07-18) 12:12.05:624   [cocoon.manager.fop] (Unknown-URI) Unknown-Thread/Table: table-layout=auto is not supported, using fixed!
WARN    (2011-07-18) 12:12.05:628   [cocoon.manager.fop] (Unknown-URI) Unknown-Thread/Table: table-layout=auto is not supported, using fixed!
WARN    (2011-07-18) 12:12.05:652   [cocoon.manager.fop] (Unknown-URI) Unknown-Thread/Table: table-layout=auto is not supported, using fixed!
WARN    (2011-07-18) 12:12.05:660   [cocoon.manager.fop] (Unknown-URI) Unknown-Thread/Table: table-layout=auto is not supported, using fixed!
ERROR   (2011-07-18) 12:12.05:885   [cocoon.manager.fop] (Unknown-URI) Unknown-Thread/MessageHandler: TrueType warning: Can't find cvt table
ERROR   (2011-07-18) 12:12.05:885   [cocoon.manager.fop] (Unknown-URI) Unknown-Thread/MessageHandler: TrueType warning: Can't find prep table
WARN    (2011-07-18) 12:12.05:929   [cocoon.manager] (Unknown-URI) Unknown-Thread/TraxErrorListener: file:/var/lib/jenkins/workspace/CDH3u1-CentOS-Hadoop-Tarball/hadoop20/hadoop-0.20.2-cdh3u1/src/docs/cn/src/documentation/skins/pelt/xslt/fo/../../../common/xslt/fo/document-to-fo.xsl:148:19
ERROR   (2011-07-18) 12:12.05:935   [cocoon.manager.fop] (Unknown-URI) Unknown-Thread/MessageHandler: property 'fonts-family' ignored
ERROR   (2011-07-18) 12:12.05:936   [cocoon.manager.fop] (Unknown-URI) Unknown-Thread/MessageHandler: property 'fonts-family' ignored
ERROR   (2011-07-18) 12:12.05:937   [cocoon.manager.fop] (Unknown-URI) Unknown-Thread/MessageHandler: property 'fonts-family' ignored
ERROR   (2011-07-18) 12:12.06:068   [cocoon.manager.fop] (Unknown-URI) Unknown-Thread/MessageHandler: TrueType warning: Can't find cvt table
ERROR   (2011-07-18) 12:12.06:068   [cocoon.manager.fop] (Unknown-URI) Unknown-Thread/MessageHandler: TrueType warning: Can't find prep table
WARN    (2011-07-18) 12:12.06:103   [cocoon.manager] (Unknown-URI) Unknown-Thread/TextSerializer: Encountered text before root element. Creating <text> wrapper element.
WARN    (2011-07-18) 12:12.06:128   [cocoon.manager] (Unknown-URI) Unknown-Thread/TraxErrorListener: file:/var/lib/jenkins/workspace/CDH3u1-CentOS-Hadoop-Tarball/hadoop20/hadoop-0.20.2-cdh3u1/src/docs/cn/src/documentation/skins/pelt/xslt/fo/../../../common/xslt/fo/document-to-fo.xsl:148:19
ERROR   (2011-07-18) 12:12.06:269   [cocoon.manager.fop] (Unknown-URI) Unknown-Thread/MessageHandler: TrueType warning: Can't find cvt table
ERROR   (2011-07-18) 12:12.06:270   [cocoon.manager.fop] (Unknown-URI) Unknown-Thread/MessageHandler: TrueType warning: Can't find prep table
WARN    (2011-07-18) 12:12.06:640   [cocoon.manager] (Unknown-URI) Unknown-Thread/TraxErrorListener: file:/var/lib/jenkins/workspace/CDH3u1-CentOS-Hadoop-Tarball/hadoop20/hadoop-0.20.2-cdh3u1/src/docs/cn/src/documentation/skins/pelt/xslt/fo/../../../common/xslt/fo/document-to-fo.xsl:148:19
ERROR   (2011-07-18) 12:12.06:699   [cocoon.manager.fop] (Unknown-URI) Unknown-Thread/MessageHandler: Error in space-after property value '6pt"': org.apache.fop.fo.expr.PropertyException: missing quote
ERROR   (2011-07-18) 12:12.06:707   [cocoon.manager.fop] (Unknown-URI) Unknown-Thread/MessageHandler: Error in space-after property value '6pt"': org.apache.fop.fo.expr.PropertyException: missing quote
ERROR   (2011-07-18) 12:12.06:725   [cocoon.manager.fop] (Unknown-URI) Unknown-Thread/MessageHandler: property 'fonts-family' ignored
ERROR   (2011-07-18) 12:12.06:725   [cocoon.manager.fop] (Unknown-URI) Unknown-Thread/MessageHandler: property 'fonts-family' ignored
ERROR   (2011-07-18) 12:12.06:813   [cocoon.manager.fop] (Unknown-URI) Unknown-Thread/MessageHandler: property 'fonts-family' ignored
ERROR   (2011-07-18) 12:12.06:813   [cocoon.manager.fop] (Unknown-URI) Unknown-Thread/MessageHandler: property 'fonts-family' ignored
ERROR   (2011-07-18) 12:12.06:814   [cocoon.manager.fop] (Unknown-URI) Unknown-Thread/MessageHandler: property 'fonts-family' ignored
ERROR   (2011-07-18) 12:12.06:814   [cocoon.manager.fop] (Unknown-URI) Unknown-Thread/MessageHandler: property 'fonts-family' ignored
ERROR   (2011-07-18) 12:12.06:814   [cocoon.manager.fop] (Unknown-URI) Unknown-Thread/MessageHandler: property 'fonts-family' ignored
ERROR   (2011-07-18) 12:12.06:819   [cocoon.manager.fop] (Unknown-URI) Unknown-Thread/MessageHandler: property 'fonts-family' ignored
ERROR   (2011-07-18) 12:12.06:820   [cocoon.manager.fop] (Unknown-URI) Unknown-Thread/MessageHandler: property 'fonts-family' ignored
ERROR   (2011-07-18) 12:12.06:821   [cocoon.manager.fop] (Unknown-URI) Unknown-Thread/MessageHandler: property 'fonts-family' ignored
ERROR   (2011-07-18) 12:12.06:823   [cocoon.manager.fop] (Unknown-URI) Unknown-Thread/MessageHandler: property 'fonts-family' ignored
ERROR   (2011-07-18) 12:12.06:824   [cocoon.manager.fop] (Unknown-URI) Unknown-Thread/MessageHandler: property 'fonts-family' ignored
ERROR   (2011-07-18) 12:12.06:824   [cocoon.manager.fop] (Unknown-URI) Unknown-Thread/MessageHandler: property 'fonts-family' ignored
WARN    (2011-07-18) 12:12.06:886   [cocoon.manager.fop] (Unknown-URI) Unknown-Thread/Table: table-layout=auto is not supported, using fixed!
WARN    (2011-07-18) 12:12.06:895   [cocoon.manager.fop] (Unknown-URI) Unknown-Thread/Table: table-layout=auto is not supported, using fixed!
WARN    (2011-07-18) 12:12.06:916   [cocoon.manager.fop] (Unknown-URI) Unknown-Thread/Table: table-layout=auto is not supported, using fixed!
WARN    (2011-07-18) 12:12.06:929   [cocoon.manager.fop] (Unknown-URI) Unknown-Thread/Table: table-layout=auto is not supported, using fixed!
ERROR   (2011-07-18) 12:12.07:076   [cocoon.manager.fop] (Unknown-URI) Unknown-Thread/MessageHandler: TrueType warning: Can't find cvt table
ERROR   (2011-07-18) 12:12.07:076   [cocoon.manager.fop] (Unknown-URI) Unknown-Thread/MessageHandler: TrueType warning: Can't find prep table
WARN    (2011-07-18) 12:12.07:440   [cocoon.manager] (Unknown-URI) Unknown-Thread/TraxErrorListener: file:/var/lib/jenkins/workspace/CDH3u1-CentOS-Hadoop-Tarball/hadoop20/hadoop-0.20.2-cdh3u1/src/docs/cn/src/documentation/skins/pelt/xslt/fo/../../../common/xslt/fo/document-to-fo.xsl:148:19
ERROR   (2011-07-18) 12:12.07:458   [cocoon.manager.fop] (Unknown-URI) Unknown-Thread/MessageHandler: property 'fonts-family' ignored
ERROR   (2011-07-18) 12:12.07:471   [cocoon.manager.fop] (Unknown-URI) Unknown-Thread/MessageHandler: property 'fonts-family' ignored
ERROR   (2011-07-18) 12:12.07:471   [cocoon.manager.fop] (Unknown-URI) Unknown-Thread/MessageHandler: property 'fonts-family' ignored
ERROR   (2011-07-18) 12:12.07:472   [cocoon.manager.fop] (Unknown-URI) Unknown-Thread/MessageHandler: property 'fonts-family' ignored
ERROR   (2011-07-18) 12:12.07:472   [cocoon.manager.fop] (Unknown-URI) Unknown-Thread/MessageHandler: Error in space-after property value '6pt"': org.apache.fop.fo.expr.PropertyException: missing quote
ERROR   (2011-07-18) 12:12.07:473   [cocoon.manager.fop] (Unknown-URI) Unknown-Thread/MessageHandler: property 'fonts-family' ignored
ERROR   (2011-07-18) 12:12.07:824   [cocoon.manager.fop] (Unknown-URI) Unknown-Thread/MessageHandler: TrueType warning: Can't find cvt table
ERROR   (2011-07-18) 12:12.07:825   [cocoon.manager.fop] (Unknown-URI) Unknown-Thread/MessageHandler: TrueType warning: Can't find prep table
WARN    (2011-07-18) 12:12.07:913   [cocoon.manager] (Unknown-URI) Unknown-Thread/TraxErrorListener: file:/var/lib/jenkins/workspace/CDH3u1-CentOS-Hadoop-Tarball/hadoop20/hadoop-0.20.2-cdh3u1/src/docs/cn/src/documentation/skins/pelt/xslt/fo/../../../common/xslt/fo/document-to-fo.xsl:148:19
ERROR   (2011-07-18) 12:12.08:363   [cocoon.manager.fop] (Unknown-URI) Unknown-Thread/MessageHandler: property 'fonts-family' ignored
ERROR   (2011-07-18) 12:12.08:364   [cocoon.manager.fop] (Unknown-URI) Unknown-Thread/MessageHandler: property 'fonts-family' ignored
ERROR   (2011-07-18) 12:12.08:365   [cocoon.manager.fop] (Unknown-URI) Unknown-Thread/MessageHandler: property 'fonts-family' ignored
ERROR   (2011-07-18) 12:12.08:365   [cocoon.manager.fop] (Unknown-URI) Unknown-Thread/MessageHandler: property 'fonts-family' ignored
ERROR   (2011-07-18) 12:12.08:366   [cocoon.manager.fop] (Unknown-URI) Unknown-Thread/MessageHandler: property 'fonts-family' ignored
ERROR   (2011-07-18) 12:12.08:366   [cocoon.manager.fop] (Unknown-URI) Unknown-Thread/MessageHandler: property 'fonts-family' ignored
ERROR   (2011-07-18) 12:12.08:367   [cocoon.manager.fop] (Unknown-URI) Unknown-Thread/MessageHandler: property 'fonts-family' ignored
ERROR   (2011-07-18) 12:12.08:367   [cocoon.manager.fop] (Unknown-URI) Unknown-Thread/MessageHandler: property 'fonts-family' ignored
ERROR   (2011-07-18) 12:12.08:367   [cocoon.manager.fop] (Unknown-URI) Unknown-Thread/MessageHandler: property 'fonts-family' ignored
ERROR   (2011-07-18) 12:12.08:367   [cocoon.manager.fop] (Unknown-URI) Unknown-Thread/MessageHandler: property 'fonts-family' ignored
ERROR   (2011-07-18) 12:12.08:368   [cocoon.manager.fop] (Unknown-URI) Unknown-Thread/MessageHandler: property 'fonts-family' ignored
ERROR   (2011-07-18) 12:12.08:369   [cocoon.manager.fop] (Unknown-URI) Unknown-Thread/MessageHandler: property 'fonts-family' ignored
ERROR   (2011-07-18) 12:12.08:369   [cocoon.manager.fop] (Unknown-URI) Unknown-Thread/MessageHandler: property 'fonts-family' ignored
ERROR   (2011-07-18) 12:12.08:369   [cocoon.manager.fop] (Unknown-URI) Unknown-Thread/MessageHandler: property 'fonts-family' ignored
ERROR   (2011-07-18) 12:12.08:370   [cocoon.manager.fop] (Unknown-URI) Unknown-Thread/MessageHandler: property 'fonts-family' ignored
ERROR   (2011-07-18) 12:12.08:370   [cocoon.manager.fop] (Unknown-URI) Unknown-Thread/MessageHandler: property 'fonts-family' ignored
ERROR   (2011-07-18) 12:12.08:372   [cocoon.manager.fop] (Unknown-URI) Unknown-Thread/MessageHandler: property 'fonts-family' ignored
ERROR   (2011-07-18) 12:12.08:378   [cocoon.manager.fop] (Unknown-URI) Unknown-Thread/MessageHandler: property 'fonts-family' ignored
ERROR   (2011-07-18) 12:12.08:378   [cocoon.manager.fop] (Unknown-URI) Unknown-Thread/MessageHandler: property 'fonts-family' ignored
ERROR   (2011-07-18) 12:12.08:378   [cocoon.manager.fop] (Unknown-URI) Unknown-Thread/MessageHandler: property 'fonts-family' ignored
ERROR   (2011-07-18) 12:12.08:379   [cocoon.manager.fop] (Unknown-URI) Unknown-Thread/MessageHandler: property 'fonts-family' ignored
ERROR   (2011-07-18) 12:12.08:379   [cocoon.manager.fop] (Unknown-URI) Unknown-Thread/MessageHandler: property 'fonts-family' ignored
ERROR   (2011-07-18) 12:12.08:379   [cocoon.manager.fop] (Unknown-URI) Unknown-Thread/MessageHandler: property 'fonts-family' ignored
ERROR   (2011-07-18) 12:12.08:380   [cocoon.manager.fop] (Unknown-URI) Unknown-Thread/MessageHandler: property 'fonts-family' ignored
ERROR   (2011-07-18) 12:12.08:382   [cocoon.manager.fop] (Unknown-URI) Unknown-Thread/MessageHandler: property 'fonts-family' ignored
ERROR   (2011-07-18) 12:12.08:382   [cocoon.manager.fop] (Unknown-URI) Unknown-Thread/MessageHandler: property 'fonts-family' ignored
ERROR   (2011-07-18) 12:12.08:383   [cocoon.manager.fop] (Unknown-URI) Unknown-Thread/MessageHandler: property 'fonts-family' ignored
ERROR   (2011-07-18) 12:12.08:384   [cocoon.manager.fop] (Unknown-URI) Unknown-Thread/MessageHandler: property 'fonts-family' ignored
ERROR   (2011-07-18) 12:12.08:385   [cocoon.manager.fop] (Unknown-URI) Unknown-Thread/MessageHandler: property 'fonts-family' ignored
ERROR   (2011-07-18) 12:12.08:385   [cocoon.manager.fop] (Unknown-URI) Unknown-Thread/MessageHandler: property 'fonts-family' ignored
ERROR   (2011-07-18) 12:12.08:385   [cocoon.manager.fop] (Unknown-URI) Unknown-Thread/MessageHandler: property 'fonts-family' ignored
ERROR   (2011-07-18) 12:12.08:386   [cocoon.manager.fop] (Unknown-URI) Unknown-Thread/MessageHandler: property 'fonts-family' ignored
ERROR   (2011-07-18) 12:12.08:386   [cocoon.manager.fop] (Unknown-URI) Unknown-Thread/MessageHandler: property 'fonts-family' ignored
ERROR   (2011-07-18) 12:12.08:386   [cocoon.manager.fop] (Unknown-URI) Unknown-Thread/MessageHandler: property 'fonts-family' ignored
ERROR   (2011-07-18) 12:12.08:387   [cocoon.manager.fop] (Unknown-URI) Unknown-Thread/MessageHandler: property 'fonts-family' ignored
ERROR   (2011-07-18) 12:12.08:387   [cocoon.manager.fop] (Unknown-URI) Unknown-Thread/MessageHandler: property 'fonts-family' ignored
ERROR   (2011-07-18) 12:12.08:388   [cocoon.manager.fop] (Unknown-URI) Unknown-Thread/MessageHandler: property 'fonts-family' ignored
ERROR   (2011-07-18) 12:12.08:388   [cocoon.manager.fop] (Unknown-URI) Unknown-Thread/MessageHandler: property 'fonts-family' ignored
ERROR   (2011-07-18) 12:12.08:388   [cocoon.manager.fop] (Unknown-URI) Unknown-Thread/MessageHandler: property 'fonts-family' ignored
ERROR   (2011-07-18) 12:12.08:389   [cocoon.manager.fop] (Unknown-URI) Unknown-Thread/MessageHandler: property 'fonts-family' ignored
ERROR   (2011-07-18) 12:12.08:389   [cocoon.manager.fop] (Unknown-URI) Unknown-Thread/MessageHandler: property 'fonts-family' ignored
ERROR   (2011-07-18) 12:12.08:535   [cocoon.manager.fop] (Unknown-URI) Unknown-Thread/MessageHandler: property 'fonts-family' ignored
ERROR   (2011-07-18) 12:12.08:535   [cocoon.manager.fop] (Unknown-URI) Unknown-Thread/MessageHandler: property 'fonts-family' ignored
ERROR   (2011-07-18) 12:12.08:535   [cocoon.manager.fop] (Unknown-URI) Unknown-Thread/MessageHandler: property 'fonts-family' ignored
ERROR   (2011-07-18) 12:12.08:536   [cocoon.manager.fop] (Unknown-URI) Unknown-Thread/MessageHandler: property 'fonts-family' ignored
ERROR   (2011-07-18) 12:12.08:536   [cocoon.manager.fop] (Unknown-URI) Unknown-Thread/MessageHandler: property 'fonts-family' ignored
ERROR   (2011-07-18) 12:12.08:536   [cocoon.manager.fop] (Unknown-URI) Unknown-Thread/MessageHandler: property 'fonts-family' ignored
ERROR   (2011-07-18) 12:12.08:669   [cocoon.manager.fop] (Unknown-URI) Unknown-Thread/MessageHandler: Error in space-after property value '6pt"': org.apache.fop.fo.expr.PropertyException: missing quote
ERROR   (2011-07-18) 12:12.08:671   [cocoon.manager.fop] (Unknown-URI) Unknown-Thread/MessageHandler: property 'fonts-family' ignored
ERROR   (2011-07-18) 12:12.08:671   [cocoon.manager.fop] (Unknown-URI) Unknown-Thread/MessageHandler: property 'fonts-family' ignored
ERROR   (2011-07-18) 12:12.08:671   [cocoon.manager.fop] (Unknown-URI) Unknown-Thread/MessageHandler: property 'fonts-family' ignored
ERROR   (2011-07-18) 12:12.08:671   [cocoon.manager.fop] (Unknown-URI) Unknown-Thread/MessageHandler: property 'fonts-family' ignored
ERROR   (2011-07-18) 12:12.08:672   [cocoon.manager.fop] (Unknown-URI) Unknown-Thread/MessageHandler: property 'fonts-family' ignored
ERROR   (2011-07-18) 12:12.08:691   [cocoon.manager.fop] (Unknown-URI) Unknown-Thread/MessageHandler: Error in space-after property value '6pt"': org.apache.fop.fo.expr.PropertyException: missing quote
ERROR   (2011-07-18) 12:12.08:717   [cocoon.manager.fop] (Unknown-URI) Unknown-Thread/MessageHandler: Error in space-after property value '6pt"': org.apache.fop.fo.expr.PropertyException: missing quote
ERROR   (2011-07-18) 12:12.08:771   [cocoon.manager.fop] (Unknown-URI) Unknown-Thread/MessageHandler: property 'fonts-family' ignored
ERROR   (2011-07-18) 12:12.08:772   [cocoon.manager.fop] (Unknown-URI) Unknown-Thread/MessageHandler: property 'fonts-family' ignored
ERROR   (2011-07-18) 12:12.08:772   [cocoon.manager.fop] (Unknown-URI) Unknown-Thread/MessageHandler: property 'fonts-family' ignored
ERROR   (2011-07-18) 12:12.08:772   [cocoon.manager.fop] (Unknown-URI) Unknown-Thread/MessageHandler: property 'fonts-family' ignored
ERROR   (2011-07-18) 12:12.08:779   [cocoon.manager.fop] (Unknown-URI) Unknown-Thread/MessageHandler: property 'fonts-family' ignored
ERROR   (2011-07-18) 12:12.08:780   [cocoon.manager.fop] (Unknown-URI) Unknown-Thread/MessageHandler: property 'fonts-family' ignored
ERROR   (2011-07-18) 12:12.08:808   [cocoon.manager.fop] (Unknown-URI) Unknown-Thread/MessageHandler: property 'fonts-family' ignored
ERROR   (2011-07-18) 12:12.08:809   [cocoon.manager.fop] (Unknown-URI) Unknown-Thread/MessageHandler: property 'fonts-family' ignored
ERROR   (2011-07-18) 12:12.09:586   [cocoon.manager.fop] (Unknown-URI) Unknown-Thread/MessageHandler: property 'fonts-family' ignored
ERROR   (2011-07-18) 12:12.09:587   [cocoon.manager.fop] (Unknown-URI) Unknown-Thread/MessageHandler: property 'fonts-family' ignored
ERROR   (2011-07-18) 12:12.09:587   [cocoon.manager.fop] (Unknown-URI) Unknown-Thread/MessageHandler: property 'fonts-family' ignored
ERROR   (2011-07-18) 12:12.09:587   [cocoon.manager.fop] (Unknown-URI) Unknown-Thread/MessageHandler: property 'fonts-family' ignored
ERROR   (2011-07-18) 12:12.09:588   [cocoon.manager.fop] (Unknown-URI) Unknown-Thread/MessageHandler: property 'fonts-family' ignored
ERROR   (2011-07-18) 12:12.09:588   [cocoon.manager.fop] (Unknown-URI) Unknown-Thread/MessageHandler: property 'fonts-family' ignored
ERROR   (2011-07-18) 12:12.09:588   [cocoon.manager.fop] (Unknown-URI) Unknown-Thread/MessageHandler: property 'fonts-family' ignored
ERROR   (2011-07-18) 12:12.09:589   [cocoon.manager.fop] (Unknown-URI) Unknown-Thread/MessageHandler: property 'fonts-family' ignored
ERROR   (2011-07-18) 12:12.09:589   [cocoon.manager.fop] (Unknown-URI) Unknown-Thread/MessageHandler: property 'fonts-family' ignored
ERROR   (2011-07-18) 12:12.09:590   [cocoon.manager.fop] (Unknown-URI) Unknown-Thread/MessageHandler: property 'fonts-family' ignored
ERROR   (2011-07-18) 12:12.09:590   [cocoon.manager.fop] (Unknown-URI) Unknown-Thread/MessageHandler: property 'fonts-family' ignored
ERROR   (2011-07-18) 12:12.09:590   [cocoon.manager.fop] (Unknown-URI) Unknown-Thread/MessageHandler: property 'fonts-family' ignored
ERROR   (2011-07-18) 12:12.09:591   [cocoon.manager.fop] (Unknown-URI) Unknown-Thread/MessageHandler: property 'fonts-family' ignored
ERROR   (2011-07-18) 12:12.09:591   [cocoon.manager.fop] (Unknown-URI) Unknown-Thread/MessageHandler: property 'fonts-family' ignored
ERROR   (2011-07-18) 12:12.09:591   [cocoon.manager.fop] (Unknown-URI) Unknown-Thread/MessageHandler: property 'fonts-family' ignored
ERROR   (2011-07-18) 12:12.09:592   [cocoon.manager.fop] (Unknown-URI) Unknown-Thread/MessageHandler: property 'fonts-family' ignored
ERROR   (2011-07-18) 12:12.09:592   [cocoon.manager.fop] (Unknown-URI) Unknown-Thread/MessageHandler: property 'fonts-family' ignored
ERROR   (2011-07-18) 12:12.09:593   [cocoon.manager.fop] (Unknown-URI) Unknown-Thread/MessageHandler: property 'fonts-family' ignored
ERROR   (2011-07-18) 12:12.09:593   [cocoon.manager.fop] (Unknown-URI) Unknown-Thread/MessageHandler: property 'fonts-family' ignored
ERROR   (2011-07-18) 12:12.09:593   [cocoon.manager.fop] (Unknown-URI) Unknown-Thread/MessageHandler: property 'fonts-family' ignored
ERROR   (2011-07-18) 12:12.09:594   [cocoon.manager.fop] (Unknown-URI) Unknown-Thread/MessageHandler: property 'fonts-family' ignored
ERROR   (2011-07-18) 12:12.09:594   [cocoon.manager.fop] (Unknown-URI) Unknown-Thread/MessageHandler: property 'fonts-family' ignored
ERROR   (2011-07-18) 12:12.09:595   [cocoon.manager.fop] (Unknown-URI) Unknown-Thread/MessageHandler: property 'fonts-family' ignored
ERROR   (2011-07-18) 12:12.09:595   [cocoon.manager.fop] (Unknown-URI) Unknown-Thread/MessageHandler: property 'fonts-family' ignored
ERROR   (2011-07-18) 12:12.09:595   [cocoon.manager.fop] (Unknown-URI) Unknown-Thread/MessageHandler: property 'fonts-family' ignored
ERROR   (2011-07-18) 12:12.09:596   [cocoon.manager.fop] (Unknown-URI) Unknown-Thread/MessageHandler: property 'fonts-family' ignored
ERROR   (2011-07-18) 12:12.09:596   [cocoon.manager.fop] (Unknown-URI) Unknown-Thread/MessageHandler: property 'fonts-family' ignored
ERROR   (2011-07-18) 12:12.09:596   [cocoon.manager.fop] (Unknown-URI) Unknown-Thread/MessageHandler: property 'fonts-family' ignored
ERROR   (2011-07-18) 12:12.09:597   [cocoon.manager.fop] (Unknown-URI) Unknown-Thread/MessageHandler: property 'fonts-family' ignored
ERROR   (2011-07-18) 12:12.09:597   [cocoon.manager.fop] (Unknown-URI) Unknown-Thread/MessageHandler: property 'fonts-family' ignored
ERROR   (2011-07-18) 12:12.09:598   [cocoon.manager.fop] (Unknown-URI) Unknown-Thread/MessageHandler: property 'fonts-family' ignored
ERROR   (2011-07-18) 12:12.09:598   [cocoon.manager.fop] (Unknown-URI) Unknown-Thread/MessageHandler: property 'fonts-family' ignored
ERROR   (2011-07-18) 12:12.09:598   [cocoon.manager.fop] (Unknown-URI) Unknown-Thread/MessageHandler: property 'fonts-family' ignored
ERROR   (2011-07-18) 12:12.09:599   [cocoon.manager.fop] (Unknown-URI) Unknown-Thread/MessageHandler: property 'fonts-family' ignored
ERROR   (2011-07-18) 12:12.09:599   [cocoon.manager.fop] (Unknown-URI) Unknown-Thread/MessageHandler: property 'fonts-family' ignored
WARN    (2011-07-18) 12:12.09:669   [cocoon.manager.fop] (Unknown-URI) Unknown-Thread/Table: table-layout=auto is not supported, using fixed!
WARN    (2011-07-18) 12:12.09:852   [cocoon.manager.fop] (Unknown-URI) Unknown-Thread/Table: table-layout=auto is not supported, using fixed!
WARN    (2011-07-18) 12:12.09:971   [cocoon.manager.fop] (Unknown-URI) Unknown-Thread/Table: table-layout=auto is not supported, using fixed!
ERROR   (2011-07-18) 12:12.10:353   [cocoon.manager.fop] (Unknown-URI) Unknown-Thread/MessageHandler: TrueType warning: Can't find cvt table
ERROR   (2011-07-18) 12:12.10:353   [cocoon.manager.fop] (Unknown-URI) Unknown-Thread/MessageHandler: TrueType warning: Can't find prep table
WARN    (2011-07-18) 12:12.10:535   [cocoon.manager] (Unknown-URI) Unknown-Thread/TraxErrorListener: file:/var/lib/jenkins/workspace/CDH3u1-CentOS-Hadoop-Tarball/hadoop20/hadoop-0.20.2-cdh3u1/src/docs/cn/src/documentation/skins/pelt/xslt/fo/../../../common/xslt/fo/document-to-fo.xsl:148:19
ERROR   (2011-07-18) 12:12.10:854   [cocoon.manager.fop] (Unknown-URI) Unknown-Thread/MessageHandler: TrueType warning: Can't find cvt table
ERROR   (2011-07-18) 12:12.10:854   [cocoon.manager.fop] (Unknown-URI) Unknown-Thread/MessageHandler: TrueType warning: Can't find prep table
WARN    (2011-07-18) 12:12.10:901   [cocoon.manager] (Unknown-URI) Unknown-Thread/TraxErrorListener: file:/var/lib/jenkins/workspace/CDH3u1-CentOS-Hadoop-Tarball/hadoop20/hadoop-0.20.2-cdh3u1/src/docs/cn/src/documentation/skins/pelt/xslt/fo/../../../common/xslt/fo/document-to-fo.xsl:148:19
ERROR   (2011-07-18) 12:12.10:926   [cocoon.manager.fop] (Unknown-URI) Unknown-Thread/MessageHandler: property 'fonts-family' ignored
ERROR   (2011-07-18) 12:12.10:939   [cocoon.manager.fop] (Unknown-URI) Unknown-Thread/MessageHandler: property 'fonts-family' ignored
ERROR   (2011-07-18) 12:12.10:941   [cocoon.manager.fop] (Unknown-URI) Unknown-Thread/MessageHandler: property 'fonts-family' ignored
ERROR   (2011-07-18) 12:12.10:941   [cocoon.manager.fop] (Unknown-URI) Unknown-Thread/MessageHandler: property 'fonts-family' ignored
ERROR   (2011-07-18) 12:12.10:942   [cocoon.manager.fop] (Unknown-URI) Unknown-Thread/MessageHandler: property 'fonts-family' ignored
ERROR   (2011-07-18) 12:12.10:942   [cocoon.manager.fop] (Unknown-URI) Unknown-Thread/MessageHandler: property 'fonts-family' ignored
ERROR   (2011-07-18) 12:12.10:942   [cocoon.manager.fop] (Unknown-URI) Unknown-Thread/MessageHandler: property 'fonts-family' ignored
ERROR   (2011-07-18) 12:12.10:947   [cocoon.manager.fop] (Unknown-URI) Unknown-Thread/MessageHandler: property 'fonts-family' ignored
ERROR   (2011-07-18) 12:12.10:951   [cocoon.manager.fop] (Unknown-URI) Unknown-Thread/MessageHandler: property 'fonts-family' ignored
ERROR   (2011-07-18) 12:12.10:951   [cocoon.manager.fop] (Unknown-URI) Unknown-Thread/MessageHandler: property 'fonts-family' ignored
ERROR   (2011-07-18) 12:12.10:952   [cocoon.manager.fop] (Unknown-URI) Unknown-Thread/MessageHandler: property 'fonts-family' ignored
ERROR   (2011-07-18) 12:12.10:952   [cocoon.manager.fop] (Unknown-URI) Unknown-Thread/MessageHandler: property 'fonts-family' ignored
ERROR   (2011-07-18) 12:12.10:952   [cocoon.manager.fop] (Unknown-URI) Unknown-Thread/MessageHandler: property 'fonts-family' ignored
ERROR   (2011-07-18) 12:12.10:952   [cocoon.manager.fop] (Unknown-URI) Unknown-Thread/MessageHandler: property 'fonts-family' ignored
ERROR   (2011-07-18) 12:12.10:953   [cocoon.manager.fop] (Unknown-URI) Unknown-Thread/MessageHandler: property 'fonts-family' ignored
ERROR   (2011-07-18) 12:12.10:953   [cocoon.manager.fop] (Unknown-URI) Unknown-Thread/MessageHandler: property 'fonts-family' ignored
ERROR   (2011-07-18) 12:12.10:955   [cocoon.manager.fop] (Unknown-URI) Unknown-Thread/MessageHandler: property 'fonts-family' ignored
ERROR   (2011-07-18) 12:12.10:956   [cocoon.manager.fop] (Unknown-URI) Unknown-Thread/MessageHandler: property 'fonts-family' ignored
ERROR   (2011-07-18) 12:12.10:960   [cocoon.manager.fop] (Unknown-URI) Unknown-Thread/MessageHandler: property 'fonts-family' ignored
ERROR   (2011-07-18) 12:12.10:962   [cocoon.manager.fop] (Unknown-URI) Unknown-Thread/MessageHandler: property 'fonts-family' ignored
ERROR   (2011-07-18) 12:12.10:963   [cocoon.manager.fop] (Unknown-URI) Unknown-Thread/MessageHandler: property 'fonts-family' ignored
ERROR   (2011-07-18) 12:12.10:965   [cocoon.manager.fop] (Unknown-URI) Unknown-Thread/MessageHandler: property 'fonts-family' ignored
ERROR   (2011-07-18) 12:12.10:967   [cocoon.manager.fop] (Unknown-URI) Unknown-Thread/MessageHandler: property 'fonts-family' ignored
ERROR   (2011-07-18) 12:12.10:972   [cocoon.manager.fop] (Unknown-URI) Unknown-Thread/MessageHandler: property 'fonts-family' ignored
ERROR   (2011-07-18) 12:12.10:974   [cocoon.manager.fop] (Unknown-URI) Unknown-Thread/MessageHandler: property 'fonts-family' ignored
ERROR   (2011-07-18) 12:12.10:976   [cocoon.manager.fop] (Unknown-URI) Unknown-Thread/MessageHandler: property 'fonts-family' ignored
ERROR   (2011-07-18) 12:12.10:976   [cocoon.manager.fop] (Unknown-URI) Unknown-Thread/MessageHandler: property 'fonts-family' ignored
ERROR   (2011-07-18) 12:12.10:976   [cocoon.manager.fop] (Unknown-URI) Unknown-Thread/MessageHandler: property 'fonts-family' ignored
ERROR   (2011-07-18) 12:12.10:977   [cocoon.manager.fop] (Unknown-URI) Unknown-Thread/MessageHandler: property 'fonts-family' ignored
ERROR   (2011-07-18) 12:12.10:979   [cocoon.manager.fop] (Unknown-URI) Unknown-Thread/MessageHandler: property 'fonts-family' ignored
ERROR   (2011-07-18) 12:12.10:980   [cocoon.manager.fop] (Unknown-URI) Unknown-Thread/MessageHandler: property 'fonts-family' ignored
ERROR   (2011-07-18) 12:12.10:981   [cocoon.manager.fop] (Unknown-URI) Unknown-Thread/MessageHandler: property 'fonts-family' ignored
ERROR   (2011-07-18) 12:12.11:221   [cocoon.manager.fop] (Unknown-URI) Unknown-Thread/MessageHandler: TrueType warning: Can't find cvt table
ERROR   (2011-07-18) 12:12.11:221   [cocoon.manager.fop] (Unknown-URI) Unknown-Thread/MessageHandler: TrueType warning: Can't find prep table
WARN    (2011-07-18) 12:12.11:373   [cocoon.manager] (Unknown-URI) Unknown-Thread/TraxErrorListener: file:/var/lib/jenkins/workspace/CDH3u1-CentOS-Hadoop-Tarball/hadoop20/hadoop-0.20.2-cdh3u1/src/docs/cn/src/documentation/skins/pelt/xslt/fo/../../../common/xslt/fo/document-to-fo.xsl:148:19
ERROR   (2011-07-18) 12:12.11:387   [cocoon.manager.fop] (Unknown-URI) Unknown-Thread/MessageHandler: property 'fonts-family' ignored
ERROR   (2011-07-18) 12:12.11:387   [cocoon.manager.fop] (Unknown-URI) Unknown-Thread/MessageHandler: property 'fonts-family' ignored
ERROR   (2011-07-18) 12:12.11:388   [cocoon.manager.fop] (Unknown-URI) Unknown-Thread/MessageHandler: property 'fonts-family' ignored
ERROR   (2011-07-18) 12:12.11:388   [cocoon.manager.fop] (Unknown-URI) Unknown-Thread/MessageHandler: property 'fonts-family' ignored
ERROR   (2011-07-18) 12:12.11:389   [cocoon.manager.fop] (Unknown-URI) Unknown-Thread/MessageHandler: property 'fonts-family' ignored
ERROR   (2011-07-18) 12:12.11:389   [cocoon.manager.fop] (Unknown-URI) Unknown-Thread/MessageHandler: property 'fonts-family' ignored
ERROR   (2011-07-18) 12:12.11:389   [cocoon.manager.fop] (Unknown-URI) Unknown-Thread/MessageHandler: property 'fonts-family' ignored
ERROR   (2011-07-18) 12:12.11:390   [cocoon.manager.fop] (Unknown-URI) Unknown-Thread/MessageHandler: property 'fonts-family' ignored
ERROR   (2011-07-18) 12:12.11:397   [cocoon.manager.fop] (Unknown-URI) Unknown-Thread/MessageHandler: property 'fonts-family' ignored
ERROR   (2011-07-18) 12:12.11:397   [cocoon.manager.fop] (Unknown-URI) Unknown-Thread/MessageHandler: property 'fonts-family' ignored
ERROR   (2011-07-18) 12:12.11:398   [cocoon.manager.fop] (Unknown-URI) Unknown-Thread/MessageHandler: property 'fonts-family' ignored
ERROR   (2011-07-18) 12:12.11:398   [cocoon.manager.fop] (Unknown-URI) Unknown-Thread/MessageHandler: property 'fonts-family' ignored
ERROR   (2011-07-18) 12:12.11:399   [cocoon.manager.fop] (Unknown-URI) Unknown-Thread/MessageHandler: property 'fonts-family' ignored
ERROR   (2011-07-18) 12:12.11:399   [cocoon.manager.fop] (Unknown-URI) Unknown-Thread/MessageHandler: property 'fonts-family' ignored
ERROR   (2011-07-18) 12:12.11:415   [cocoon.manager.fop] (Unknown-URI) Unknown-Thread/MessageHandler: property 'fonts-family' ignored
ERROR   (2011-07-18) 12:12.11:416   [cocoon.manager.fop] (Unknown-URI) Unknown-Thread/MessageHandler: property 'fonts-family' ignored
ERROR   (2011-07-18) 12:12.11:416   [cocoon.manager.fop] (Unknown-URI) Unknown-Thread/MessageHandler: property 'fonts-family' ignored
ERROR   (2011-07-18) 12:12.11:416   [cocoon.manager.fop] (Unknown-URI) Unknown-Thread/MessageHandler: property 'fonts-family' ignored
ERROR   (2011-07-18) 12:12.11:417   [cocoon.manager.fop] (Unknown-URI) Unknown-Thread/MessageHandler: property 'fonts-family' ignored
ERROR   (2011-07-18) 12:12.11:418   [cocoon.manager.fop] (Unknown-URI) Unknown-Thread/MessageHandler: property 'fonts-family' ignored
ERROR   (2011-07-18) 12:12.11:418   [cocoon.manager.fop] (Unknown-URI) Unknown-Thread/MessageHandler: property 'fonts-family' ignored
ERROR   (2011-07-18) 12:12.11:418   [cocoon.manager.fop] (Unknown-URI) Unknown-Thread/MessageHandler: property 'fonts-family' ignored
ERROR   (2011-07-18) 12:12.11:419   [cocoon.manager.fop] (Unknown-URI) Unknown-Thread/MessageHandler: property 'fonts-family' ignored
ERROR   (2011-07-18) 12:12.11:419   [cocoon.manager.fop] (Unknown-URI) Unknown-Thread/MessageHandler: property 'fonts-family' ignored
ERROR   (2011-07-18) 12:12.11:419   [cocoon.manager.fop] (Unknown-URI) Unknown-Thread/MessageHandler: property 'fonts-family' ignored
ERROR   (2011-07-18) 12:12.11:420   [cocoon.manager.fop] (Unknown-URI) Unknown-Thread/MessageHandler: property 'fonts-family' ignored
ERROR   (2011-07-18) 12:12.11:420   [cocoon.manager.fop] (Unknown-URI) Unknown-Thread/MessageHandler: property 'fonts-family' ignored
ERROR   (2011-07-18) 12:12.11:421   [cocoon.manager.fop] (Unknown-URI) Unknown-Thread/MessageHandler: property 'fonts-family' ignored
ERROR   (2011-07-18) 12:12.11:421   [cocoon.manager.fop] (Unknown-URI) Unknown-Thread/MessageHandler: property 'fonts-family' ignored
ERROR   (2011-07-18) 12:12.11:421   [cocoon.manager.fop] (Unknown-URI) Unknown-Thread/MessageHandler: property 'fonts-family' ignored
ERROR   (2011-07-18) 12:12.11:422   [cocoon.manager.fop] (Unknown-URI) Unknown-Thread/MessageHandler: property 'fonts-family' ignored
ERROR   (2011-07-18) 12:12.11:422   [cocoon.manager.fop] (Unknown-URI) Unknown-Thread/MessageHandler: property 'fonts-family' ignored
ERROR   (2011-07-18) 12:12.11:423   [cocoon.manager.fop] (Unknown-URI) Unknown-Thread/MessageHandler: property 'fonts-family' ignored
ERROR   (2011-07-18) 12:12.11:423   [cocoon.manager.fop] (Unknown-URI) Unknown-Thread/MessageHandler: property 'fonts-family' ignored
WARN    (2011-07-18) 12:12.11:483   [cocoon.manager.fop] (Unknown-URI) Unknown-Thread/Table: table-layout=auto is not supported, using fixed!
ERROR   (2011-07-18) 12:12.11:651   [cocoon.manager.fop] (Unknown-URI) Unknown-Thread/MessageHandler: TrueType warning: Can't find cvt table
ERROR   (2011-07-18) 12:12.11:652   [cocoon.manager.fop] (Unknown-URI) Unknown-Thread/MessageHandler: TrueType warning: Can't find prep table
WARN    (2011-07-18) 12:12.11:716   [cocoon.manager] (Unknown-URI) Unknown-Thread/TraxErrorListener: file:/var/lib/jenkins/workspace/CDH3u1-CentOS-Hadoop-Tarball/hadoop20/hadoop-0.20.2-cdh3u1/src/docs/cn/src/documentation/skins/pelt/xslt/fo/../../../common/xslt/fo/document-to-fo.xsl:148:19
ERROR   (2011-07-18) 12:12.11:788   [cocoon.manager.fop] (Unknown-URI) Unknown-Thread/MessageHandler: Error in space-after property value '6pt"': org.apache.fop.fo.expr.PropertyException: missing quote
WARN    (2011-07-18) 12:12.11:879   [cocoon.manager.fop] (Unknown-URI) Unknown-Thread/Table: table-layout=auto is not supported, using fixed!
ERROR   (2011-07-18) 12:12.12:282   [cocoon.manager.fop] (Unknown-URI) Unknown-Thread/MessageHandler: TrueType warning: Can't find cvt table
ERROR   (2011-07-18) 12:12.12:283   [cocoon.manager.fop] (Unknown-URI) Unknown-Thread/MessageHandler: TrueType warning: Can't find prep table
WARN    (2011-07-18) 12:12.12:654   [cocoon.manager] (Unknown-URI) Unknown-Thread/TraxErrorListener: file:/var/lib/jenkins/workspace/CDH3u1-CentOS-Hadoop-Tarball/hadoop20/hadoop-0.20.2-cdh3u1/src/docs/cn/src/documentation/skins/pelt/xslt/fo/../../../common/xslt/fo/document-to-fo.xsl:148:19
ERROR   (2011-07-18) 12:12.12:787   [cocoon.manager.fop] (Unknown-URI) Unknown-Thread/MessageHandler: TrueType warning: Can't find cvt table
ERROR   (2011-07-18) 12:12.12:788   [cocoon.manager.fop] (Unknown-URI) Unknown-Thread/MessageHandler: TrueType warning: Can't find prep table
WARN    (2011-07-18) 12:12.12:862   [cocoon.manager] (Unknown-URI) Unknown-Thread/TraxErrorListener: file:/var/lib/jenkins/workspace/CDH3u1-CentOS-Hadoop-Tarball/hadoop20/hadoop-0.20.2-cdh3u1/src/docs/cn/src/documentation/skins/pelt/xslt/fo/../../../common/xslt/fo/document-to-fo.xsl:148:19
ERROR   (2011-07-18) 12:12.12:879   [cocoon.manager.fop] (Unknown-URI) Unknown-Thread/MessageHandler: property 'fonts-family' ignored
ERROR   (2011-07-18) 12:12.12:879   [cocoon.manager.fop] (Unknown-URI) Unknown-Thread/MessageHandler: property 'fonts-family' ignored
WARN    (2011-07-18) 12:12.13:014   [cocoon.manager.fop] (Unknown-URI) Unknown-Thread/Table: table-layout=auto is not supported, using fixed!
ERROR   (2011-07-18) 12:12.13:170   [cocoon.manager.fop] (Unknown-URI) Unknown-Thread/MessageHandler: TrueType warning: Can't find cvt table
ERROR   (2011-07-18) 12:12.13:170   [cocoon.manager.fop] (Unknown-URI) Unknown-Thread/MessageHandler: TrueType warning: Can't find prep table
WARN    (2011-07-18) 12:12.13:425   [cocoon.manager] (Unknown-URI) Unknown-Thread/TraxErrorListener: file:/var/lib/jenkins/workspace/CDH3u1-CentOS-Hadoop-Tarball/hadoop20/hadoop-0.20.2-cdh3u1/src/docs/cn/src/documentation/skins/pelt/xslt/fo/../../../common/xslt/fo/document-to-fo.xsl:148:19
ERROR   (2011-07-18) 12:12.13:463   [cocoon.manager.fop] (Unknown-URI) Unknown-Thread/MessageHandler: property 'fonts-family' ignored
ERROR   (2011-07-18) 12:12.13:464   [cocoon.manager.fop] (Unknown-URI) Unknown-Thread/MessageHandler: property 'fonts-family' ignored
ERROR   (2011-07-18) 12:12.13:464   [cocoon.manager.fop] (Unknown-URI) Unknown-Thread/MessageHandler: property 'fonts-family' ignored
ERROR   (2011-07-18) 12:12.13:468   [cocoon.manager.fop] (Unknown-URI) Unknown-Thread/MessageHandler: property 'fonts-family' ignored
ERROR   (2011-07-18) 12:12.13:472   [cocoon.manager.fop] (Unknown-URI) Unknown-Thread/MessageHandler: property 'fonts-family' ignored
ERROR   (2011-07-18) 12:12.13:508   [cocoon.manager.fop] (Unknown-URI) Unknown-Thread/MessageHandler: property 'fonts-family' ignored
ERROR   (2011-07-18) 12:12.13:528   [cocoon.manager.fop] (Unknown-URI) Unknown-Thread/MessageHandler: property 'fonts-family' ignored
ERROR   (2011-07-18) 12:12.13:529   [cocoon.manager.fop] (Unknown-URI) Unknown-Thread/MessageHandler: property 'fonts-family' ignored
ERROR   (2011-07-18) 12:12.13:576   [cocoon.manager.fop] (Unknown-URI) Unknown-Thread/MessageHandler: property 'fonts-family' ignored
ERROR   (2011-07-18) 12:12.13:576   [cocoon.manager.fop] (Unknown-URI) Unknown-Thread/MessageHandler: property 'fonts-family' ignored
ERROR   (2011-07-18) 12:12.13:576   [cocoon.manager.fop] (Unknown-URI) Unknown-Thread/MessageHandler: property 'fonts-family' ignored
ERROR   (2011-07-18) 12:12.13:577   [cocoon.manager.fop] (Unknown-URI) Unknown-Thread/MessageHandler: property 'fonts-family' ignored
ERROR   (2011-07-18) 12:12.13:577   [cocoon.manager.fop] (Unknown-URI) Unknown-Thread/MessageHandler: property 'fonts-family' ignored
ERROR   (2011-07-18) 12:12.13:578   [cocoon.manager.fop] (Unknown-URI) Unknown-Thread/MessageHandler: property 'fonts-family' ignored
ERROR   (2011-07-18) 12:12.13:578   [cocoon.manager.fop] (Unknown-URI) Unknown-Thread/MessageHandler: property 'fonts-family' ignored
ERROR   (2011-07-18) 12:12.13:578   [cocoon.manager.fop] (Unknown-URI) Unknown-Thread/MessageHandler: property 'fonts-family' ignored
ERROR   (2011-07-18) 12:12.13:579   [cocoon.manager.fop] (Unknown-URI) Unknown-Thread/MessageHandler: property 'fonts-family' ignored
ERROR   (2011-07-18) 12:12.13:579   [cocoon.manager.fop] (Unknown-URI) Unknown-Thread/MessageHandler: property 'fonts-family' ignored
ERROR   (2011-07-18) 12:12.13:579   [cocoon.manager.fop] (Unknown-URI) Unknown-Thread/MessageHandler: property 'fonts-family' ignored
ERROR   (2011-07-18) 12:12.13:580   [cocoon.manager.fop] (Unknown-URI) Unknown-Thread/MessageHandler: property 'fonts-family' ignored
ERROR   (2011-07-18) 12:12.13:580   [cocoon.manager.fop] (Unknown-URI) Unknown-Thread/MessageHandler: property 'fonts-family' ignored
ERROR   (2011-07-18) 12:12.13:580   [cocoon.manager.fop] (Unknown-URI) Unknown-Thread/MessageHandler: property 'fonts-family' ignored
ERROR   (2011-07-18) 12:12.13:581   [cocoon.manager.fop] (Unknown-URI) Unknown-Thread/MessageHandler: property 'fonts-family' ignored
ERROR   (2011-07-18) 12:12.13:581   [cocoon.manager.fop] (Unknown-URI) Unknown-Thread/MessageHandler: property 'fonts-family' ignored
ERROR   (2011-07-18) 12:12.13:587   [cocoon.manager.fop] (Unknown-URI) Unknown-Thread/MessageHandler: property 'fonts-family' ignored
ERROR   (2011-07-18) 12:12.13:587   [cocoon.manager.fop] (Unknown-URI) Unknown-Thread/MessageHandler: property 'fonts-family' ignored
ERROR   (2011-07-18) 12:12.13:588   [cocoon.manager.fop] (Unknown-URI) Unknown-Thread/MessageHandler: property 'fonts-family' ignored
ERROR   (2011-07-18) 12:12.13:589   [cocoon.manager.fop] (Unknown-URI) Unknown-Thread/MessageHandler: property 'fonts-family' ignored
ERROR   (2011-07-18) 12:12.13:589   [cocoon.manager.fop] (Unknown-URI) Unknown-Thread/MessageHandler: property 'fonts-family' ignored
ERROR   (2011-07-18) 12:12.13:589   [cocoon.manager.fop] (Unknown-URI) Unknown-Thread/MessageHandler: property 'fonts-family' ignored
ERROR   (2011-07-18) 12:12.13:590   [cocoon.manager.fop] (Unknown-URI) Unknown-Thread/MessageHandler: property 'fonts-family' ignored
ERROR   (2011-07-18) 12:12.13:590   [cocoon.manager.fop] (Unknown-URI) Unknown-Thread/MessageHandler: property 'fonts-family' ignored
ERROR   (2011-07-18) 12:12.13:591   [cocoon.manager.fop] (Unknown-URI) Unknown-Thread/MessageHandler: property 'fonts-family' ignored
ERROR   (2011-07-18) 12:12.13:591   [cocoon.manager.fop] (Unknown-URI) Unknown-Thread/MessageHandler: property 'fonts-family' ignored
ERROR   (2011-07-18) 12:12.13:592   [cocoon.manager.fop] (Unknown-URI) Unknown-Thread/MessageHandler: property 'fonts-family' ignored
ERROR   (2011-07-18) 12:12.13:592   [cocoon.manager.fop] (Unknown-URI) Unknown-Thread/MessageHandler: property 'fonts-family' ignored
ERROR   (2011-07-18) 12:12.13:592   [cocoon.manager.fop] (Unknown-URI) Unknown-Thread/MessageHandler: property 'fonts-family' ignored
ERROR   (2011-07-18) 12:12.13:593   [cocoon.manager.fop] (Unknown-URI) Unknown-Thread/MessageHandler: property 'fonts-family' ignored
ERROR   (2011-07-18) 12:12.13:593   [cocoon.manager.fop] (Unknown-URI) Unknown-Thread/MessageHandler: property 'fonts-family' ignored
ERROR   (2011-07-18) 12:12.13:593   [cocoon.manager.fop] (Unknown-URI) Unknown-Thread/MessageHandler: property 'fonts-family' ignored
ERROR   (2011-07-18) 12:12.13:594   [cocoon.manager.fop] (Unknown-URI) Unknown-Thread/MessageHandler: property 'fonts-family' ignored
ERROR   (2011-07-18) 12:12.13:594   [cocoon.manager.fop] (Unknown-URI) Unknown-Thread/MessageHandler: property 'fonts-family' ignored
ERROR   (2011-07-18) 12:12.13:623   [cocoon.manager.fop] (Unknown-URI) Unknown-Thread/MessageHandler: property 'fonts-family' ignored
ERROR   (2011-07-18) 12:12.13:624   [cocoon.manager.fop] (Unknown-URI) Unknown-Thread/MessageHandler: property 'fonts-family' ignored
ERROR   (2011-07-18) 12:12.13:630   [cocoon.manager.fop] (Unknown-URI) Unknown-Thread/MessageHandler: property 'fonts-family' ignored
ERROR   (2011-07-18) 12:12.13:630   [cocoon.manager.fop] (Unknown-URI) Unknown-Thread/MessageHandler: property 'fonts-family' ignored
ERROR   (2011-07-18) 12:12.13:634   [cocoon.manager.fop] (Unknown-URI) Unknown-Thread/MessageHandler: property 'fonts-family' ignored
ERROR   (2011-07-18) 12:12.13:635   [cocoon.manager.fop] (Unknown-URI) Unknown-Thread/MessageHandler: property 'fonts-family' ignored
ERROR   (2011-07-18) 12:12.13:635   [cocoon.manager.fop] (Unknown-URI) Unknown-Thread/MessageHandler: property 'fonts-family' ignored
ERROR   (2011-07-18) 12:12.13:635   [cocoon.manager.fop] (Unknown-URI) Unknown-Thread/MessageHandler: property 'fonts-family' ignored
ERROR   (2011-07-18) 12:12.13:635   [cocoon.manager.fop] (Unknown-URI) Unknown-Thread/MessageHandler: property 'fonts-family' ignored
ERROR   (2011-07-18) 12:12.13:636   [cocoon.manager.fop] (Unknown-URI) Unknown-Thread/MessageHandler: property 'fonts-family' ignored
ERROR   (2011-07-18) 12:12.13:636   [cocoon.manager.fop] (Unknown-URI) Unknown-Thread/MessageHandler: property 'fonts-family' ignored
ERROR   (2011-07-18) 12:12.13:640   [cocoon.manager.fop] (Unknown-URI) Unknown-Thread/MessageHandler: property 'fonts-family' ignored
ERROR   (2011-07-18) 12:12.13:641   [cocoon.manager.fop] (Unknown-URI) Unknown-Thread/MessageHandler: property 'fonts-family' ignored
ERROR   (2011-07-18) 12:12.13:641   [cocoon.manager.fop] (Unknown-URI) Unknown-Thread/MessageHandler: property 'fonts-family' ignored
ERROR   (2011-07-18) 12:12.13:641   [cocoon.manager.fop] (Unknown-URI) Unknown-Thread/MessageHandler: property 'fonts-family' ignored
ERROR   (2011-07-18) 12:12.13:641   [cocoon.manager.fop] (Unknown-URI) Unknown-Thread/MessageHandler: property 'fonts-family' ignored
ERROR   (2011-07-18) 12:12.13:642   [cocoon.manager.fop] (Unknown-URI) Unknown-Thread/MessageHandler: property 'fonts-family' ignored
ERROR   (2011-07-18) 12:12.13:651   [cocoon.manager.fop] (Unknown-URI) Unknown-Thread/MessageHandler: property 'fonts-family' ignored
ERROR   (2011-07-18) 12:12.13:651   [cocoon.manager.fop] (Unknown-URI) Unknown-Thread/MessageHandler: property 'fonts-family' ignored
ERROR   (2011-07-18) 12:12.13:663   [cocoon.manager.fop] (Unknown-URI) Unknown-Thread/MessageHandler: property 'fonts-family' ignored
ERROR   (2011-07-18) 12:12.13:663   [cocoon.manager.fop] (Unknown-URI) Unknown-Thread/MessageHandler: property 'fonts-family' ignored
ERROR   (2011-07-18) 12:12.13:663   [cocoon.manager.fop] (Unknown-URI) Unknown-Thread/MessageHandler: property 'fonts-family' ignored
WARN    (2011-07-18) 12:12.13:761   [cocoon.manager.fop] (Unknown-URI) Unknown-Thread/Table: table-layout=auto is not supported, using fixed!
WARN    (2011-07-18) 12:12.13:763   [cocoon.manager.fop] (Unknown-URI) Unknown-Thread/Table: table-layout=auto is not supported, using fixed!
WARN    (2011-07-18) 12:12.13:766   [cocoon.manager.fop] (Unknown-URI) Unknown-Thread/Table: table-layout=auto is not supported, using fixed!
WARN    (2011-07-18) 12:12.13:767   [cocoon.manager.fop] (Unknown-URI) Unknown-Thread/Table: table-layout=auto is not supported, using fixed!
WARN    (2011-07-18) 12:12.13:768   [cocoon.manager.fop] (Unknown-URI) Unknown-Thread/Table: table-layout=auto is not supported, using fixed!
WARN    (2011-07-18) 12:12.13:769   [cocoon.manager.fop] (Unknown-URI) Unknown-Thread/Table: table-layout=auto is not supported, using fixed!
WARN    (2011-07-18) 12:12.13:772   [cocoon.manager.fop] (Unknown-URI) Unknown-Thread/Table: table-layout=auto is not supported, using fixed!
WARN    (2011-07-18) 12:12.13:773   [cocoon.manager.fop] (Unknown-URI) Unknown-Thread/Table: table-layout=auto is not supported, using fixed!
WARN    (2011-07-18) 12:12.13:777   [cocoon.manager.fop] (Unknown-URI) Unknown-Thread/Table: table-layout=auto is not supported, using fixed!
WARN    (2011-07-18) 12:12.13:780   [cocoon.manager.fop] (Unknown-URI) Unknown-Thread/Table: table-layout=auto is not supported, using fixed!
WARN    (2011-07-18) 12:12.13:786   [cocoon.manager.fop] (Unknown-URI) Unknown-Thread/Table: table-layout=auto is not supported, using fixed!
WARN    (2011-07-18) 12:12.13:788   [cocoon.manager.fop] (Unknown-URI) Unknown-Thread/Table: table-layout=auto is not supported, using fixed!
WARN    (2011-07-18) 12:12.13:792   [cocoon.manager.fop] (Unknown-URI) Unknown-Thread/Table: table-layout=auto is not supported, using fixed!
WARN    (2011-07-18) 12:12.13:793   [cocoon.manager.fop] (Unknown-URI) Unknown-Thread/Table: table-layout=auto is not supported, using fixed!
WARN    (2011-07-18) 12:12.13:794   [cocoon.manager.fop] (Unknown-URI) Unknown-Thread/Table: table-layout=auto is not supported, using fixed!
WARN    (2011-07-18) 12:12.13:800   [cocoon.manager.fop] (Unknown-URI) Unknown-Thread/Table: table-layout=auto is not supported, using fixed!
WARN    (2011-07-18) 12:12.13:803   [cocoon.manager.fop] (Unknown-URI) Unknown-Thread/Table: table-layout=auto is not supported, using fixed!
WARN    (2011-07-18) 12:12.13:804   [cocoon.manager.fop] (Unknown-URI) Unknown-Thread/Table: table-layout=auto is not supported, using fixed!
WARN    (2011-07-18) 12:12.13:810   [cocoon.manager.fop] (Unknown-URI) Unknown-Thread/Table: table-layout=auto is not supported, using fixed!
WARN    (2011-07-18) 12:12.13:811   [cocoon.manager.fop] (Unknown-URI) Unknown-Thread/Table: table-layout=auto is not supported, using fixed!
WARN    (2011-07-18) 12:12.13:813   [cocoon.manager.fop] (Unknown-URI) Unknown-Thread/Table: table-layout=auto is not supported, using fixed!
WARN    (2011-07-18) 12:12.13:817   [cocoon.manager.fop] (Unknown-URI) Unknown-Thread/Table: table-layout=auto is not supported, using fixed!
WARN    (2011-07-18) 12:12.13:819   [cocoon.manager.fop] (Unknown-URI) Unknown-Thread/Table: table-layout=auto is not supported, using fixed!
WARN    (2011-07-18) 12:12.13:826   [cocoon.manager.fop] (Unknown-URI) Unknown-Thread/Table: table-layout=auto is not supported, using fixed!
WARN    (2011-07-18) 12:12.13:833   [cocoon.manager.fop] (Unknown-URI) Unknown-Thread/Table: table-layout=auto is not supported, using fixed!
WARN    (2011-07-18) 12:12.13:835   [cocoon.manager.fop] (Unknown-URI) Unknown-Thread/Table: table-layout=auto is not supported, using fixed!
WARN    (2011-07-18) 12:12.13:839   [cocoon.manager.fop] (Unknown-URI) Unknown-Thread/Table: table-layout=auto is not supported, using fixed!
WARN    (2011-07-18) 12:12.13:886   [cocoon.manager.fop] (Unknown-URI) Unknown-Thread/Table: table-layout=auto is not supported, using fixed!
WARN    (2011-07-18) 12:12.13:919   [cocoon.manager.fop] (Unknown-URI) Unknown-Thread/Table: table-layout=auto is not supported, using fixed!
WARN    (2011-07-18) 12:12.13:922   [cocoon.manager.fop] (Unknown-URI) Unknown-Thread/Table: table-layout=auto is not supported, using fixed!
ERROR   (2011-07-18) 12:12.14:131   [cocoon.manager.fop] (Unknown-URI) Unknown-Thread/MessageHandler: TrueType warning: Can't find cvt table
ERROR   (2011-07-18) 12:12.14:131   [cocoon.manager.fop] (Unknown-URI) Unknown-Thread/MessageHandler: TrueType warning: Can't find prep table
WARN    (2011-07-18) 12:12.14:195   [cocoon.manager] (Unknown-URI) Unknown-Thread/TraxErrorListener: file:/var/lib/jenkins/workspace/CDH3u1-CentOS-Hadoop-Tarball/hadoop20/hadoop-0.20.2-cdh3u1/src/docs/cn/src/documentation/skins/pelt/xslt/fo/../../../common/xslt/fo/document-to-fo.xsl:148:19
ERROR   (2011-07-18) 12:12.14:564   [cocoon.manager.fop] (Unknown-URI) Unknown-Thread/MessageHandler: TrueType warning: Can't find cvt table
ERROR   (2011-07-18) 12:12.14:564   [cocoon.manager.fop] (Unknown-URI) Unknown-Thread/MessageHandler: TrueType warning: Can't find prep table
WARN    (2011-07-18) 12:12.14:703   [cocoon.manager] (Unknown-URI) Unknown-Thread/TraxErrorListener: file:/var/lib/jenkins/workspace/CDH3u1-CentOS-Hadoop-Tarball/hadoop20/hadoop-0.20.2-cdh3u1/src/docs/cn/src/documentation/skins/pelt/xslt/fo/../../../common/xslt/fo/document-to-fo.xsl:148:19
WARN    (2011-07-18) 12:12.14:769   [cocoon.manager.fop] (Unknown-URI) Unknown-Thread/Table: table-layout=auto is not supported, using fixed!
ERROR   (2011-07-18) 12:12.14:941   [cocoon.manager.fop] (Unknown-URI) Unknown-Thread/MessageHandler: TrueType warning: Can't find cvt table
ERROR   (2011-07-18) 12:12.14:942   [cocoon.manager.fop] (Unknown-URI) Unknown-Thread/MessageHandler: TrueType warning: Can't find prep table
WARN    (2011-07-18) 12:12.14:978   [cocoon.manager] (Unknown-URI) Unknown-Thread/CoreServiceManager: disposing of handler for unreleased component. role [org.apache.cocoon.components.treeprocessor.ProcessorComponentInfo]
WARN    (2011-07-18) 12:12.14:979   [cocoon.manager] (Unknown-URI) Unknown-Thread/CoreServiceManager: disposing of handler for unreleased component. role [org.apache.cocoon.components.treeprocessor.ProcessorComponentInfo]
WARN    (2011-07-18) 12:12.14:979   [cocoon.manager] (Unknown-URI) Unknown-Thread/CoreServiceManager: disposing of handler for unreleased component. role [org.apache.cocoon.components.treeprocessor.ProcessorComponentInfo]
WARN    (2011-07-18) 12:12.14:979   [cocoon.manager] (Unknown-URI) Unknown-Thread/CoreServiceManager: disposing of handler for unreleased component. role [org.apache.cocoon.components.treeprocessor.ProcessorComponentInfo]
WARN    (2011-07-18) 12:12.14:979   [cocoon.manager] (Unknown-URI) Unknown-Thread/CoreServiceManager: disposing of handler for unreleased component. role [org.apache.cocoon.components.treeprocessor.ProcessorComponentInfo]
WARN    (2011-07-18) 12:12.14:980   [cocoon.manager] (Unknown-URI) Unknown-Thread/CoreServiceManager: disposing of handler for unreleased component. role [org.apache.cocoon.components.treeprocessor.ProcessorComponentInfo]
WARN    (2011-07-18) 12:12.14:980   [cocoon.manager] (Unknown-URI) Unknown-Thread/CoreServiceManager: disposing of handler for unreleased component. role [org.apache.cocoon.components.treeprocessor.ProcessorComponentInfo]
WARN    (2011-07-18) 12:12.14:980   [cocoon.manager] (Unknown-URI) Unknown-Thread/CoreServiceManager: disposing of handler for unreleased component. role [org.apache.cocoon.components.treeprocessor.ProcessorComponentInfo]
WARN    (2011-07-18) 12:12.14:980   [cocoon.manager] (Unknown-URI) Unknown-Thread/CoreServiceManager: disposing of handler for unreleased component. role [org.apache.cocoon.components.treeprocessor.ProcessorComponentInfo]
WARN    (2011-07-18) 12:12.14:980   [cocoon.manager] (Unknown-URI) Unknown-Thread/CoreServiceManager: disposing of handler for unreleased component. role [org.apache.cocoon.components.treeprocessor.ProcessorComponentInfo]
WARN    (2011-07-18) 12:12.14:980   [cocoon.manager] (Unknown-URI) Unknown-Thread/CoreServiceManager: disposing of handler for unreleased component. role [org.apache.cocoon.components.treeprocessor.ProcessorComponentInfo]
WARN    (2011-07-18) 12:12.14:981   [cocoon.manager] (Unknown-URI) Unknown-Thread/CoreServiceManager: disposing of handler for unreleased component. role [org.apache.cocoon.components.treeprocessor.ProcessorComponentInfo]
WARN    (2011-07-18) 12:12.14:981   [cocoon.manager] (Unknown-URI) Unknown-Thread/CoreServiceManager: disposing of handler for unreleased component. role [org.apache.cocoon.components.treeprocessor.ProcessorComponentInfo]
WARN    (2011-07-18) 12:12.14:981   [cocoon.manager] (Unknown-URI) Unknown-Thread/CoreServiceManager: disposing of handler for unreleased component. role [org.apache.cocoon.selection.Selector/parameter]
WARN    (2011-07-18) 12:12.14:981   [cocoon.manager] (Unknown-URI) Unknown-Thread/CoreServiceManager: disposing of handler for unreleased component. role [org.apache.cocoon.acting.Action/sourcetype]
WARN    (2011-07-18) 12:12.14:981   [cocoon.manager] (Unknown-URI) Unknown-Thread/CoreServiceManager: disposing of handler for unreleased component. role [org.apache.cocoon.acting.ActionSelector]
WARN    (2011-07-18) 12:12.14:981   [cocoon.manager] (Unknown-URI) Unknown-Thread/CoreServiceManager: disposing of handler for unreleased component. role [org.apache.cocoon.selection.SelectorSelector]
WARN    (2011-07-18) 12:12.14:981   [cocoon.manager] (Unknown-URI) Unknown-Thread/CoreServiceManager: disposing of handler for unreleased component. role [org.apache.cocoon.components.treeprocessor.ProcessorComponentInfo]
WARN    (2011-07-18) 12:12.14:982   [cocoon.manager] (Unknown-URI) Unknown-Thread/CoreServiceManager: disposing of handler for unreleased component. role [org.apache.cocoon.components.treeprocessor.ProcessorComponentInfo]
WARN    (2011-07-18) 12:12.14:982   [cocoon.manager] (Unknown-URI) Unknown-Thread/CoreServiceManager: disposing of handler for unreleased component. role [org.apache.cocoon.components.treeprocessor.ProcessorComponentInfo]
WARN    (2011-07-18) 12:12.14:982   [cocoon.manager] (Unknown-URI) Unknown-Thread/CoreServiceManager: disposing of handler for unreleased component. role [org.apache.cocoon.components.treeprocessor.ProcessorComponentInfo]
WARN    (2011-07-18) 12:12.14:982   [cocoon.manager] (Unknown-URI) Unknown-Thread/CoreServiceManager: disposing of handler for unreleased component. role [org.apache.cocoon.acting.Action/locale]
WARN    (2011-07-18) 12:12.14:983   [cocoon.manager] (Unknown-URI) Unknown-Thread/CoreServiceManager: disposing of handler for unreleased component. role [org.apache.cocoon.selection.SelectorSelector]
WARN    (2011-07-18) 12:12.14:983   [cocoon.manager] (Unknown-URI) Unknown-Thread/CoreServiceManager: disposing of handler for unreleased component. role [org.apache.cocoon.acting.ActionSelector]
WARN    (2011-07-18) 12:12.14:983   [cocoon.manager] (Unknown-URI) Unknown-Thread/CoreServiceManager: disposing of handler for unreleased component. role [org.apache.cocoon.selection.Selector/config]
WARN    (2011-07-18) 12:12.18:204   [cocoon.manager] (Unknown-URI) Unknown-Thread/CoreServiceManager: disposing of handler for unreleased component. role [org.apache.cocoon.components.treeprocessor.ProcessorComponentInfo]
WARN    (2011-07-18) 12:12.18:204   [cocoon.manager] (Unknown-URI) Unknown-Thread/CoreServiceManager: disposing of handler for unreleased component. role [org.apache.excalibur.xml.sax.SAXParser]
WARN    (2011-07-18) 12:12.18:204   [cocoon.manager] (Unknown-URI) Unknown-Thread/CoreServiceManager: disposing of handler for unreleased component. role [org.apache.cocoon.components.modules.input.InputModuleSelector]
WARN    (2011-07-18) 12:12.18:204   [cocoon.manager] (Unknown-URI) Unknown-Thread/CoreServiceManager: disposing of handler for unreleased component. role [org.apache.excalibur.xml.xpath.XPathProcessor]
WARN    (2011-07-18) 12:12.18:204   [cocoon.manager] (Unknown-URI) Unknown-Thread/CoreServiceManager: disposing of handler for unreleased component. role [org.apache.excalibur.source.SourceResolver]
WARN    (2011-07-18) 12:12.18:204   [cocoon.manager] (Unknown-URI) Unknown-Thread/CoreServiceManager: disposing of handler for unreleased component. role [org.apache.excalibur.xml.EntityResolver]
